2020-09-20 02:27:14,057 INFO  DownloadService - Downloading "https://github.com/NsAveek/GraphView/archive/master.zip", attempt 3
2020-09-20 02:27:15,872 INFO  DownloadService - Downloaded https://github.com/NsAveek/GraphView/archive/master.zip, attempt 3
2020-09-20 02:27:15,872 INFO  DownloadService - Size of file "/var/folders/bq/vtzpc5ns5sg2cthy61lqpg3dfzgbys/T/1600543634052-0/master.zip": 288 KB
2020-09-20 02:27:15,872 INFO  ArchiveUtils - Checking entries [.gradle] in ZIP file...
2020-09-20 02:27:15,873 INFO  ArchiveUtils - Has entries [.gradle] in ZIP file /var/folders/bq/vtzpc5ns5sg2cthy61lqpg3dfzgbys/T/1600543634052-0/master.zip: true
2020-09-20 02:27:15,873 DEBUG ZipUtil - Extracting '/var/folders/bq/vtzpc5ns5sg2cthy61lqpg3dfzgbys/T/1600543634052-0/master.zip' into '/var/folders/bq/vtzpc5ns5sg2cthy61lqpg3dfzgbys/T/1600543634052-0/src'.
2020-09-20 02:27:15,894 INFO  FullProcessService - Size of directory with sources: 345 KB
2020-09-20 02:27:15,894 INFO  SysUtils - Execute command: [git, init, /var/folders/bq/vtzpc5ns5sg2cthy61lqpg3dfzgbys/T/1600543634052-0/src]
2020-09-20 02:27:15,922 INFO  SysUtils - Initialized empty Git repository in /private/var/folders/bq/vtzpc5ns5sg2cthy61lqpg3dfzgbys/T/1600543634052-0/src/.git/

2020-09-20 02:27:15,926 INFO  ProjectBuildService - Gradle wrapper(s): /var/folders/bq/vtzpc5ns5sg2cthy61lqpg3dfzgbys/T/1600543634052-0/src/GraphView-master/gradlew
2020-09-20 02:27:15,930 INFO  ProjectBuildService - Build script(s): /var/folders/bq/vtzpc5ns5sg2cthy61lqpg3dfzgbys/T/1600543634052-0/src/GraphView-master/aesthetic-graphview/build.gradle /var/folders/bq/vtzpc5ns5sg2cthy61lqpg3dfzgbys/T/1600543634052-0/src/GraphView-master/app/build.gradle /var/folders/bq/vtzpc5ns5sg2cthy61lqpg3dfzgbys/T/1600543634052-0/src/GraphView-master/build.gradle
2020-09-20 02:27:15,934 INFO  ProjectBuildService - All script(s): /var/folders/bq/vtzpc5ns5sg2cthy61lqpg3dfzgbys/T/1600543634052-0/src/GraphView-master/app/build.gradle /var/folders/bq/vtzpc5ns5sg2cthy61lqpg3dfzgbys/T/1600543634052-0/src/GraphView-master/aesthetic-graphview/build.gradle /var/folders/bq/vtzpc5ns5sg2cthy61lqpg3dfzgbys/T/1600543634052-0/src/GraphView-master/build.gradle /var/folders/bq/vtzpc5ns5sg2cthy61lqpg3dfzgbys/T/1600543634052-0/src/GraphView-master/settings.gradle
2020-09-20 02:27:15,935 INFO  ProjectBuildService - Remote scripts: none
2020-09-20 02:27:15,935 INFO  ProjectFixService - Fixing project...
2020-09-20 02:27:15,944 INFO  LocalPropertiesFixService - Created fake /var/folders/bq/vtzpc5ns5sg2cthy61lqpg3dfzgbys/T/1600543634052-0/src/GraphView-master/aesthetic-graphview/local.properties
2020-09-20 02:27:15,945 INFO  ProjectFixService - Build info for "/var/folders/bq/vtzpc5ns5sg2cthy61lqpg3dfzgbys/T/1600543634052-0/src/GraphView-master/aesthetic-graphview/build.gradle": [buildToolsVersion=30.0.0,compileSdkVersion=29,minSdkVersion=16,targetSdkVersion=29]
2020-09-20 02:27:15,946 INFO  ProjectFixService - Fixed build info for "/var/folders/bq/vtzpc5ns5sg2cthy61lqpg3dfzgbys/T/1600543634052-0/src/GraphView-master/aesthetic-graphview/build.gradle": [buildToolsVersion=28.0.0-rc1,compileSdkVersion=29,minSdkVersion=16,targetSdkVersion=29]
2020-09-20 02:27:15,947 INFO  LocalPropertiesFixService - Created fake /var/folders/bq/vtzpc5ns5sg2cthy61lqpg3dfzgbys/T/1600543634052-0/src/GraphView-master/app/local.properties
2020-09-20 02:27:15,948 INFO  ProjectFixService - Build info for "/var/folders/bq/vtzpc5ns5sg2cthy61lqpg3dfzgbys/T/1600543634052-0/src/GraphView-master/app/build.gradle": [buildToolsVersion=30.0.0,compileSdkVersion=29,minSdkVersion=16,targetSdkVersion=29]
2020-09-20 02:27:15,948 INFO  ProjectFixService - Fixed build info for "/var/folders/bq/vtzpc5ns5sg2cthy61lqpg3dfzgbys/T/1600543634052-0/src/GraphView-master/app/build.gradle": [buildToolsVersion=28.0.0-rc1,compileSdkVersion=29,minSdkVersion=16,targetSdkVersion=29]
2020-09-20 02:27:15,949 INFO  LocalPropertiesFixService - Created fake /var/folders/bq/vtzpc5ns5sg2cthy61lqpg3dfzgbys/T/1600543634052-0/src/GraphView-master/local.properties
2020-09-20 02:27:15,950 INFO  WrapperPropertiesFixService - Gradle wrapper: https://services.gradle.org/distributions/gradle-6.1.1-all.zip
2020-09-20 02:27:15,950 INFO  WrapperPropertiesFixService - Gradle wrapper was changed from "-all.zip" to "-bin.zip" (https://services.gradle.org/distributions/gradle-6.1.1-bin.zip)
2020-09-20 02:27:15,951 INFO  ProjectFixService - Build info for "/var/folders/bq/vtzpc5ns5sg2cthy61lqpg3dfzgbys/T/1600543634052-0/src/GraphView-master/build.gradle": [buildToolsVersion=28.0.0-rc1,compileSdkVersion=29,minSdkVersion=16,targetSdkVersion=29]
2020-09-20 02:27:15,951 INFO  ProjectFixService - Project was maybe fixed
2020-09-20 02:27:15,951 INFO  ProjectTaskService - Detecting possible tasks...
2020-09-20 02:27:15,952 INFO  SysUtils - Execute command: [/var/folders/bq/vtzpc5ns5sg2cthy61lqpg3dfzgbys/T/1600543634052-0/src/GraphView-master/gradlew, -b, /var/folders/bq/vtzpc5ns5sg2cthy61lqpg3dfzgbys/T/1600543634052-0/src/GraphView-master/aesthetic-graphview/build.gradle, -Dorg.gradle.daemon=false, -Dorg.gradle.daemon.performance.enable-monitoring=false, -Dorg.gradle.configureondemand=true, tasks]
2020-09-20 02:27:21,626 INFO  VirusProcessorServiceImpl - Queued project 8139 to scan viruses
2020-09-20 02:27:26,352 INFO  ProjectTaskService - Detected possible tasks: 64
2020-09-20 02:27:26,352 INFO  ProjectTaskService - Excluded tasks (15): lintDebug deviceCheck lint testReleaseUnitTest deviceAndroidTest uninstallDebugAndroidTest installDebugAndroidTest connectedCheck connectedDebugAndroidTest uninstallAll test check testDebugUnitTest connectedAndroidTest lintRelease
2020-09-20 02:27:26,353 INFO  SysUtils - Execute command: [/var/folders/bq/vtzpc5ns5sg2cthy61lqpg3dfzgbys/T/1600543634052-0/src/GraphView-master/gradlew, -b, /var/folders/bq/vtzpc5ns5sg2cthy61lqpg3dfzgbys/T/1600543634052-0/src/GraphView-master/aesthetic-graphview/build.gradle, -Dorg.gradle.daemon=false, -Dorg.gradle.daemon.performance.enable-monitoring=false, -Dorg.gradle.configureondemand=true, --stacktrace, -x, lintDebug, -x, deviceCheck, -x, lint, -x, testReleaseUnitTest, -x, deviceAndroidTest, -x, uninstallDebugAndroidTest, -x, installDebugAndroidTest, -x, connectedCheck, -x, connectedDebugAndroidTest, -x, uninstallAll, -x, test, -x, check, -x, testDebugUnitTest, -x, connectedAndroidTest, -x, lintRelease, build]
2020-09-20 02:27:48,766 INFO  SysUtils - Configuration on demand is an incubating feature.
WARNING: The specified Android SDK Build Tools version (28.0.0-rc1) is ignored, as it is below the minimum supported version (29.0.2) for Android Gradle Plugin 4.0.0.
Android SDK Build Tools 29.0.2 will be used.
To suppress this warning, remove "buildToolsVersion '28.0.0-rc1'" from your build.gradle file, as each version of the Android Gradle Plugin now has a default version of the build tools.
> Task :aesthetic-graphview:preBuild UP-TO-DATE
> Task :aesthetic-graphview:preDebugBuild UP-TO-DATE
> Task :aesthetic-graphview:mergeDebugJniLibFolders
> Task :aesthetic-graphview:mergeDebugNativeLibs
> Task :aesthetic-graphview:stripDebugDebugSymbols NO-SOURCE
> Task :aesthetic-graphview:copyDebugJniLibsProjectAndLocalJars
> Task :aesthetic-graphview:generateDebugBuildConfig
> Task :aesthetic-graphview:generateDebugResValues
> Task :aesthetic-graphview:mergeDebugShaders
> Task :aesthetic-graphview:compileDebugShaders NO-SOURCE
> Task :aesthetic-graphview:generateDebugAssets UP-TO-DATE
> Task :aesthetic-graphview:packageDebugAssets
> Task :aesthetic-graphview:packageDebugRenderscript NO-SOURCE
> Task :aesthetic-graphview:processDebugJavaRes NO-SOURCE
> Task :aesthetic-graphview:preReleaseBuild UP-TO-DATE
> Task :aesthetic-graphview:mergeReleaseJniLibFolders
> Task :aesthetic-graphview:generateReleaseBuildConfig
> Task :aesthetic-graphview:generateReleaseResValues
> Task :aesthetic-graphview:mergeReleaseNativeLibs
> Task :aesthetic-graphview:stripReleaseDebugSymbols NO-SOURCE
> Task :aesthetic-graphview:copyReleaseJniLibsProjectAndLocalJars
> Task :aesthetic-graphview:mergeReleaseShaders
> Task :aesthetic-graphview:compileReleaseShaders NO-SOURCE
> Task :aesthetic-graphview:generateReleaseAssets UP-TO-DATE
> Task :aesthetic-graphview:packageReleaseAssets
> Task :aesthetic-graphview:packageReleaseRenderscript NO-SOURCE
> Task :aesthetic-graphview:processReleaseJavaRes NO-SOURCE
> Task :aesthetic-graphview:prepareLintJarForPublish
> Task :aesthetic-graphview:javaPreCompileRelease
> Task :aesthetic-graphview:javaPreCompileDebug
> Task :aesthetic-graphview:processDebugManifest
> Task :aesthetic-graphview:processReleaseManifest
> Task :aesthetic-graphview:compileDebugAidl NO-SOURCE
> Task :aesthetic-graphview:compileDebugRenderscript NO-SOURCE
> Task :aesthetic-graphview:generateDebugResources
> Task :aesthetic-graphview:packageDebugResources
> Task :aesthetic-graphview:compileReleaseAidl NO-SOURCE
> Task :aesthetic-graphview:compileReleaseRenderscript NO-SOURCE
> Task :aesthetic-graphview:generateReleaseResources
> Task :aesthetic-graphview:packageReleaseResources
> Task :aesthetic-graphview:parseDebugLocalResources
> Task :aesthetic-graphview:parseReleaseLocalResources
> Task :aesthetic-graphview:generateDebugRFile

> Task :aesthetic-graphview:compileDebugKotlin
w: /private/var/folders/bq/vtzpc5ns5sg2cthy61lqpg3dfzgbys/T/1600543634052-0/src/GraphView-master/aesthetic-graphview/src/main/java/com/aveek/aesthetic_graphview/GraphView.kt: (179, 36): Parameter 'canvas' is never used
w: /private/var/folders/bq/vtzpc5ns5sg2cthy61lqpg3dfzgbys/T/1600543634052-0/src/GraphView-master/aesthetic-graphview/src/main/java/com/aveek/aesthetic_graphview/GraphView.kt: (227, 31): Variable 'initCoordinateY' initializer is redundant

> Task :aesthetic-graphview:compileDebugJavaWithJavac
> Task :aesthetic-graphview:extractDebugAnnotations
> Task :aesthetic-graphview:mergeDebugGeneratedProguardFiles
> Task :aesthetic-graphview:mergeDebugConsumerProguardFiles
> Task :aesthetic-graphview:compileDebugSources
> Task :aesthetic-graphview:mergeReleaseResources
> Task :aesthetic-graphview:mergeDebugJavaResource
> Task :aesthetic-graphview:syncDebugLibJars
> Task :aesthetic-graphview:bundleDebugAar
> Task :aesthetic-graphview:assembleDebug
> Task :aesthetic-graphview:generateReleaseRFile

> Task :aesthetic-graphview:compileReleaseKotlin
w: /private/var/folders/bq/vtzpc5ns5sg2cthy61lqpg3dfzgbys/T/1600543634052-0/src/GraphView-master/aesthetic-graphview/src/main/java/com/aveek/aesthetic_graphview/GraphView.kt: (179, 36): Parameter 'canvas' is never used
w: /private/var/folders/bq/vtzpc5ns5sg2cthy61lqpg3dfzgbys/T/1600543634052-0/src/GraphView-master/aesthetic-graphview/src/main/java/com/aveek/aesthetic_graphview/GraphView.kt: (227, 31): Variable 'initCoordinateY' initializer is redundant

> Task :aesthetic-graphview:compileReleaseJavaWithJavac
> Task :aesthetic-graphview:extractReleaseAnnotations
> Task :aesthetic-graphview:mergeReleaseGeneratedProguardFiles
> Task :aesthetic-graphview:mergeReleaseConsumerProguardFiles
> Task :aesthetic-graphview:compileReleaseSources
> Task :aesthetic-graphview:verifyReleaseResources
> Task :aesthetic-graphview:mergeReleaseJavaResource
> Task :aesthetic-graphview:syncReleaseLibJars
> Task :aesthetic-graphview:bundleReleaseAar
> Task :aesthetic-graphview:assembleRelease
> Task :aesthetic-graphview:assemble
> Task :aesthetic-graphview:build

BUILD SUCCESSFUL in 21s
43 actionable tasks: 43 executed

2020-09-20 02:27:48,818 INFO  ProjectTaskService - Detecting possible tasks...
2020-09-20 02:27:48,819 INFO  SysUtils - Execute command: [/var/folders/bq/vtzpc5ns5sg2cthy61lqpg3dfzgbys/T/1600543634052-0/src/GraphView-master/gradlew, -b, /var/folders/bq/vtzpc5ns5sg2cthy61lqpg3dfzgbys/T/1600543634052-0/src/GraphView-master/app/build.gradle, -Dorg.gradle.daemon=false, -Dorg.gradle.daemon.performance.enable-monitoring=false, -Dorg.gradle.configureondemand=true, tasks]
2020-09-20 02:27:55,469 INFO  ProjectTaskService - Detected possible tasks: 67
2020-09-20 02:27:55,470 INFO  ProjectTaskService - Excluded tasks (18): lintDebug deviceCheck lint testReleaseUnitTest uninstallRelease deviceAndroidTest uninstallDebugAndroidTest installDebugAndroidTest connectedCheck connectedDebugAndroidTest uninstallAll test check testDebugUnitTest connectedAndroidTest installDebug lintRelease uninstallDebug
2020-09-20 02:27:55,470 INFO  SysUtils - Execute command: [/var/folders/bq/vtzpc5ns5sg2cthy61lqpg3dfzgbys/T/1600543634052-0/src/GraphView-master/gradlew, -b, /var/folders/bq/vtzpc5ns5sg2cthy61lqpg3dfzgbys/T/1600543634052-0/src/GraphView-master/app/build.gradle, -Dorg.gradle.daemon=false, -Dorg.gradle.daemon.performance.enable-monitoring=false, -Dorg.gradle.configureondemand=true, --stacktrace, -x, lintDebug, -x, deviceCheck, -x, lint, -x, testReleaseUnitTest, -x, uninstallRelease, -x, deviceAndroidTest, -x, uninstallDebugAndroidTest, -x, installDebugAndroidTest, -x, connectedCheck, -x, connectedDebugAndroidTest, -x, uninstallAll, -x, test, -x, check, -x, testDebugUnitTest, -x, connectedAndroidTest, -x, installDebug, -x, lintRelease, -x, uninstallDebug, build]
2020-09-20 02:28:05,235 ERROR SysUtils - Could not process external command
org.apache.commons.exec.ExecuteException: Process exited with an error: 1 (Exit value: 1)
	at org.apache.commons.exec.DefaultExecutor.executeInternal(DefaultExecutor.java:404)
	at org.apache.commons.exec.DefaultExecutor.execute(DefaultExecutor.java:166)
	at com.github.vbauer.apkmaster.util.SysUtils.execute(SysUtils.java:67)
	at com.github.vbauer.apkmaster.util.SysUtils.executeSimple(SysUtils.java:43)
	at com.github.vbauer.apkmaster.service.assembly.ProjectBuildService.buildProject(ProjectBuildService.java:78)
	at com.github.vbauer.apkmaster.service.assembly.ProjectBuildService.buildProject(ProjectBuildService.java:64)
	at com.github.vbauer.apkmaster.service.assembly.ProjectBuildService.buildProject(ProjectBuildService.java:43)
	at com.github.vbauer.apkmaster.service.FullProcessService.build(FullProcessService.java:84)
	at com.github.vbauer.apkmaster.service.FullProcessService.process(FullProcessService.java:34)
	at com.github.vbauer.apkmaster.app.MainApplication.process(MainApplication.java:38)
	at com.github.vbauer.apkmaster.app.MainApplication.main(MainApplication.java:20)
	at sun.reflect.NativeMethodAccessorImpl.invoke0(Native Method)
	at sun.reflect.NativeMethodAccessorImpl.invoke(NativeMethodAccessorImpl.java:62)
	at sun.reflect.DelegatingMethodAccessorImpl.invoke(DelegatingMethodAccessorImpl.java:43)
	at java.lang.reflect.Method.invoke(Method.java:498)
	at com.android.arsenal.util.ReflectionUtils.invoke(ReflectionUtils.java:42)
	at com.android.arsenal.util.ApkMasterUtils.main(ApkMasterUtils.java:30)
	at com.android.arsenal.service.processor.impl.BuildProcessorServiceImpl.buildProject(BuildProcessorServiceImpl.java:197)
	at com.android.arsenal.service.processor.impl.BuildProcessorServiceImpl.build(BuildProcessorServiceImpl.java:131)
	at com.android.arsenal.service.processor.impl.BuildProcessorServiceImpl.lambda$createTasks$1(BuildProcessorServiceImpl.java:114)
	at java.util.concurrent.FutureTask.run(FutureTask.java:266)
	at java.util.concurrent.Executors$RunnableAdapter.call(Executors.java:511)
	at java.util.concurrent.FutureTask.run(FutureTask.java:266)
	at java.util.concurrent.ThreadPoolExecutor.runWorker(ThreadPoolExecutor.java:1149)
	at java.util.concurrent.ThreadPoolExecutor$Worker.run(ThreadPoolExecutor.java:624)
	at java.lang.Thread.run(Thread.java:748)
2020-09-20 02:28:05,236 INFO  SysUtils - Configuration on demand is an incubating feature.
WARNING: The specified Android SDK Build Tools version (28.0.0-rc1) is ignored, as it is below the minimum supported version (29.0.2) for Android Gradle Plugin 4.0.0.
Android SDK Build Tools 29.0.2 will be used.
To suppress this warning, remove "buildToolsVersion '28.0.0-rc1'" from your build.gradle file, as each version of the Android Gradle Plugin now has a default version of the build tools.
> Task :app:preBuild UP-TO-DATE
> Task :app:preDebugBuild UP-TO-DATE
> Task :app:compileDebugAidl NO-SOURCE
> Task :app:generateDebugBuildConfig
> Task :app:compileDebugRenderscript NO-SOURCE
> Task :app:generateDebugResValues
> Task :app:generateDebugResources
> Task :app:createDebugCompatibleScreenManifests
> Task :app:extractDeepLinksDebug
> Task :app:processDebugManifest
> Task :app:mergeDebugResources
> Task :app:processDebugResources FAILED
> Task :app:javaPreCompileDebug

FAILURE: Build failed with an exception.

* What went wrong:
Execution failed for task ':app:processDebugResources'.
> A failure occurred while executing com.android.build.gradle.internal.tasks.Workers$ActionFacade
   > Android resource linking failed
     /private/var/folders/bq/vtzpc5ns5sg2cthy61lqpg3dfzgbys/T/1600543634052-0/src/GraphView-master/app/src/main/res/values/styles.xml:3:5-8:13: AAPT: error: resource color/colorPrimary (aka com.example.graphviewapp:color/colorPrimary) not found.
         
     /private/var/folders/bq/vtzpc5ns5sg2cthy61lqpg3dfzgbys/T/1600543634052-0/src/GraphView-master/app/src/main/res/values/styles.xml:3:5-8:13: AAPT: error: resource color/colorPrimaryDark (aka com.example.graphviewapp:color/colorPrimaryDark) not found.
         
     /private/var/folders/bq/vtzpc5ns5sg2cthy61lqpg3dfzgbys/T/1600543634052-0/src/GraphView-master/app/src/main/res/values/styles.xml:3:5-8:13: AAPT: error: resource color/colorAccent (aka com.example.graphviewapp:color/colorAccent) not found.
         

* Try:
Run with --info or --debug option to get more log output. Run with --scan to get full insights.

* Exception is:
org.gradle.api.tasks.TaskExecutionException: Execution failed for task ':app:processDebugResources'.
	at org.gradle.api.internal.tasks.execution.ExecuteActionsTaskExecuter.lambda$executeIfValid$1(ExecuteActionsTaskExecuter.java:205)
	at org.gradle.internal.Try$Failure.ifSuccessfulOrElse(Try.java:263)
	at org.gradle.api.internal.tasks.execution.ExecuteActionsTaskExecuter.executeIfValid(ExecuteActionsTaskExecuter.java:203)
	at org.gradle.api.internal.tasks.execution.ExecuteActionsTaskExecuter.execute(ExecuteActionsTaskExecuter.java:184)
	at org.gradle.api.internal.tasks.execution.CleanupStaleOutputsExecuter.execute(CleanupStaleOutputsExecuter.java:109)
	at org.gradle.api.internal.tasks.execution.FinalizePropertiesTaskExecuter.execute(FinalizePropertiesTaskExecuter.java:46)
	at org.gradle.api.internal.tasks.execution.ResolveTaskExecutionModeExecuter.execute(ResolveTaskExecutionModeExecuter.java:62)
	at org.gradle.api.internal.tasks.execution.SkipTaskWithNoActionsExecuter.execute(SkipTaskWithNoActionsExecuter.java:57)
	at org.gradle.api.internal.tasks.execution.SkipOnlyIfTaskExecuter.execute(SkipOnlyIfTaskExecuter.java:56)
	at org.gradle.api.internal.tasks.execution.CatchExceptionTaskExecuter.execute(CatchExceptionTaskExecuter.java:36)
	at org.gradle.api.internal.tasks.execution.EventFiringTaskExecuter$1.executeTask(EventFiringTaskExecuter.java:77)
	at org.gradle.api.internal.tasks.execution.EventFiringTaskExecuter$1.call(EventFiringTaskExecuter.java:55)
	at org.gradle.api.internal.tasks.execution.EventFiringTaskExecuter$1.call(EventFiringTaskExecuter.java:52)
	at org.gradle.internal.operations.DefaultBuildOperationExecutor$CallableBuildOperationWorker.execute(DefaultBuildOperationExecutor.java:416)
	at org.gradle.internal.operations.DefaultBuildOperationExecutor$CallableBuildOperationWorker.execute(DefaultBuildOperationExecutor.java:406)
	at org.gradle.internal.operations.DefaultBuildOperationExecutor$1.execute(DefaultBuildOperationExecutor.java:165)
	at org.gradle.internal.operations.DefaultBuildOperationExecutor.execute(DefaultBuildOperationExecutor.java:250)
	at org.gradle.internal.operations.DefaultBuildOperationExecutor.execute(DefaultBuildOperationExecutor.java:158)
	at org.gradle.internal.operations.DefaultBuildOperationExecutor.call(DefaultBuildOperationExecutor.java:102)
	at org.gradle.internal.operations.DelegatingBuildOperationExecutor.call(DelegatingBuildOperationExecutor.java:36)
	at org.gradle.api.internal.tasks.execution.EventFiringTaskExecuter.execute(EventFiringTaskExecuter.java:52)
	at org.gradle.execution.plan.LocalTaskNodeExecutor.execute(LocalTaskNodeExecutor.java:41)
	at org.gradle.execution.taskgraph.DefaultTaskExecutionGraph$InvokeNodeExecutorsAction.execute(DefaultTaskExecutionGraph.java:372)
	at org.gradle.execution.taskgraph.DefaultTaskExecutionGraph$InvokeNodeExecutorsAction.execute(DefaultTaskExecutionGraph.java:359)
	at org.gradle.execution.taskgraph.DefaultTaskExecutionGraph$BuildOperationAwareExecutionAction.execute(DefaultTaskExecutionGraph.java:352)
	at org.gradle.execution.taskgraph.DefaultTaskExecutionGraph$BuildOperationAwareExecutionAction.execute(DefaultTaskExecutionGraph.java:338)
	at org.gradle.execution.plan.DefaultPlanExecutor$ExecutorWorker.lambda$run$0(DefaultPlanExecutor.java:127)
	at org.gradle.execution.plan.DefaultPlanExecutor$ExecutorWorker.execute(DefaultPlanExecutor.java:191)
	at org.gradle.execution.plan.DefaultPlanExecutor$ExecutorWorker.executeNextNode(DefaultPlanExecutor.java:182)
	at org.gradle.execution.plan.DefaultPlanExecutor$ExecutorWorker.run(DefaultPlanExecutor.java:124)
	at org.gradle.internal.concurrent.ExecutorPolicy$CatchAndRecordFailures.onExecute(ExecutorPolicy.java:64)
	at org.gradle.internal.concurrent.ManagedExecutorImpl$1.run(ManagedExecutorImpl.java:48)
	at org.gradle.internal.concurrent.ThreadFactoryImpl$ManagedThreadRunnable.run(ThreadFactoryImpl.java:56)
Caused by: com.android.ide.common.workers.WorkerExecutorException: 1 exception was raised by workers:
A failure occurred while executing com.android.build.gradle.internal.tasks.Workers$ActionFacade

	at com.android.build.gradle.internal.tasks.Workers$WorkerExecutorAdapter.await(Workers.kt:190)
	at com.android.build.gradle.internal.res.LinkApplicationAndroidResourcesTask.doFullTaskAction(LinkApplicationAndroidResourcesTask.kt:305)
	at com.android.build.gradle.internal.tasks.IncrementalTask.handleIncrementalInputs(IncrementalTask.kt:108)
	at com.android.build.gradle.internal.tasks.IncrementalTask.access$handleIncrementalInputs(IncrementalTask.kt:64)
	at com.android.build.gradle.internal.tasks.IncrementalTask$taskAction$$inlined$recordTaskAction$1.invoke(AndroidVariantTask.kt:73)
	at com.android.build.gradle.internal.tasks.IncrementalTask$taskAction$$inlined$recordTaskAction$1.invoke(AndroidVariantTask.kt:34)
	at com.android.build.gradle.internal.tasks.Blocks.recordSpan(Blocks.java:91)
	at com.android.build.gradle.internal.tasks.IncrementalTask.taskAction$gradle(IncrementalTask.kt:135)
	at org.gradle.internal.reflect.JavaMethod.invoke(JavaMethod.java:104)
	at org.gradle.api.internal.project.taskfactory.IncrementalTaskInputsTaskAction.doExecute(IncrementalTaskInputsTaskAction.java:47)
	at org.gradle.api.internal.project.taskfactory.StandardTaskAction.execute(StandardTaskAction.java:42)
	at org.gradle.api.internal.project.taskfactory.AbstractIncrementalTaskAction.execute(AbstractIncrementalTaskAction.java:25)
	at org.gradle.api.internal.project.taskfactory.StandardTaskAction.execute(StandardTaskAction.java:28)
	at org.gradle.api.internal.tasks.execution.ExecuteActionsTaskExecuter$3.run(ExecuteActionsTaskExecuter.java:568)
	at org.gradle.internal.operations.DefaultBuildOperationExecutor$RunnableBuildOperationWorker.execute(DefaultBuildOperationExecutor.java:402)
	at org.gradle.internal.operations.DefaultBuildOperationExecutor$RunnableBuildOperationWorker.execute(DefaultBuildOperationExecutor.java:394)
	at org.gradle.internal.operations.DefaultBuildOperationExecutor$1.execute(DefaultBuildOperationExecutor.java:165)
	at org.gradle.internal.operations.DefaultBuildOperationExecutor.execute(DefaultBuildOperationExecutor.java:250)
	at org.gradle.internal.operations.DefaultBuildOperationExecutor.execute(DefaultBuildOperationExecutor.java:158)
	at org.gradle.internal.operations.DefaultBuildOperationExecutor.run(DefaultBuildOperationExecutor.java:92)
	at org.gradle.internal.operations.DelegatingBuildOperationExecutor.run(DelegatingBuildOperationExecutor.java:31)
	at org.gradle.api.internal.tasks.execution.ExecuteActionsTaskExecuter.executeAction(ExecuteActionsTaskExecuter.java:553)
	at org.gradle.api.internal.tasks.execution.ExecuteActionsTaskExecuter.executeActions(ExecuteActionsTaskExecuter.java:536)
	at org.gradle.api.internal.tasks.execution.ExecuteActionsTaskExecuter.access$300(ExecuteActionsTaskExecuter.java:109)
	at org.gradle.api.internal.tasks.execution.ExecuteActionsTaskExecuter$TaskExecution.executeWithPreviousOutputFiles(ExecuteActionsTaskExecuter.java:276)
	at org.gradle.api.internal.tasks.execution.ExecuteActionsTaskExecuter$TaskExecution.execute(ExecuteActionsTaskExecuter.java:265)
	at org.gradle.internal.execution.steps.ExecuteStep.lambda$execute$0(ExecuteStep.java:32)
	at org.gradle.internal.execution.steps.ExecuteStep.execute(ExecuteStep.java:32)
	at org.gradle.internal.execution.steps.ExecuteStep.execute(ExecuteStep.java:26)
	at org.gradle.internal.execution.steps.CleanupOutputsStep.execute(CleanupOutputsStep.java:63)
	at org.gradle.internal.execution.steps.CleanupOutputsStep.execute(CleanupOutputsStep.java:35)
	at org.gradle.internal.execution.steps.ResolveInputChangesStep.execute(ResolveInputChangesStep.java:49)
	at org.gradle.internal.execution.steps.ResolveInputChangesStep.execute(ResolveInputChangesStep.java:34)
	at org.gradle.internal.execution.steps.CancelExecutionStep.execute(CancelExecutionStep.java:43)
	at org.gradle.internal.execution.steps.TimeoutStep.executeWithoutTimeout(TimeoutStep.java:73)
	at org.gradle.internal.execution.steps.TimeoutStep.execute(TimeoutStep.java:54)
	at org.gradle.internal.execution.steps.CatchExceptionStep.execute(CatchExceptionStep.java:34)
	at org.gradle.internal.execution.steps.CreateOutputsStep.execute(CreateOutputsStep.java:44)
	at org.gradle.internal.execution.steps.SnapshotOutputsStep.execute(SnapshotOutputsStep.java:54)
	at org.gradle.internal.execution.steps.SnapshotOutputsStep.execute(SnapshotOutputsStep.java:38)
	at org.gradle.internal.execution.steps.BroadcastChangingOutputsStep.execute(BroadcastChangingOutputsStep.java:49)
	at org.gradle.internal.execution.steps.CacheStep.executeWithoutCache(CacheStep.java:153)
	at org.gradle.internal.execution.steps.CacheStep.execute(CacheStep.java:67)
	at org.gradle.internal.execution.steps.CacheStep.execute(CacheStep.java:41)
	at org.gradle.internal.execution.steps.StoreExecutionStateStep.execute(StoreExecutionStateStep.java:44)
	at org.gradle.internal.execution.steps.StoreExecutionStateStep.execute(StoreExecutionStateStep.java:33)
	at org.gradle.internal.execution.steps.RecordOutputsStep.execute(RecordOutputsStep.java:38)
	at org.gradle.internal.execution.steps.RecordOutputsStep.execute(RecordOutputsStep.java:24)
	at org.gradle.internal.execution.steps.SkipUpToDateStep.executeBecause(SkipUpToDateStep.java:92)
	at org.gradle.internal.execution.steps.SkipUpToDateStep.lambda$execute$0(SkipUpToDateStep.java:85)
	at org.gradle.internal.execution.steps.SkipUpToDateStep.execute(SkipUpToDateStep.java:55)
	at org.gradle.internal.execution.steps.SkipUpToDateStep.execute(SkipUpToDateStep.java:39)
	at org.gradle.internal.execution.steps.ResolveChangesStep.execute(ResolveChangesStep.java:76)
	at org.gradle.internal.execution.steps.ResolveChangesStep.execute(ResolveChangesStep.java:37)
	at org.gradle.internal.execution.steps.legacy.MarkSnapshottingInputsFinishedStep.execute(MarkSnapshottingInputsFinishedStep.java:36)
	at org.gradle.internal.execution.steps.legacy.MarkSnapshottingInputsFinishedStep.execute(MarkSnapshottingInputsFinishedStep.java:26)
	at org.gradle.internal.execution.steps.ResolveCachingStateStep.execute(ResolveCachingStateStep.java:94)
	at org.gradle.internal.execution.steps.ResolveCachingStateStep.execute(ResolveCachingStateStep.java:49)
	at org.gradle.internal.execution.steps.CaptureStateBeforeExecutionStep.execute(CaptureStateBeforeExecutionStep.java:79)
	at org.gradle.internal.execution.steps.CaptureStateBeforeExecutionStep.execute(CaptureStateBeforeExecutionStep.java:53)
	at org.gradle.internal.execution.steps.ValidateStep.execute(ValidateStep.java:74)
	at org.gradle.internal.execution.steps.SkipEmptyWorkStep.lambda$execute$2(SkipEmptyWorkStep.java:78)
	at org.gradle.internal.execution.steps.SkipEmptyWorkStep.execute(SkipEmptyWorkStep.java:78)
	at org.gradle.internal.execution.steps.SkipEmptyWorkStep.execute(SkipEmptyWorkStep.java:34)
	at org.gradle.internal.execution.steps.legacy.MarkSnapshottingInputsStartedStep.execute(MarkSnapshottingInputsStartedStep.java:39)
	at org.gradle.internal.execution.steps.LoadExecutionStateStep.execute(LoadExecutionStateStep.java:40)
	at org.gradle.internal.execution.steps.LoadExecutionStateStep.execute(LoadExecutionStateStep.java:28)
	at org.gradle.internal.execution.impl.DefaultWorkExecutor.execute(DefaultWorkExecutor.java:33)
	at org.gradle.api.internal.tasks.execution.ExecuteActionsTaskExecuter.executeIfValid(ExecuteActionsTaskExecuter.java:192)
	... 30 more
Caused by: org.gradle.workers.internal.DefaultWorkerExecutor$WorkExecutionException: A failure occurred while executing com.android.build.gradle.internal.tasks.Workers$ActionFacade
	at org.gradle.workers.internal.DefaultWorkerExecutor$WorkItemExecution.waitForCompletion(DefaultWorkerExecutor.java:354)
	at org.gradle.internal.work.DefaultAsyncWorkTracker.waitForItemsAndGatherFailures(DefaultAsyncWorkTracker.java:142)
	at org.gradle.internal.work.DefaultAsyncWorkTracker.waitForItemsAndGatherFailures(DefaultAsyncWorkTracker.java:90)
	at org.gradle.internal.work.DefaultAsyncWorkTracker.waitForAll(DefaultAsyncWorkTracker.java:80)
	at org.gradle.internal.work.DefaultAsyncWorkTracker.waitForCompletion(DefaultAsyncWorkTracker.java:68)
	at org.gradle.workers.internal.DefaultWorkerExecutor.await(DefaultWorkerExecutor.java:258)
	at com.android.build.gradle.internal.tasks.Workers$WorkerExecutorAdapter.await(Workers.kt:188)
	... 98 more
Caused by: com.android.builder.internal.aapt.v2.Aapt2Exception: Android resource linking failed
/private/var/folders/bq/vtzpc5ns5sg2cthy61lqpg3dfzgbys/T/1600543634052-0/src/GraphView-master/app/src/main/res/values/styles.xml:3:5-8:13: AAPT: error: resource color/colorPrimary (aka com.example.graphviewapp:color/colorPrimary) not found.
    
/private/var/folders/bq/vtzpc5ns5sg2cthy61lqpg3dfzgbys/T/1600543634052-0/src/GraphView-master/app/src/main/res/values/styles.xml:3:5-8:13: AAPT: error: resource color/colorPrimaryDark (aka com.example.graphviewapp:color/colorPrimaryDark) not found.
    
/private/var/folders/bq/vtzpc5ns5sg2cthy61lqpg3dfzgbys/T/1600543634052-0/src/GraphView-master/app/src/main/res/values/styles.xml:3:5-8:13: AAPT: error: resource color/colorAccent (aka com.example.graphviewapp:color/colorAccent) not found.
    
	at com.android.builder.internal.aapt.v2.Aapt2Exception$Companion.create(Aapt2Exception.kt:45)
	at com.android.builder.internal.aapt.v2.Aapt2Exception$Companion.create$default(Aapt2Exception.kt:39)
	at com.android.build.gradle.internal.res.Aapt2ErrorUtils.rewriteException(Aapt2ErrorUtils.kt:195)
	at com.android.build.gradle.internal.res.Aapt2ErrorUtils.rewriteLinkException(Aapt2ErrorUtils.kt:126)
	at com.android.build.gradle.internal.res.LinkApplicationAndroidResourcesTask$AaptSplitInvoker.invokeAaptForSplit(LinkApplicationAndroidResourcesTask.kt:786)
	at com.android.build.gradle.internal.res.LinkApplicationAndroidResourcesTask$AaptSplitInvoker.run(LinkApplicationAndroidResourcesTask.kt:667)
	at com.android.build.gradle.internal.tasks.Workers$ActionFacade.run(Workers.kt:242)
	at org.gradle.workers.internal.AdapterWorkAction.execute(AdapterWorkAction.java:50)
	at org.gradle.workers.internal.DefaultWorkerServer.execute(DefaultWorkerServer.java:50)
	at org.gradle.workers.internal.NoIsolationWorkerFactory$1$1.create(NoIsolationWorkerFactory.java:63)
	at org.gradle.workers.internal.NoIsolationWorkerFactory$1$1.create(NoIsolationWorkerFactory.java:59)
	at org.gradle.internal.classloader.ClassLoaderUtils.executeInClassloader(ClassLoaderUtils.java:98)
	at org.gradle.workers.internal.NoIsolationWorkerFactory$1.lambda$execute$0(NoIsolationWorkerFactory.java:59)
	at org.gradle.workers.internal.AbstractWorker$1.call(AbstractWorker.java:44)
	at org.gradle.workers.internal.AbstractWorker$1.call(AbstractWorker.java:41)
	at org.gradle.internal.operations.DefaultBuildOperationExecutor$CallableBuildOperationWorker.execute(DefaultBuildOperationExecutor.java:416)
	at org.gradle.internal.operations.DefaultBuildOperationExecutor$CallableBuildOperationWorker.execute(DefaultBuildOperationExecutor.java:406)
	at org.gradle.internal.operations.DefaultBuildOperationExecutor$1.execute(DefaultBuildOperationExecutor.java:165)
	at org.gradle.internal.operations.DefaultBuildOperationExecutor.execute(DefaultBuildOperationExecutor.java:250)
	at org.gradle.internal.operations.DefaultBuildOperationExecutor.execute(DefaultBuildOperationExecutor.java:158)
	at org.gradle.internal.operations.DefaultBuildOperationExecutor.call(DefaultBuildOperationExecutor.java:102)
	at org.gradle.internal.operations.DelegatingBuildOperationExecutor.call(DelegatingBuildOperationExecutor.java:36)
	at org.gradle.workers.internal.AbstractWorker.executeWrappedInBuildOperation(AbstractWorker.java:41)
	at org.gradle.workers.internal.NoIsolationWorkerFactory$1.execute(NoIsolationWorkerFactory.java:53)
	at org.gradle.workers.internal.DefaultWorkerExecutor.lambda$submitWork$2(DefaultWorkerExecutor.java:200)
	at org.gradle.internal.work.DefaultConditionalExecutionQueue$ExecutionRunner.runExecution(DefaultConditionalExecutionQueue.java:215)
	at org.gradle.internal.work.DefaultConditionalExecutionQueue$ExecutionRunner.runBatch(DefaultConditionalExecutionQueue.java:164)
	at org.gradle.internal.work.DefaultConditionalExecutionQueue$ExecutionRunner.run(DefaultConditionalExecutionQueue.java:131)
	... 3 more


* Get more help at https://help.gradle.org

BUILD FAILED in 9s
8 actionable tasks: 8 executed

2020-09-20 02:28:05,303 INFO  ProjectTaskService - Detecting possible tasks...
2020-09-20 02:28:05,303 INFO  SysUtils - Execute command: [/var/folders/bq/vtzpc5ns5sg2cthy61lqpg3dfzgbys/T/1600543634052-0/src/GraphView-master/gradlew, -b, /var/folders/bq/vtzpc5ns5sg2cthy61lqpg3dfzgbys/T/1600543634052-0/src/GraphView-master/build.gradle, -Dorg.gradle.daemon=false, -Dorg.gradle.daemon.performance.enable-monitoring=false, -Dorg.gradle.configureondemand=true, tasks]
2020-09-20 02:28:13,693 INFO  ProjectTaskService - Detected possible tasks: 69
2020-09-20 02:28:13,693 INFO  ProjectTaskService - Excluded tasks (18): lintDebug deviceCheck lint testReleaseUnitTest uninstallRelease deviceAndroidTest uninstallDebugAndroidTest installDebugAndroidTest connectedCheck connectedDebugAndroidTest uninstallAll test check testDebugUnitTest connectedAndroidTest installDebug lintRelease uninstallDebug
2020-09-20 02:28:13,693 INFO  SysUtils - Execute command: [/var/folders/bq/vtzpc5ns5sg2cthy61lqpg3dfzgbys/T/1600543634052-0/src/GraphView-master/gradlew, -b, /var/folders/bq/vtzpc5ns5sg2cthy61lqpg3dfzgbys/T/1600543634052-0/src/GraphView-master/build.gradle, -Dorg.gradle.daemon=false, -Dorg.gradle.daemon.performance.enable-monitoring=false, -Dorg.gradle.configureondemand=true, --stacktrace, -x, lintDebug, -x, deviceCheck, -x, lint, -x, testReleaseUnitTest, -x, uninstallRelease, -x, deviceAndroidTest, -x, uninstallDebugAndroidTest, -x, installDebugAndroidTest, -x, connectedCheck, -x, connectedDebugAndroidTest, -x, uninstallAll, -x, test, -x, check, -x, testDebugUnitTest, -x, connectedAndroidTest, -x, installDebug, -x, lintRelease, -x, uninstallDebug, build]
2020-09-20 02:28:25,020 ERROR SysUtils - Could not process external command
org.apache.commons.exec.ExecuteException: Process exited with an error: 1 (Exit value: 1)
	at org.apache.commons.exec.DefaultExecutor.executeInternal(DefaultExecutor.java:404)
	at org.apache.commons.exec.DefaultExecutor.execute(DefaultExecutor.java:166)
	at com.github.vbauer.apkmaster.util.SysUtils.execute(SysUtils.java:67)
	at com.github.vbauer.apkmaster.util.SysUtils.executeSimple(SysUtils.java:43)
	at com.github.vbauer.apkmaster.service.assembly.ProjectBuildService.buildProject(ProjectBuildService.java:78)
	at com.github.vbauer.apkmaster.service.assembly.ProjectBuildService.buildProject(ProjectBuildService.java:64)
	at com.github.vbauer.apkmaster.service.assembly.ProjectBuildService.buildProject(ProjectBuildService.java:43)
	at com.github.vbauer.apkmaster.service.FullProcessService.build(FullProcessService.java:84)
	at com.github.vbauer.apkmaster.service.FullProcessService.process(FullProcessService.java:34)
	at com.github.vbauer.apkmaster.app.MainApplication.process(MainApplication.java:38)
	at com.github.vbauer.apkmaster.app.MainApplication.main(MainApplication.java:20)
	at sun.reflect.NativeMethodAccessorImpl.invoke0(Native Method)
	at sun.reflect.NativeMethodAccessorImpl.invoke(NativeMethodAccessorImpl.java:62)
	at sun.reflect.DelegatingMethodAccessorImpl.invoke(DelegatingMethodAccessorImpl.java:43)
	at java.lang.reflect.Method.invoke(Method.java:498)
	at com.android.arsenal.util.ReflectionUtils.invoke(ReflectionUtils.java:42)
	at com.android.arsenal.util.ApkMasterUtils.main(ApkMasterUtils.java:30)
	at com.android.arsenal.service.processor.impl.BuildProcessorServiceImpl.buildProject(BuildProcessorServiceImpl.java:197)
	at com.android.arsenal.service.processor.impl.BuildProcessorServiceImpl.build(BuildProcessorServiceImpl.java:131)
	at com.android.arsenal.service.processor.impl.BuildProcessorServiceImpl.lambda$createTasks$1(BuildProcessorServiceImpl.java:114)
	at java.util.concurrent.FutureTask.run(FutureTask.java:266)
	at java.util.concurrent.Executors$RunnableAdapter.call(Executors.java:511)
	at java.util.concurrent.FutureTask.run(FutureTask.java:266)
	at java.util.concurrent.ThreadPoolExecutor.runWorker(ThreadPoolExecutor.java:1149)
	at java.util.concurrent.ThreadPoolExecutor$Worker.run(ThreadPoolExecutor.java:624)
	at java.lang.Thread.run(Thread.java:748)
2020-09-20 02:28:25,020 INFO  SysUtils - Configuration on demand is an incubating feature.
WARNING: The specified Android SDK Build Tools version (28.0.0-rc1) is ignored, as it is below the minimum supported version (29.0.2) for Android Gradle Plugin 4.0.0.
Android SDK Build Tools 29.0.2 will be used.
To suppress this warning, remove "buildToolsVersion '28.0.0-rc1'" from your build.gradle file, as each version of the Android Gradle Plugin now has a default version of the build tools.
WARNING: The specified Android SDK Build Tools version (28.0.0-rc1) is ignored, as it is below the minimum supported version (29.0.2) for Android Gradle Plugin 4.0.0.
Android SDK Build Tools 29.0.2 will be used.
To suppress this warning, remove "buildToolsVersion '28.0.0-rc1'" from your build.gradle file, as each version of the Android Gradle Plugin now has a default version of the build tools.
> Task :aesthetic-graphview:preBuild UP-TO-DATE
> Task :aesthetic-graphview:preDebugBuild UP-TO-DATE
> Task :aesthetic-graphview:mergeDebugJniLibFolders UP-TO-DATE
> Task :aesthetic-graphview:compileDebugAidl NO-SOURCE
> Task :aesthetic-graphview:mergeDebugNativeLibs UP-TO-DATE
> Task :aesthetic-graphview:stripDebugDebugSymbols NO-SOURCE
> Task :aesthetic-graphview:copyDebugJniLibsProjectAndLocalJars UP-TO-DATE
> Task :aesthetic-graphview:generateDebugBuildConfig UP-TO-DATE
> Task :aesthetic-graphview:compileDebugRenderscript NO-SOURCE
> Task :aesthetic-graphview:generateDebugResValues UP-TO-DATE
> Task :aesthetic-graphview:generateDebugResources UP-TO-DATE
> Task :aesthetic-graphview:packageDebugResources UP-TO-DATE
> Task :aesthetic-graphview:parseDebugLocalResources UP-TO-DATE
> Task :aesthetic-graphview:processDebugManifest UP-TO-DATE
> Task :aesthetic-graphview:generateDebugRFile UP-TO-DATE
> Task :aesthetic-graphview:compileDebugKotlin UP-TO-DATE
> Task :aesthetic-graphview:javaPreCompileDebug UP-TO-DATE
> Task :aesthetic-graphview:compileDebugJavaWithJavac UP-TO-DATE
> Task :aesthetic-graphview:extractDebugAnnotations UP-TO-DATE
> Task :aesthetic-graphview:mergeDebugGeneratedProguardFiles UP-TO-DATE
> Task :aesthetic-graphview:mergeDebugConsumerProguardFiles UP-TO-DATE
> Task :aesthetic-graphview:mergeDebugShaders UP-TO-DATE
> Task :aesthetic-graphview:compileDebugShaders NO-SOURCE
> Task :aesthetic-graphview:generateDebugAssets UP-TO-DATE
> Task :aesthetic-graphview:packageDebugAssets UP-TO-DATE
> Task :aesthetic-graphview:packageDebugRenderscript NO-SOURCE
> Task :aesthetic-graphview:prepareLintJarForPublish UP-TO-DATE
> Task :aesthetic-graphview:processDebugJavaRes NO-SOURCE
> Task :aesthetic-graphview:mergeDebugJavaResource UP-TO-DATE
> Task :aesthetic-graphview:syncDebugLibJars UP-TO-DATE
> Task :aesthetic-graphview:bundleDebugAar UP-TO-DATE
> Task :aesthetic-graphview:compileDebugSources UP-TO-DATE
> Task :aesthetic-graphview:assembleDebug UP-TO-DATE
> Task :aesthetic-graphview:preReleaseBuild UP-TO-DATE
> Task :aesthetic-graphview:compileReleaseAidl NO-SOURCE
> Task :aesthetic-graphview:mergeReleaseJniLibFolders UP-TO-DATE
> Task :aesthetic-graphview:mergeReleaseNativeLibs UP-TO-DATE
> Task :aesthetic-graphview:stripReleaseDebugSymbols NO-SOURCE
> Task :aesthetic-graphview:copyReleaseJniLibsProjectAndLocalJars UP-TO-DATE
> Task :aesthetic-graphview:compileReleaseRenderscript NO-SOURCE
> Task :aesthetic-graphview:generateReleaseBuildConfig UP-TO-DATE
> Task :aesthetic-graphview:generateReleaseResValues UP-TO-DATE
> Task :aesthetic-graphview:generateReleaseResources UP-TO-DATE
> Task :aesthetic-graphview:packageReleaseResources UP-TO-DATE
> Task :aesthetic-graphview:parseReleaseLocalResources UP-TO-DATE
> Task :aesthetic-graphview:processReleaseManifest UP-TO-DATE
> Task :aesthetic-graphview:generateReleaseRFile UP-TO-DATE
> Task :aesthetic-graphview:compileReleaseKotlin UP-TO-DATE
> Task :aesthetic-graphview:javaPreCompileRelease UP-TO-DATE
> Task :aesthetic-graphview:compileReleaseJavaWithJavac UP-TO-DATE
> Task :aesthetic-graphview:extractReleaseAnnotations UP-TO-DATE
> Task :aesthetic-graphview:mergeReleaseGeneratedProguardFiles UP-TO-DATE
> Task :aesthetic-graphview:mergeReleaseConsumerProguardFiles UP-TO-DATE
> Task :aesthetic-graphview:mergeReleaseShaders UP-TO-DATE
> Task :aesthetic-graphview:compileReleaseShaders NO-SOURCE
> Task :aesthetic-graphview:generateReleaseAssets UP-TO-DATE
> Task :aesthetic-graphview:packageReleaseAssets UP-TO-DATE
> Task :aesthetic-graphview:packageReleaseRenderscript NO-SOURCE
> Task :aesthetic-graphview:processReleaseJavaRes NO-SOURCE
> Task :aesthetic-graphview:mergeReleaseJavaResource UP-TO-DATE
> Task :aesthetic-graphview:syncReleaseLibJars UP-TO-DATE
> Task :aesthetic-graphview:bundleReleaseAar UP-TO-DATE
> Task :aesthetic-graphview:compileReleaseSources UP-TO-DATE
> Task :app:preBuild UP-TO-DATE
> Task :app:preDebugBuild UP-TO-DATE
> Task :app:compileDebugAidl NO-SOURCE
> Task :app:generateDebugBuildConfig UP-TO-DATE
> Task :app:compileDebugRenderscript NO-SOURCE
> Task :aesthetic-graphview:mergeReleaseResources UP-TO-DATE
> Task :aesthetic-graphview:verifyReleaseResources UP-TO-DATE
> Task :aesthetic-graphview:assembleRelease UP-TO-DATE
> Task :aesthetic-graphview:assemble UP-TO-DATE
> Task :aesthetic-graphview:build
> Task :app:generateDebugResValues UP-TO-DATE
> Task :app:generateDebugResources UP-TO-DATE
> Task :app:mergeDebugResources UP-TO-DATE
> Task :app:createDebugCompatibleScreenManifests UP-TO-DATE
> Task :app:extractDeepLinksDebug UP-TO-DATE
> Task :app:processDebugManifest UP-TO-DATE
> Task :app:processDebugResources FAILED

FAILURE: Build failed with an exception.

* What went wrong:
Execution failed for task ':app:processDebugResources'.
> A failure occurred while executing com.android.build.gradle.internal.tasks.Workers$ActionFacade
   > Android resource linking failed
     /private/var/folders/bq/vtzpc5ns5sg2cthy61lqpg3dfzgbys/T/1600543634052-0/src/GraphView-master/app/src/main/res/values/styles.xml:3:5-8:13: AAPT: error: resource color/colorPrimary (aka com.example.graphviewapp:color/colorPrimary) not found.
         
     /private/var/folders/bq/vtzpc5ns5sg2cthy61lqpg3dfzgbys/T/1600543634052-0/src/GraphView-master/app/src/main/res/values/styles.xml:3:5-8:13: AAPT: error: resource color/colorPrimaryDark (aka com.example.graphviewapp:color/colorPrimaryDark) not found.
         
     /private/var/folders/bq/vtzpc5ns5sg2cthy61lqpg3dfzgbys/T/1600543634052-0/src/GraphView-master/app/src/main/res/values/styles.xml:3:5-8:13: AAPT: error: resource color/colorAccent (aka com.example.graphviewapp:color/colorAccent) not found.
         

* Try:
Run with --info or --debug option to get more log output. Run with --scan to get full insights.

* Exception is:
org.gradle.api.tasks.TaskExecutionException: Execution failed for task ':app:processDebugResources'.
	at org.gradle.api.internal.tasks.execution.ExecuteActionsTaskExecuter.lambda$executeIfValid$1(ExecuteActionsTaskExecuter.java:205)
	at org.gradle.internal.Try$Failure.ifSuccessfulOrElse(Try.java:263)
	at org.gradle.api.internal.tasks.execution.ExecuteActionsTaskExecuter.executeIfValid(ExecuteActionsTaskExecuter.java:203)
	at org.gradle.api.internal.tasks.execution.ExecuteActionsTaskExecuter.execute(ExecuteActionsTaskExecuter.java:184)
	at org.gradle.api.internal.tasks.execution.CleanupStaleOutputsExecuter.execute(CleanupStaleOutputsExecuter.java:109)
	at org.gradle.api.internal.tasks.execution.FinalizePropertiesTaskExecuter.execute(FinalizePropertiesTaskExecuter.java:46)
	at org.gradle.api.internal.tasks.execution.ResolveTaskExecutionModeExecuter.execute(ResolveTaskExecutionModeExecuter.java:62)
	at org.gradle.api.internal.tasks.execution.SkipTaskWithNoActionsExecuter.execute(SkipTaskWithNoActionsExecuter.java:57)
	at org.gradle.api.internal.tasks.execution.SkipOnlyIfTaskExecuter.execute(SkipOnlyIfTaskExecuter.java:56)
	at org.gradle.api.internal.tasks.execution.CatchExceptionTaskExecuter.execute(CatchExceptionTaskExecuter.java:36)
	at org.gradle.api.internal.tasks.execution.EventFiringTaskExecuter$1.executeTask(EventFiringTaskExecuter.java:77)
	at org.gradle.api.internal.tasks.execution.EventFiringTaskExecuter$1.call(EventFiringTaskExecuter.java:55)
	at org.gradle.api.internal.tasks.execution.EventFiringTaskExecuter$1.call(EventFiringTaskExecuter.java:52)
	at org.gradle.internal.operations.DefaultBuildOperationExecutor$CallableBuildOperationWorker.execute(DefaultBuildOperationExecutor.java:416)
	at org.gradle.internal.operations.DefaultBuildOperationExecutor$CallableBuildOperationWorker.execute(DefaultBuildOperationExecutor.java:406)
	at org.gradle.internal.operations.DefaultBuildOperationExecutor$1.execute(DefaultBuildOperationExecutor.java:165)
	at org.gradle.internal.operations.DefaultBuildOperationExecutor.execute(DefaultBuildOperationExecutor.java:250)
	at org.gradle.internal.operations.DefaultBuildOperationExecutor.execute(DefaultBuildOperationExecutor.java:158)
	at org.gradle.internal.operations.DefaultBuildOperationExecutor.call(DefaultBuildOperationExecutor.java:102)
	at org.gradle.internal.operations.DelegatingBuildOperationExecutor.call(DelegatingBuildOperationExecutor.java:36)
	at org.gradle.api.internal.tasks.execution.EventFiringTaskExecuter.execute(EventFiringTaskExecuter.java:52)
	at org.gradle.execution.plan.LocalTaskNodeExecutor.execute(LocalTaskNodeExecutor.java:41)
	at org.gradle.execution.taskgraph.DefaultTaskExecutionGraph$InvokeNodeExecutorsAction.execute(DefaultTaskExecutionGraph.java:372)
	at org.gradle.execution.taskgraph.DefaultTaskExecutionGraph$InvokeNodeExecutorsAction.execute(DefaultTaskExecutionGraph.java:359)
	at org.gradle.execution.taskgraph.DefaultTaskExecutionGraph$BuildOperationAwareExecutionAction.execute(DefaultTaskExecutionGraph.java:352)
	at org.gradle.execution.taskgraph.DefaultTaskExecutionGraph$BuildOperationAwareExecutionAction.execute(DefaultTaskExecutionGraph.java:338)
	at org.gradle.execution.plan.DefaultPlanExecutor$ExecutorWorker.lambda$run$0(DefaultPlanExecutor.java:127)
	at org.gradle.execution.plan.DefaultPlanExecutor$ExecutorWorker.execute(DefaultPlanExecutor.java:191)
	at org.gradle.execution.plan.DefaultPlanExecutor$ExecutorWorker.executeNextNode(DefaultPlanExecutor.java:182)
	at org.gradle.execution.plan.DefaultPlanExecutor$ExecutorWorker.run(DefaultPlanExecutor.java:124)
	at org.gradle.internal.concurrent.ExecutorPolicy$CatchAndRecordFailures.onExecute(ExecutorPolicy.java:64)
	at org.gradle.internal.concurrent.ManagedExecutorImpl$1.run(ManagedExecutorImpl.java:48)
	at org.gradle.internal.concurrent.ThreadFactoryImpl$ManagedThreadRunnable.run(ThreadFactoryImpl.java:56)
Caused by: com.android.ide.common.workers.WorkerExecutorException: 1 exception was raised by workers:
A failure occurred while executing com.android.build.gradle.internal.tasks.Workers$ActionFacade

	at com.android.build.gradle.internal.tasks.Workers$WorkerExecutorAdapter.await(Workers.kt:190)
	at com.android.build.gradle.internal.res.LinkApplicationAndroidResourcesTask.doFullTaskAction(LinkApplicationAndroidResourcesTask.kt:305)
	at com.android.build.gradle.internal.tasks.IncrementalTask.handleIncrementalInputs(IncrementalTask.kt:108)
	at com.android.build.gradle.internal.tasks.IncrementalTask.access$handleIncrementalInputs(IncrementalTask.kt:64)
	at com.android.build.gradle.internal.tasks.IncrementalTask$taskAction$$inlined$recordTaskAction$1.invoke(AndroidVariantTask.kt:73)
	at com.android.build.gradle.internal.tasks.IncrementalTask$taskAction$$inlined$recordTaskAction$1.invoke(AndroidVariantTask.kt:34)
	at com.android.build.gradle.internal.tasks.Blocks.recordSpan(Blocks.java:91)
	at com.android.build.gradle.internal.tasks.IncrementalTask.taskAction$gradle(IncrementalTask.kt:135)
	at org.gradle.internal.reflect.JavaMethod.invoke(JavaMethod.java:104)
	at org.gradle.api.internal.project.taskfactory.IncrementalTaskInputsTaskAction.doExecute(IncrementalTaskInputsTaskAction.java:47)
	at org.gradle.api.internal.project.taskfactory.StandardTaskAction.execute(StandardTaskAction.java:42)
	at org.gradle.api.internal.project.taskfactory.AbstractIncrementalTaskAction.execute(AbstractIncrementalTaskAction.java:25)
	at org.gradle.api.internal.project.taskfactory.StandardTaskAction.execute(StandardTaskAction.java:28)
	at org.gradle.api.internal.tasks.execution.ExecuteActionsTaskExecuter$3.run(ExecuteActionsTaskExecuter.java:568)
	at org.gradle.internal.operations.DefaultBuildOperationExecutor$RunnableBuildOperationWorker.execute(DefaultBuildOperationExecutor.java:402)
	at org.gradle.internal.operations.DefaultBuildOperationExecutor$RunnableBuildOperationWorker.execute(DefaultBuildOperationExecutor.java:394)
	at org.gradle.internal.operations.DefaultBuildOperationExecutor$1.execute(DefaultBuildOperationExecutor.java:165)
	at org.gradle.internal.operations.DefaultBuildOperationExecutor.execute(DefaultBuildOperationExecutor.java:250)
	at org.gradle.internal.operations.DefaultBuildOperationExecutor.execute(DefaultBuildOperationExecutor.java:158)
	at org.gradle.internal.operations.DefaultBuildOperationExecutor.run(DefaultBuildOperationExecutor.java:92)
	at org.gradle.internal.operations.DelegatingBuildOperationExecutor.run(DelegatingBuildOperationExecutor.java:31)
	at org.gradle.api.internal.tasks.execution.ExecuteActionsTaskExecuter.executeAction(ExecuteActionsTaskExecuter.java:553)
	at org.gradle.api.internal.tasks.execution.ExecuteActionsTaskExecuter.executeActions(ExecuteActionsTaskExecuter.java:536)
	at org.gradle.api.internal.tasks.execution.ExecuteActionsTaskExecuter.access$300(ExecuteActionsTaskExecuter.java:109)
	at org.gradle.api.internal.tasks.execution.ExecuteActionsTaskExecuter$TaskExecution.executeWithPreviousOutputFiles(ExecuteActionsTaskExecuter.java:276)
	at org.gradle.api.internal.tasks.execution.ExecuteActionsTaskExecuter$TaskExecution.execute(ExecuteActionsTaskExecuter.java:265)
	at org.gradle.internal.execution.steps.ExecuteStep.lambda$execute$0(ExecuteStep.java:32)
	at org.gradle.internal.execution.steps.ExecuteStep.execute(ExecuteStep.java:32)
	at org.gradle.internal.execution.steps.ExecuteStep.execute(ExecuteStep.java:26)
	at org.gradle.internal.execution.steps.CleanupOutputsStep.execute(CleanupOutputsStep.java:63)
	at org.gradle.internal.execution.steps.CleanupOutputsStep.execute(CleanupOutputsStep.java:35)
	at org.gradle.internal.execution.steps.ResolveInputChangesStep.execute(ResolveInputChangesStep.java:49)
	at org.gradle.internal.execution.steps.ResolveInputChangesStep.execute(ResolveInputChangesStep.java:34)
	at org.gradle.internal.execution.steps.CancelExecutionStep.execute(CancelExecutionStep.java:43)
	at org.gradle.internal.execution.steps.TimeoutStep.executeWithoutTimeout(TimeoutStep.java:73)
	at org.gradle.internal.execution.steps.TimeoutStep.execute(TimeoutStep.java:54)
	at org.gradle.internal.execution.steps.CatchExceptionStep.execute(CatchExceptionStep.java:34)
	at org.gradle.internal.execution.steps.CreateOutputsStep.execute(CreateOutputsStep.java:44)
	at org.gradle.internal.execution.steps.SnapshotOutputsStep.execute(SnapshotOutputsStep.java:54)
	at org.gradle.internal.execution.steps.SnapshotOutputsStep.execute(SnapshotOutputsStep.java:38)
	at org.gradle.internal.execution.steps.BroadcastChangingOutputsStep.execute(BroadcastChangingOutputsStep.java:49)
	at org.gradle.internal.execution.steps.CacheStep.executeWithoutCache(CacheStep.java:153)
	at org.gradle.internal.execution.steps.CacheStep.execute(CacheStep.java:67)
	at org.gradle.internal.execution.steps.CacheStep.execute(CacheStep.java:41)
	at org.gradle.internal.execution.steps.StoreExecutionStateStep.execute(StoreExecutionStateStep.java:44)
	at org.gradle.internal.execution.steps.StoreExecutionStateStep.execute(StoreExecutionStateStep.java:33)
	at org.gradle.internal.execution.steps.RecordOutputsStep.execute(RecordOutputsStep.java:38)
	at org.gradle.internal.execution.steps.RecordOutputsStep.execute(RecordOutputsStep.java:24)
	at org.gradle.internal.execution.steps.SkipUpToDateStep.executeBecause(SkipUpToDateStep.java:92)
	at org.gradle.internal.execution.steps.SkipUpToDateStep.lambda$execute$0(SkipUpToDateStep.java:85)
	at org.gradle.internal.execution.steps.SkipUpToDateStep.execute(SkipUpToDateStep.java:55)
	at org.gradle.internal.execution.steps.SkipUpToDateStep.execute(SkipUpToDateStep.java:39)
	at org.gradle.internal.execution.steps.ResolveChangesStep.execute(ResolveChangesStep.java:76)
	at org.gradle.internal.execution.steps.ResolveChangesStep.execute(ResolveChangesStep.java:37)
	at org.gradle.internal.execution.steps.legacy.MarkSnapshottingInputsFinishedStep.execute(MarkSnapshottingInputsFinishedStep.java:36)
	at org.gradle.internal.execution.steps.legacy.MarkSnapshottingInputsFinishedStep.execute(MarkSnapshottingInputsFinishedStep.java:26)
	at org.gradle.internal.execution.steps.ResolveCachingStateStep.execute(ResolveCachingStateStep.java:94)
	at org.gradle.internal.execution.steps.ResolveCachingStateStep.execute(ResolveCachingStateStep.java:49)
	at org.gradle.internal.execution.steps.CaptureStateBeforeExecutionStep.execute(CaptureStateBeforeExecutionStep.java:79)
	at org.gradle.internal.execution.steps.CaptureStateBeforeExecutionStep.execute(CaptureStateBeforeExecutionStep.java:53)
	at org.gradle.internal.execution.steps.ValidateStep.execute(ValidateStep.java:74)
	at org.gradle.internal.execution.steps.SkipEmptyWorkStep.lambda$execute$2(SkipEmptyWorkStep.java:78)
	at org.gradle.internal.execution.steps.SkipEmptyWorkStep.execute(SkipEmptyWorkStep.java:78)
	at org.gradle.internal.execution.steps.SkipEmptyWorkStep.execute(SkipEmptyWorkStep.java:34)
	at org.gradle.internal.execution.steps.legacy.MarkSnapshottingInputsStartedStep.execute(MarkSnapshottingInputsStartedStep.java:39)
	at org.gradle.internal.execution.steps.LoadExecutionStateStep.execute(LoadExecutionStateStep.java:40)
	at org.gradle.internal.execution.steps.LoadExecutionStateStep.execute(LoadExecutionStateStep.java:28)
	at org.gradle.internal.execution.impl.DefaultWorkExecutor.execute(DefaultWorkExecutor.java:33)
	at org.gradle.api.internal.tasks.execution.ExecuteActionsTaskExecuter.executeIfValid(ExecuteActionsTaskExecuter.java:192)
	... 30 more
Caused by: org.gradle.workers.internal.DefaultWorkerExecutor$WorkExecutionException: A failure occurred while executing com.android.build.gradle.internal.tasks.Workers$ActionFacade
	at org.gradle.workers.internal.DefaultWorkerExecutor$WorkItemExecution.waitForCompletion(DefaultWorkerExecutor.java:354)
	at org.gradle.internal.work.DefaultAsyncWorkTracker.waitForItemsAndGatherFailures(DefaultAsyncWorkTracker.java:142)
	at org.gradle.internal.work.DefaultAsyncWorkTracker.waitForItemsAndGatherFailures(DefaultAsyncWorkTracker.java:90)
	at org.gradle.internal.work.DefaultAsyncWorkTracker.waitForAll(DefaultAsyncWorkTracker.java:80)
	at org.gradle.internal.work.DefaultAsyncWorkTracker.waitForCompletion(DefaultAsyncWorkTracker.java:68)
	at org.gradle.workers.internal.DefaultWorkerExecutor.await(DefaultWorkerExecutor.java:258)
	at com.android.build.gradle.internal.tasks.Workers$WorkerExecutorAdapter.await(Workers.kt:188)
	... 98 more
Caused by: com.android.builder.internal.aapt.v2.Aapt2Exception: Android resource linking failed
/private/var/folders/bq/vtzpc5ns5sg2cthy61lqpg3dfzgbys/T/1600543634052-0/src/GraphView-master/app/src/main/res/values/styles.xml:3:5-8:13: AAPT: error: resource color/colorPrimary (aka com.example.graphviewapp:color/colorPrimary) not found.
    
/private/var/folders/bq/vtzpc5ns5sg2cthy61lqpg3dfzgbys/T/1600543634052-0/src/GraphView-master/app/src/main/res/values/styles.xml:3:5-8:13: AAPT: error: resource color/colorPrimaryDark (aka com.example.graphviewapp:color/colorPrimaryDark) not found.
    
/private/var/folders/bq/vtzpc5ns5sg2cthy61lqpg3dfzgbys/T/1600543634052-0/src/GraphView-master/app/src/main/res/values/styles.xml:3:5-8:13: AAPT: error: resource color/colorAccent (aka com.example.graphviewapp:color/colorAccent) not found.
    
	at com.android.builder.internal.aapt.v2.Aapt2Exception$Companion.create(Aapt2Exception.kt:45)
	at com.android.builder.internal.aapt.v2.Aapt2Exception$Companion.create$default(Aapt2Exception.kt:39)
	at com.android.build.gradle.internal.res.Aapt2ErrorUtils.rewriteException(Aapt2ErrorUtils.kt:195)
	at com.android.build.gradle.internal.res.Aapt2ErrorUtils.rewriteLinkException(Aapt2ErrorUtils.kt:126)
	at com.android.build.gradle.internal.res.LinkApplicationAndroidResourcesTask$AaptSplitInvoker.invokeAaptForSplit(LinkApplicationAndroidResourcesTask.kt:786)
	at com.android.build.gradle.internal.res.LinkApplicationAndroidResourcesTask$AaptSplitInvoker.run(LinkApplicationAndroidResourcesTask.kt:667)
	at com.android.build.gradle.internal.tasks.Workers$ActionFacade.run(Workers.kt:242)
	at org.gradle.workers.internal.AdapterWorkAction.execute(AdapterWorkAction.java:50)
	at org.gradle.workers.internal.DefaultWorkerServer.execute(DefaultWorkerServer.java:50)
	at org.gradle.workers.internal.NoIsolationWorkerFactory$1$1.create(NoIsolationWorkerFactory.java:63)
	at org.gradle.workers.internal.NoIsolationWorkerFactory$1$1.create(NoIsolationWorkerFactory.java:59)
	at org.gradle.internal.classloader.ClassLoaderUtils.executeInClassloader(ClassLoaderUtils.java:98)
	at org.gradle.workers.internal.NoIsolationWorkerFactory$1.lambda$execute$0(NoIsolationWorkerFactory.java:59)
	at org.gradle.workers.internal.AbstractWorker$1.call(AbstractWorker.java:44)
	at org.gradle.workers.internal.AbstractWorker$1.call(AbstractWorker.java:41)
	at org.gradle.internal.operations.DefaultBuildOperationExecutor$CallableBuildOperationWorker.execute(DefaultBuildOperationExecutor.java:416)
	at org.gradle.internal.operations.DefaultBuildOperationExecutor$CallableBuildOperationWorker.execute(DefaultBuildOperationExecutor.java:406)
	at org.gradle.internal.operations.DefaultBuildOperationExecutor$1.execute(DefaultBuildOperationExecutor.java:165)
	at org.gradle.internal.operations.DefaultBuildOperationExecutor.execute(DefaultBuildOperationExecutor.java:250)
	at org.gradle.internal.operations.DefaultBuildOperationExecutor.execute(DefaultBuildOperationExecutor.java:158)
	at org.gradle.internal.operations.DefaultBuildOperationExecutor.call(DefaultBuildOperationExecutor.java:102)
	at org.gradle.internal.operations.DelegatingBuildOperationExecutor.call(DelegatingBuildOperationExecutor.java:36)
	at org.gradle.workers.internal.AbstractWorker.executeWrappedInBuildOperation(AbstractWorker.java:41)
	at org.gradle.workers.internal.NoIsolationWorkerFactory$1.execute(NoIsolationWorkerFactory.java:53)
	at org.gradle.workers.internal.DefaultWorkerExecutor.lambda$submitWork$2(DefaultWorkerExecutor.java:200)
	at org.gradle.internal.work.DefaultConditionalExecutionQueue$ExecutionRunner.runExecution(DefaultConditionalExecutionQueue.java:215)
	at org.gradle.internal.work.DefaultConditionalExecutionQueue$ExecutionRunner.runBatch(DefaultConditionalExecutionQueue.java:164)
	at org.gradle.internal.work.DefaultConditionalExecutionQueue$ExecutionRunner.run(DefaultConditionalExecutionQueue.java:131)
	... 3 more


* Get more help at https://help.gradle.org

BUILD FAILED in 10s
50 actionable tasks: 1 executed, 49 up-to-date

2020-09-20 02:28:25,082 ERROR FullProcessService - Project build has not produced APK file
2020-09-20 02:28:25,142 ERROR FullProcessService - Could not find generated or existed APK file
