2020-08-31 21:21:59,938 INFO  DownloadService - Downloading "https://github.com/chnouman/AwesomeDialog/archive/master.zip", attempt 3
2020-08-31 21:22:59,942 INFO  GithubDownloadService - Could not find ZIP archive for master branch
2020-08-31 21:23:01,086 INFO  GithubDownloadService - Default branch of this repository: master
2020-08-31 21:23:01,086 INFO  DownloadService - Downloading "https://github.com/chnouman/AwesomeDialog/archive/master.zip", attempt 3
2020-08-31 21:24:02,358 DEBUG FullProcessService - Repository https://github.com/chnouman/AwesomeDialog available: true
2020-08-31 21:24:02,358 INFO  FullProcessService - Could not download ZIP file from Github, lets clone it
2020-08-31 21:24:02,359 INFO  SysUtils - Execute command: [git, clone, -q, --single-branch, --depth, 1, https://github.com/chnouman/AwesomeDialog, /var/folders/bq/vtzpc5ns5sg2cthy61lqpg3dfzgbys/T/1598883719933-0/src]
2020-08-31 21:24:08,041 INFO  SysUtils - 
2020-08-31 21:24:08,052 INFO  GitService - Deleted "/var/folders/bq/vtzpc5ns5sg2cthy61lqpg3dfzgbys/T/1598883719933-0/src/.git": true
2020-08-31 21:24:08,055 INFO  FullProcessService - Size of directory with sources: 10 MB
2020-08-31 21:24:08,055 INFO  SysUtils - Execute command: [git, init, /var/folders/bq/vtzpc5ns5sg2cthy61lqpg3dfzgbys/T/1598883719933-0/src]
2020-08-31 21:24:08,076 INFO  SysUtils - Initialized empty Git repository in /private/var/folders/bq/vtzpc5ns5sg2cthy61lqpg3dfzgbys/T/1598883719933-0/src/.git/

2020-08-31 21:24:08,079 INFO  ProjectBuildService - Gradle wrapper(s): /var/folders/bq/vtzpc5ns5sg2cthy61lqpg3dfzgbys/T/1598883719933-0/src/gradlew
2020-08-31 21:24:08,083 INFO  ProjectBuildService - Build script(s): /var/folders/bq/vtzpc5ns5sg2cthy61lqpg3dfzgbys/T/1598883719933-0/src/app/build.gradle /var/folders/bq/vtzpc5ns5sg2cthy61lqpg3dfzgbys/T/1598883719933-0/src/awesomeDialog/build.gradle /var/folders/bq/vtzpc5ns5sg2cthy61lqpg3dfzgbys/T/1598883719933-0/src/build.gradle
2020-08-31 21:24:08,086 INFO  ProjectBuildService - All script(s): /var/folders/bq/vtzpc5ns5sg2cthy61lqpg3dfzgbys/T/1598883719933-0/src/app/build.gradle /var/folders/bq/vtzpc5ns5sg2cthy61lqpg3dfzgbys/T/1598883719933-0/src/awesomeDialog/build.gradle /var/folders/bq/vtzpc5ns5sg2cthy61lqpg3dfzgbys/T/1598883719933-0/src/build.gradle /var/folders/bq/vtzpc5ns5sg2cthy61lqpg3dfzgbys/T/1598883719933-0/src/settings.gradle
2020-08-31 21:24:08,086 INFO  ProjectBuildService - Remote scripts: none
2020-08-31 21:24:08,086 INFO  ProjectFixService - Fixing project...
2020-08-31 21:24:08,095 INFO  LocalPropertiesFixService - Created fake /var/folders/bq/vtzpc5ns5sg2cthy61lqpg3dfzgbys/T/1598883719933-0/src/app/local.properties
2020-08-31 21:24:08,095 INFO  ProjectFixService - Build info for "/var/folders/bq/vtzpc5ns5sg2cthy61lqpg3dfzgbys/T/1598883719933-0/src/app/build.gradle": [buildToolsVersion=30.0.0,compileSdkVersion=30,minSdkVersion=21,targetSdkVersion=30]
2020-08-31 21:24:08,096 INFO  ProjectFixService - Fixed build info for "/var/folders/bq/vtzpc5ns5sg2cthy61lqpg3dfzgbys/T/1598883719933-0/src/app/build.gradle": [buildToolsVersion=28.0.0-rc1,compileSdkVersion=29,minSdkVersion=21,targetSdkVersion=29]
2020-08-31 21:24:08,098 INFO  LocalPropertiesFixService - Created fake /var/folders/bq/vtzpc5ns5sg2cthy61lqpg3dfzgbys/T/1598883719933-0/src/awesomeDialog/local.properties
2020-08-31 21:24:08,098 INFO  ProjectFixService - Build info for "/var/folders/bq/vtzpc5ns5sg2cthy61lqpg3dfzgbys/T/1598883719933-0/src/awesomeDialog/build.gradle": [buildToolsVersion=30.0.0,compileSdkVersion=30,minSdkVersion=15,targetSdkVersion=30]
2020-08-31 21:24:08,098 INFO  ProjectFixService - Fixed build info for "/var/folders/bq/vtzpc5ns5sg2cthy61lqpg3dfzgbys/T/1598883719933-0/src/awesomeDialog/build.gradle": [buildToolsVersion=28.0.0-rc1,compileSdkVersion=29,minSdkVersion=15,targetSdkVersion=29]
2020-08-31 21:24:08,100 INFO  LocalPropertiesFixService - Created fake /var/folders/bq/vtzpc5ns5sg2cthy61lqpg3dfzgbys/T/1598883719933-0/src/local.properties
2020-08-31 21:24:08,100 INFO  WrapperPropertiesFixService - Gradle wrapper: https://services.gradle.org/distributions/gradle-6.1.1-all.zip
2020-08-31 21:24:08,101 INFO  WrapperPropertiesFixService - Gradle wrapper was changed from "-all.zip" to "-bin.zip" (https://services.gradle.org/distributions/gradle-6.1.1-bin.zip)
2020-08-31 21:24:08,102 INFO  ProjectFixService - Build info for "/var/folders/bq/vtzpc5ns5sg2cthy61lqpg3dfzgbys/T/1598883719933-0/src/build.gradle": [buildToolsVersion=28.0.0-rc1,compileSdkVersion=29,minSdkVersion=21,targetSdkVersion=29]
2020-08-31 21:24:08,102 INFO  ProjectFixService - Project was maybe fixed
2020-08-31 21:24:08,102 INFO  ProjectTaskService - Detecting possible tasks...
2020-08-31 21:24:08,102 INFO  SysUtils - Execute command: [/var/folders/bq/vtzpc5ns5sg2cthy61lqpg3dfzgbys/T/1598883719933-0/src/gradlew, -b, /var/folders/bq/vtzpc5ns5sg2cthy61lqpg3dfzgbys/T/1598883719933-0/src/app/build.gradle, -Dorg.gradle.daemon=false, -Dorg.gradle.daemon.performance.enable-monitoring=false, -Dorg.gradle.configureondemand=true, tasks]
2020-08-31 21:24:26,633 INFO  ProjectTaskService - Detected possible tasks: 67
2020-08-31 21:24:26,633 INFO  ProjectTaskService - Excluded tasks (18): lintDebug deviceCheck lint testReleaseUnitTest uninstallRelease deviceAndroidTest uninstallDebugAndroidTest installDebugAndroidTest connectedCheck connectedDebugAndroidTest uninstallAll test check testDebugUnitTest connectedAndroidTest installDebug lintRelease uninstallDebug
2020-08-31 21:24:26,634 INFO  SysUtils - Execute command: [/var/folders/bq/vtzpc5ns5sg2cthy61lqpg3dfzgbys/T/1598883719933-0/src/gradlew, -b, /var/folders/bq/vtzpc5ns5sg2cthy61lqpg3dfzgbys/T/1598883719933-0/src/app/build.gradle, -Dorg.gradle.daemon=false, -Dorg.gradle.daemon.performance.enable-monitoring=false, -Dorg.gradle.configureondemand=true, --stacktrace, -x, lintDebug, -x, deviceCheck, -x, lint, -x, testReleaseUnitTest, -x, uninstallRelease, -x, deviceAndroidTest, -x, uninstallDebugAndroidTest, -x, installDebugAndroidTest, -x, connectedCheck, -x, connectedDebugAndroidTest, -x, uninstallAll, -x, test, -x, check, -x, testDebugUnitTest, -x, connectedAndroidTest, -x, installDebug, -x, lintRelease, -x, uninstallDebug, build]
2020-08-31 21:25:11,517 ERROR SysUtils - Could not process external command
org.apache.commons.exec.ExecuteException: Process exited with an error: 1 (Exit value: 1)
	at org.apache.commons.exec.DefaultExecutor.executeInternal(DefaultExecutor.java:404)
	at org.apache.commons.exec.DefaultExecutor.execute(DefaultExecutor.java:166)
	at com.github.vbauer.apkmaster.util.SysUtils.execute(SysUtils.java:67)
	at com.github.vbauer.apkmaster.util.SysUtils.executeSimple(SysUtils.java:43)
	at com.github.vbauer.apkmaster.service.assembly.ProjectBuildService.buildProject(ProjectBuildService.java:78)
	at com.github.vbauer.apkmaster.service.assembly.ProjectBuildService.buildProject(ProjectBuildService.java:64)
	at com.github.vbauer.apkmaster.service.assembly.ProjectBuildService.buildProject(ProjectBuildService.java:43)
	at com.github.vbauer.apkmaster.service.FullProcessService.build(FullProcessService.java:84)
	at com.github.vbauer.apkmaster.service.FullProcessService.process(FullProcessService.java:34)
	at com.github.vbauer.apkmaster.app.MainApplication.process(MainApplication.java:38)
	at com.github.vbauer.apkmaster.app.MainApplication.main(MainApplication.java:20)
	at sun.reflect.NativeMethodAccessorImpl.invoke0(Native Method)
	at sun.reflect.NativeMethodAccessorImpl.invoke(NativeMethodAccessorImpl.java:62)
	at sun.reflect.DelegatingMethodAccessorImpl.invoke(DelegatingMethodAccessorImpl.java:43)
	at java.lang.reflect.Method.invoke(Method.java:498)
	at com.android.arsenal.util.ReflectionUtils.invoke(ReflectionUtils.java:42)
	at com.android.arsenal.util.ApkMasterUtils.main(ApkMasterUtils.java:30)
	at com.android.arsenal.service.processor.impl.BuildProcessorServiceImpl.buildProject(BuildProcessorServiceImpl.java:197)
	at com.android.arsenal.service.processor.impl.BuildProcessorServiceImpl.build(BuildProcessorServiceImpl.java:131)
	at com.android.arsenal.service.processor.impl.BuildProcessorServiceImpl.lambda$createTasks$1(BuildProcessorServiceImpl.java:114)
	at java.util.concurrent.FutureTask.run(FutureTask.java:266)
	at java.util.concurrent.Executors$RunnableAdapter.call(Executors.java:511)
	at java.util.concurrent.FutureTask.run(FutureTask.java:266)
	at java.util.concurrent.ThreadPoolExecutor.runWorker(ThreadPoolExecutor.java:1149)
	at java.util.concurrent.ThreadPoolExecutor$Worker.run(ThreadPoolExecutor.java:624)
	at java.lang.Thread.run(Thread.java:748)
2020-08-31 21:25:11,518 INFO  SysUtils - Configuration on demand is an incubating feature.
WARNING: The specified Android SDK Build Tools version (28.0.0-rc1) is ignored, as it is below the minimum supported version (29.0.2) for Android Gradle Plugin 4.0.1.
Android SDK Build Tools 29.0.2 will be used.
To suppress this warning, remove "buildToolsVersion '28.0.0-rc1'" from your build.gradle file, as each version of the Android Gradle Plugin now has a default version of the build tools.
> Task :app:preBuild UP-TO-DATE
> Task :app:preDebugBuild UP-TO-DATE
> Task :app:generateDebugBuildConfig
> Task :app:compileDebugAidl NO-SOURCE
> Task :app:compileDebugRenderscript NO-SOURCE
> Task :app:generateDebugResValues
> Task :app:generateDebugResources
> Task :app:createDebugCompatibleScreenManifests
> Task :app:extractDeepLinksDebug
> Task :app:processDebugManifest
> Task :app:mergeDebugResources
> Task :app:processDebugResources
> Task :app:compileDebugKotlin
> Task :app:javaPreCompileDebug
> Task :app:compileDebugJavaWithJavac
> Task :app:compileDebugSources
> Task :app:mergeDebugShaders
> Task :app:compileDebugShaders NO-SOURCE
> Task :app:generateDebugAssets UP-TO-DATE
> Task :app:mergeDebugAssets
> Task :app:processDebugJavaRes NO-SOURCE
> Task :app:mergeDebugJavaResource
> Task :app:checkDebugDuplicateClasses
> Task :app:dexBuilderDebug
> Task :app:mergeLibDexDebug
> Task :app:mergeDebugJniLibFolders
> Task :app:validateSigningDebug
> Task :app:preReleaseBuild UP-TO-DATE
> Task :app:compileReleaseAidl NO-SOURCE
> Task :app:compileReleaseRenderscript NO-SOURCE
> Task :app:generateReleaseBuildConfig
> Task :app:generateReleaseResValues
> Task :app:generateReleaseResources
> Task :app:mergeProjectDexDebug
> Task :app:createReleaseCompatibleScreenManifests
> Task :app:extractDeepLinksRelease
> Task :app:mergeDebugNativeLibs
> Task :app:stripDebugDebugSymbols NO-SOURCE
> Task :app:processReleaseManifest
> Task :app:mergeReleaseResources
> Task :app:processReleaseResources
> Task :app:compileReleaseKotlin
> Task :app:javaPreCompileRelease
> Task :app:compileReleaseJavaWithJavac
> Task :app:compileReleaseSources
> Task :app:prepareLintJar
> Task :app:checkReleaseDuplicateClasses
> Task :app:lintVitalRelease
> Task :app:dexBuilderRelease
> Task :app:mergeReleaseShaders
> Task :app:compileReleaseShaders NO-SOURCE
> Task :app:generateReleaseAssets UP-TO-DATE
> Task :app:mergeReleaseAssets
> Task :app:processReleaseJavaRes NO-SOURCE
> Task :app:collectReleaseDependencies
> Task :app:sdkReleaseDependencyData
> Task :app:mergeReleaseJniLibFolders
> Task :app:mergeReleaseJavaResource
> Task :app:mergeReleaseNativeLibs
> Task :app:stripReleaseDebugSymbols NO-SOURCE
> Task :app:mergeExtDexDebug
> Task :app:packageDebug
> Task :app:assembleDebug
> Task :app:mergeExtDexRelease

> Task :app:mergeDexRelease FAILED
/private/var/folders/bq/vtzpc5ns5sg2cthy61lqpg3dfzgbys/T/1598883719933-0/src/app/build/intermediates/project_dex_archive/release/out/com/example/awesomedialog/BuildConfig.dex: D8: Type com.example.awesomedialog.BuildConfig is defined multiple times: /private/var/folders/bq/vtzpc5ns5sg2cthy61lqpg3dfzgbys/T/1598883719933-0/src/app/build/intermediates/project_dex_archive/release/out/com/example/awesomedialog/BuildConfig.dex, /private/var/folders/bq/vtzpc5ns5sg2cthy61lqpg3dfzgbys/T/1598883719933-0/src/app/build/intermediates/external_libs_dex/release/mergeExtDexRelease/classes.dex
com.android.builder.dexing.DexArchiveMergerException: Error while merging dex archives: 
Type com.example.awesomedialog.BuildConfig is defined multiple times: /private/var/folders/bq/vtzpc5ns5sg2cthy61lqpg3dfzgbys/T/1598883719933-0/src/app/build/intermediates/project_dex_archive/release/out/com/example/awesomedialog/BuildConfig.dex, /private/var/folders/bq/vtzpc5ns5sg2cthy61lqpg3dfzgbys/T/1598883719933-0/src/app/build/intermediates/external_libs_dex/release/mergeExtDexRelease/classes.dex
Learn how to resolve the issue at https://developer.android.com/studio/build/dependencies#duplicate_classes.
	at com.android.builder.dexing.D8DexArchiveMerger.getExceptionToRethrow(D8DexArchiveMerger.java:132)
	at com.android.builder.dexing.D8DexArchiveMerger.mergeDexArchives(D8DexArchiveMerger.java:119)
	at com.android.build.gradle.internal.transforms.DexMergerTransformCallable.call(DexMergerTransformCallable.java:102)
	at com.android.build.gradle.internal.tasks.DexMergingTaskRunnable.run(DexMergingTask.kt:441)
	at com.android.build.gradle.internal.tasks.Workers$ActionFacade.run(Workers.kt:242)
	at org.gradle.workers.internal.AdapterWorkAction.execute(AdapterWorkAction.java:50)
	at org.gradle.workers.internal.DefaultWorkerServer.execute(DefaultWorkerServer.java:50)
	at org.gradle.workers.internal.NoIsolationWorkerFactory$1$1.create(NoIsolationWorkerFactory.java:63)
	at org.gradle.workers.internal.NoIsolationWorkerFactory$1$1.create(NoIsolationWorkerFactory.java:59)
	at org.gradle.internal.classloader.ClassLoaderUtils.executeInClassloader(ClassLoaderUtils.java:98)
	at org.gradle.workers.internal.NoIsolationWorkerFactory$1.lambda$execute$0(NoIsolationWorkerFactory.java:59)
	at org.gradle.workers.internal.AbstractWorker$1.call(AbstractWorker.java:44)
	at org.gradle.workers.internal.AbstractWorker$1.call(AbstractWorker.java:41)
	at org.gradle.internal.operations.DefaultBuildOperationExecutor$CallableBuildOperationWorker.execute(DefaultBuildOperationExecutor.java:416)
	at org.gradle.internal.operations.DefaultBuildOperationExecutor$CallableBuildOperationWorker.execute(DefaultBuildOperationExecutor.java:406)
	at org.gradle.internal.operations.DefaultBuildOperationExecutor$1.execute(DefaultBuildOperationExecutor.java:165)
	at org.gradle.internal.operations.DefaultBuildOperationExecutor.execute(DefaultBuildOperationExecutor.java:250)
	at org.gradle.internal.operations.DefaultBuildOperationExecutor.execute(DefaultBuildOperationExecutor.java:158)
	at org.gradle.internal.operations.DefaultBuildOperationExecutor.call(DefaultBuildOperationExecutor.java:102)
	at org.gradle.internal.operations.DelegatingBuildOperationExecutor.call(DelegatingBuildOperationExecutor.java:36)
	at org.gradle.workers.internal.AbstractWorker.executeWrappedInBuildOperation(AbstractWorker.java:41)
	at org.gradle.workers.internal.NoIsolationWorkerFactory$1.execute(NoIsolationWorkerFactory.java:53)
	at org.gradle.workers.internal.DefaultWorkerExecutor.lambda$submitWork$2(DefaultWorkerExecutor.java:200)
	at java.util.concurrent.FutureTask.run(FutureTask.java:266)
	at org.gradle.internal.work.DefaultConditionalExecutionQueue$ExecutionRunner.runExecution(DefaultConditionalExecutionQueue.java:215)
	at org.gradle.internal.work.DefaultConditionalExecutionQueue$ExecutionRunner.runBatch(DefaultConditionalExecutionQueue.java:164)
	at org.gradle.internal.work.DefaultConditionalExecutionQueue$ExecutionRunner.run(DefaultConditionalExecutionQueue.java:131)
	at java.util.concurrent.Executors$RunnableAdapter.call(Executors.java:511)
	at java.util.concurrent.FutureTask.run(FutureTask.java:266)
	at org.gradle.internal.concurrent.ExecutorPolicy$CatchAndRecordFailures.onExecute(ExecutorPolicy.java:64)
	at org.gradle.internal.concurrent.ManagedExecutorImpl$1.run(ManagedExecutorImpl.java:48)
	at java.util.concurrent.ThreadPoolExecutor.runWorker(ThreadPoolExecutor.java:1149)
	at java.util.concurrent.ThreadPoolExecutor$Worker.run(ThreadPoolExecutor.java:624)
	at org.gradle.internal.concurrent.ThreadFactoryImpl$ManagedThreadRunnable.run(ThreadFactoryImpl.java:56)
	at java.lang.Thread.run(Thread.java:748)
Caused by: com.android.tools.r8.CompilationFailedException: Compilation failed to complete
	at com.android.tools.r8.utils.W.a(:87)
	at com.android.tools.r8.D8.run(:11)
	at com.android.builder.dexing.D8DexArchiveMerger.mergeDexArchives(D8DexArchiveMerger.java:117)
	... 33 more
Caused by: com.android.tools.r8.utils.b: Error: /private/var/folders/bq/vtzpc5ns5sg2cthy61lqpg3dfzgbys/T/1598883719933-0/src/app/build/intermediates/project_dex_archive/release/out/com/example/awesomedialog/BuildConfig.dex, Type com.example.awesomedialog.BuildConfig is defined multiple times: /private/var/folders/bq/vtzpc5ns5sg2cthy61lqpg3dfzgbys/T/1598883719933-0/src/app/build/intermediates/project_dex_archive/release/out/com/example/awesomedialog/BuildConfig.dex, /private/var/folders/bq/vtzpc5ns5sg2cthy61lqpg3dfzgbys/T/1598883719933-0/src/app/build/intermediates/external_libs_dex/release/mergeExtDexRelease/classes.dex
	at Version.fakeStackEntry(Version_2.0.88.java:0)
	at com.android.tools.r8.utils.O0.a(:21)
	at com.android.tools.r8.utils.N0.b(:7)
	at com.android.tools.r8.utils.N0.a(:27)
	at com.android.tools.r8.utils.N0.a(:10)
	at java.util.concurrent.ConcurrentHashMap.merge(ConcurrentHashMap.java:1990)
	at com.android.tools.r8.utils.N0.a(:6)
	at com.android.tools.r8.graph.D0$c.f(:3)
	at com.android.tools.r8.dex.a.a(:83)
	at com.android.tools.r8.dex.a.a(:10)
	at com.android.tools.r8.D8.d(:6)
	at com.android.tools.r8.D8.b(:1)
	at com.android.tools.r8.utils.W.a(:30)
	... 35 more


FAILURE: Build failed with an exception.

* What went wrong:
Execution failed for task ':app:mergeDexRelease'.
> A failure occurred while executing com.android.build.gradle.internal.tasks.Workers$ActionFacade
   > com.android.builder.dexing.DexArchiveMergerException: Error while merging dex archives: 
     Type com.example.awesomedialog.BuildConfig is defined multiple times: /private/var/folders/bq/vtzpc5ns5sg2cthy61lqpg3dfzgbys/T/1598883719933-0/src/app/build/intermediates/project_dex_archive/release/out/com/example/awesomedialog/BuildConfig.dex, /private/var/folders/bq/vtzpc5ns5sg2cthy61lqpg3dfzgbys/T/1598883719933-0/src/app/build/intermediates/external_libs_dex/release/mergeExtDexRelease/classes.dex
     Learn how to resolve the issue at https://developer.android.com/studio/build/dependencies#duplicate_classes.

* Try:
Run with --info or --debug option to get more log output. Run with --scan to get full insights.

* Exception is:
org.gradle.api.tasks.TaskExecutionException: Execution failed for task ':app:mergeDexRelease'.
	at org.gradle.api.internal.tasks.execution.ExecuteActionsTaskExecuter.lambda$executeIfValid$1(ExecuteActionsTaskExecuter.java:205)
	at org.gradle.internal.Try$Failure.ifSuccessfulOrElse(Try.java:263)
	at org.gradle.api.internal.tasks.execution.ExecuteActionsTaskExecuter.executeIfValid(ExecuteActionsTaskExecuter.java:203)
	at org.gradle.api.internal.tasks.execution.ExecuteActionsTaskExecuter.execute(ExecuteActionsTaskExecuter.java:184)
	at org.gradle.api.internal.tasks.execution.CleanupStaleOutputsExecuter.execute(CleanupStaleOutputsExecuter.java:109)
	at org.gradle.api.internal.tasks.execution.FinalizePropertiesTaskExecuter.execute(FinalizePropertiesTaskExecuter.java:46)
	at org.gradle.api.internal.tasks.execution.ResolveTaskExecutionModeExecuter.execute(ResolveTaskExecutionModeExecuter.java:62)
	at org.gradle.api.internal.tasks.execution.SkipTaskWithNoActionsExecuter.execute(SkipTaskWithNoActionsExecuter.java:57)
	at org.gradle.api.internal.tasks.execution.SkipOnlyIfTaskExecuter.execute(SkipOnlyIfTaskExecuter.java:56)
	at org.gradle.api.internal.tasks.execution.CatchExceptionTaskExecuter.execute(CatchExceptionTaskExecuter.java:36)
	at org.gradle.api.internal.tasks.execution.EventFiringTaskExecuter$1.executeTask(EventFiringTaskExecuter.java:77)
	at org.gradle.api.internal.tasks.execution.EventFiringTaskExecuter$1.call(EventFiringTaskExecuter.java:55)
	at org.gradle.api.internal.tasks.execution.EventFiringTaskExecuter$1.call(EventFiringTaskExecuter.java:52)
	at org.gradle.internal.operations.DefaultBuildOperationExecutor$CallableBuildOperationWorker.execute(DefaultBuildOperationExecutor.java:416)
	at org.gradle.internal.operations.DefaultBuildOperationExecutor$CallableBuildOperationWorker.execute(DefaultBuildOperationExecutor.java:406)
	at org.gradle.internal.operations.DefaultBuildOperationExecutor$1.execute(DefaultBuildOperationExecutor.java:165)
	at org.gradle.internal.operations.DefaultBuildOperationExecutor.execute(DefaultBuildOperationExecutor.java:250)
	at org.gradle.internal.operations.DefaultBuildOperationExecutor.execute(DefaultBuildOperationExecutor.java:158)
	at org.gradle.internal.operations.DefaultBuildOperationExecutor.call(DefaultBuildOperationExecutor.java:102)
	at org.gradle.internal.operations.DelegatingBuildOperationExecutor.call(DelegatingBuildOperationExecutor.java:36)
	at org.gradle.api.internal.tasks.execution.EventFiringTaskExecuter.execute(EventFiringTaskExecuter.java:52)
	at org.gradle.execution.plan.LocalTaskNodeExecutor.execute(LocalTaskNodeExecutor.java:41)
	at org.gradle.execution.taskgraph.DefaultTaskExecutionGraph$InvokeNodeExecutorsAction.execute(DefaultTaskExecutionGraph.java:372)
	at org.gradle.execution.taskgraph.DefaultTaskExecutionGraph$InvokeNodeExecutorsAction.execute(DefaultTaskExecutionGraph.java:359)
	at org.gradle.execution.taskgraph.DefaultTaskExecutionGraph$BuildOperationAwareExecutionAction.execute(DefaultTaskExecutionGraph.java:352)
	at org.gradle.execution.taskgraph.DefaultTaskExecutionGraph$BuildOperationAwareExecutionAction.execute(DefaultTaskExecutionGraph.java:338)
	at org.gradle.execution.plan.DefaultPlanExecutor$ExecutorWorker.lambda$run$0(DefaultPlanExecutor.java:127)
	at org.gradle.execution.plan.DefaultPlanExecutor$ExecutorWorker.execute(DefaultPlanExecutor.java:191)
	at org.gradle.execution.plan.DefaultPlanExecutor$ExecutorWorker.executeNextNode(DefaultPlanExecutor.java:182)
	at org.gradle.execution.plan.DefaultPlanExecutor$ExecutorWorker.run(DefaultPlanExecutor.java:124)
	at org.gradle.internal.concurrent.ExecutorPolicy$CatchAndRecordFailures.onExecute(ExecutorPolicy.java:64)
	at org.gradle.internal.concurrent.ManagedExecutorImpl$1.run(ManagedExecutorImpl.java:48)
	at org.gradle.internal.concurrent.ThreadFactoryImpl$ManagedThreadRunnable.run(ThreadFactoryImpl.java:56)
Caused by: org.gradle.workers.internal.DefaultWorkerExecutor$WorkExecutionException: A failure occurred while executing com.android.build.gradle.internal.tasks.Workers$ActionFacade
	at org.gradle.workers.internal.DefaultWorkerExecutor$WorkItemExecution.waitForCompletion(DefaultWorkerExecutor.java:354)
	at org.gradle.internal.work.DefaultAsyncWorkTracker.waitForItemsAndGatherFailures(DefaultAsyncWorkTracker.java:142)
	at org.gradle.internal.work.DefaultAsyncWorkTracker.access$000(DefaultAsyncWorkTracker.java:34)
	at org.gradle.internal.work.DefaultAsyncWorkTracker$1.run(DefaultAsyncWorkTracker.java:106)
	at org.gradle.internal.Factories$1.create(Factories.java:26)
	at org.gradle.internal.work.DefaultWorkerLeaseService.withoutLocks(DefaultWorkerLeaseService.java:260)
	at org.gradle.internal.work.DefaultWorkerLeaseService.withoutProjectLock(DefaultWorkerLeaseService.java:171)
	at org.gradle.internal.work.DefaultWorkerLeaseService.withoutProjectLock(DefaultWorkerLeaseService.java:165)
	at org.gradle.internal.work.StopShieldingWorkerLeaseService.withoutProjectLock(StopShieldingWorkerLeaseService.java:95)
	at org.gradle.internal.work.DefaultAsyncWorkTracker.waitForItemsAndGatherFailures(DefaultAsyncWorkTracker.java:102)
	at org.gradle.internal.work.DefaultAsyncWorkTracker.waitForAll(DefaultAsyncWorkTracker.java:80)
	at org.gradle.internal.work.DefaultAsyncWorkTracker.waitForCompletion(DefaultAsyncWorkTracker.java:68)
	at org.gradle.api.internal.tasks.execution.ExecuteActionsTaskExecuter$3.run(ExecuteActionsTaskExecuter.java:576)
	at org.gradle.internal.operations.DefaultBuildOperationExecutor$RunnableBuildOperationWorker.execute(DefaultBuildOperationExecutor.java:402)
	at org.gradle.internal.operations.DefaultBuildOperationExecutor$RunnableBuildOperationWorker.execute(DefaultBuildOperationExecutor.java:394)
	at org.gradle.internal.operations.DefaultBuildOperationExecutor$1.execute(DefaultBuildOperationExecutor.java:165)
	at org.gradle.internal.operations.DefaultBuildOperationExecutor.execute(DefaultBuildOperationExecutor.java:250)
	at org.gradle.internal.operations.DefaultBuildOperationExecutor.execute(DefaultBuildOperationExecutor.java:158)
	at org.gradle.internal.operations.DefaultBuildOperationExecutor.run(DefaultBuildOperationExecutor.java:92)
	at org.gradle.internal.operations.DelegatingBuildOperationExecutor.run(DelegatingBuildOperationExecutor.java:31)
	at org.gradle.api.internal.tasks.execution.ExecuteActionsTaskExecuter.executeAction(ExecuteActionsTaskExecuter.java:553)
	at org.gradle.api.internal.tasks.execution.ExecuteActionsTaskExecuter.executeActions(ExecuteActionsTaskExecuter.java:536)
	at org.gradle.api.internal.tasks.execution.ExecuteActionsTaskExecuter.access$300(ExecuteActionsTaskExecuter.java:109)
	at org.gradle.api.internal.tasks.execution.ExecuteActionsTaskExecuter$TaskExecution.executeWithPreviousOutputFiles(ExecuteActionsTaskExecuter.java:276)
	at org.gradle.api.internal.tasks.execution.ExecuteActionsTaskExecuter$TaskExecution.execute(ExecuteActionsTaskExecuter.java:265)
	at org.gradle.internal.execution.steps.ExecuteStep.lambda$execute$1(ExecuteStep.java:33)
	at org.gradle.internal.execution.steps.ExecuteStep.execute(ExecuteStep.java:33)
	at org.gradle.internal.execution.steps.ExecuteStep.execute(ExecuteStep.java:26)
	at org.gradle.internal.execution.steps.CleanupOutputsStep.execute(CleanupOutputsStep.java:63)
	at org.gradle.internal.execution.steps.CleanupOutputsStep.execute(CleanupOutputsStep.java:35)
	at org.gradle.internal.execution.steps.ResolveInputChangesStep.execute(ResolveInputChangesStep.java:49)
	at org.gradle.internal.execution.steps.ResolveInputChangesStep.execute(ResolveInputChangesStep.java:34)
	at org.gradle.internal.execution.steps.CancelExecutionStep.execute(CancelExecutionStep.java:43)
	at org.gradle.internal.execution.steps.TimeoutStep.executeWithoutTimeout(TimeoutStep.java:73)
	at org.gradle.internal.execution.steps.TimeoutStep.execute(TimeoutStep.java:54)
	at org.gradle.internal.execution.steps.CatchExceptionStep.execute(CatchExceptionStep.java:34)
	at org.gradle.internal.execution.steps.CreateOutputsStep.execute(CreateOutputsStep.java:44)
	at org.gradle.internal.execution.steps.SnapshotOutputsStep.execute(SnapshotOutputsStep.java:54)
	at org.gradle.internal.execution.steps.SnapshotOutputsStep.execute(SnapshotOutputsStep.java:38)
	at org.gradle.internal.execution.steps.BroadcastChangingOutputsStep.execute(BroadcastChangingOutputsStep.java:49)
	at org.gradle.internal.execution.steps.CacheStep.executeWithoutCache(CacheStep.java:153)
	at org.gradle.internal.execution.steps.CacheStep.execute(CacheStep.java:67)
	at org.gradle.internal.execution.steps.CacheStep.execute(CacheStep.java:41)
	at org.gradle.internal.execution.steps.StoreExecutionStateStep.execute(StoreExecutionStateStep.java:44)
	at org.gradle.internal.execution.steps.StoreExecutionStateStep.execute(StoreExecutionStateStep.java:33)
	at org.gradle.internal.execution.steps.RecordOutputsStep.execute(RecordOutputsStep.java:38)
	at org.gradle.internal.execution.steps.RecordOutputsStep.execute(RecordOutputsStep.java:24)
	at org.gradle.internal.execution.steps.SkipUpToDateStep.executeBecause(SkipUpToDateStep.java:92)
	at org.gradle.internal.execution.steps.SkipUpToDateStep.lambda$execute$0(SkipUpToDateStep.java:85)
	at org.gradle.internal.execution.steps.SkipUpToDateStep.execute(SkipUpToDateStep.java:55)
	at org.gradle.internal.execution.steps.SkipUpToDateStep.execute(SkipUpToDateStep.java:39)
	at org.gradle.internal.execution.steps.ResolveChangesStep.execute(ResolveChangesStep.java:76)
	at org.gradle.internal.execution.steps.ResolveChangesStep.execute(ResolveChangesStep.java:37)
	at org.gradle.internal.execution.steps.legacy.MarkSnapshottingInputsFinishedStep.execute(MarkSnapshottingInputsFinishedStep.java:36)
	at org.gradle.internal.execution.steps.legacy.MarkSnapshottingInputsFinishedStep.execute(MarkSnapshottingInputsFinishedStep.java:26)
	at org.gradle.internal.execution.steps.ResolveCachingStateStep.execute(ResolveCachingStateStep.java:94)
	at org.gradle.internal.execution.steps.ResolveCachingStateStep.execute(ResolveCachingStateStep.java:49)
	at org.gradle.internal.execution.steps.CaptureStateBeforeExecutionStep.execute(CaptureStateBeforeExecutionStep.java:79)
	at org.gradle.internal.execution.steps.CaptureStateBeforeExecutionStep.execute(CaptureStateBeforeExecutionStep.java:53)
	at org.gradle.internal.execution.steps.ValidateStep.execute(ValidateStep.java:74)
	at org.gradle.internal.execution.steps.SkipEmptyWorkStep.lambda$execute$2(SkipEmptyWorkStep.java:78)
	at org.gradle.internal.execution.steps.SkipEmptyWorkStep.execute(SkipEmptyWorkStep.java:78)
	at org.gradle.internal.execution.steps.SkipEmptyWorkStep.execute(SkipEmptyWorkStep.java:34)
	at org.gradle.internal.execution.steps.legacy.MarkSnapshottingInputsStartedStep.execute(MarkSnapshottingInputsStartedStep.java:39)
	at org.gradle.internal.execution.steps.LoadExecutionStateStep.execute(LoadExecutionStateStep.java:40)
	at org.gradle.internal.execution.steps.LoadExecutionStateStep.execute(LoadExecutionStateStep.java:28)
	at org.gradle.internal.execution.impl.DefaultWorkExecutor.execute(DefaultWorkExecutor.java:33)
	at org.gradle.api.internal.tasks.execution.ExecuteActionsTaskExecuter.executeIfValid(ExecuteActionsTaskExecuter.java:192)
	... 30 more
Caused by: com.android.build.api.transform.TransformException: com.android.builder.dexing.DexArchiveMergerException: Error while merging dex archives: 
Type com.example.awesomedialog.BuildConfig is defined multiple times: /private/var/folders/bq/vtzpc5ns5sg2cthy61lqpg3dfzgbys/T/1598883719933-0/src/app/build/intermediates/project_dex_archive/release/out/com/example/awesomedialog/BuildConfig.dex, /private/var/folders/bq/vtzpc5ns5sg2cthy61lqpg3dfzgbys/T/1598883719933-0/src/app/build/intermediates/external_libs_dex/release/mergeExtDexRelease/classes.dex
Learn how to resolve the issue at https://developer.android.com/studio/build/dependencies#duplicate_classes.
	at com.android.build.gradle.internal.tasks.DexMergingTaskRunnable.run(DexMergingTask.kt:468)
	at com.android.build.gradle.internal.tasks.Workers$ActionFacade.run(Workers.kt:242)
	at org.gradle.workers.internal.AdapterWorkAction.execute(AdapterWorkAction.java:50)
	at org.gradle.workers.internal.DefaultWorkerServer.execute(DefaultWorkerServer.java:50)
	at org.gradle.workers.internal.NoIsolationWorkerFactory$1$1.create(NoIsolationWorkerFactory.java:63)
	at org.gradle.workers.internal.NoIsolationWorkerFactory$1$1.create(NoIsolationWorkerFactory.java:59)
	at org.gradle.internal.classloader.ClassLoaderUtils.executeInClassloader(ClassLoaderUtils.java:98)
	at org.gradle.workers.internal.NoIsolationWorkerFactory$1.lambda$execute$0(NoIsolationWorkerFactory.java:59)
	at org.gradle.workers.internal.AbstractWorker$1.call(AbstractWorker.java:44)
	at org.gradle.workers.internal.AbstractWorker$1.call(AbstractWorker.java:41)
	at org.gradle.internal.operations.DefaultBuildOperationExecutor$CallableBuildOperationWorker.execute(DefaultBuildOperationExecutor.java:416)
	at org.gradle.internal.operations.DefaultBuildOperationExecutor$CallableBuildOperationWorker.execute(DefaultBuildOperationExecutor.java:406)
	at org.gradle.internal.operations.DefaultBuildOperationExecutor$1.execute(DefaultBuildOperationExecutor.java:165)
	at org.gradle.internal.operations.DefaultBuildOperationExecutor.execute(DefaultBuildOperationExecutor.java:250)
	at org.gradle.internal.operations.DefaultBuildOperationExecutor.execute(DefaultBuildOperationExecutor.java:158)
	at org.gradle.internal.operations.DefaultBuildOperationExecutor.call(DefaultBuildOperationExecutor.java:102)
	at org.gradle.internal.operations.DelegatingBuildOperationExecutor.call(DelegatingBuildOperationExecutor.java:36)
	at org.gradle.workers.internal.AbstractWorker.executeWrappedInBuildOperation(AbstractWorker.java:41)
	at org.gradle.workers.internal.NoIsolationWorkerFactory$1.execute(NoIsolationWorkerFactory.java:53)
	at org.gradle.workers.internal.DefaultWorkerExecutor.lambda$submitWork$2(DefaultWorkerExecutor.java:200)
	at org.gradle.internal.work.DefaultConditionalExecutionQueue$ExecutionRunner.runExecution(DefaultConditionalExecutionQueue.java:215)
	at org.gradle.internal.work.DefaultConditionalExecutionQueue$ExecutionRunner.runBatch(DefaultConditionalExecutionQueue.java:164)
	at org.gradle.internal.work.DefaultConditionalExecutionQueue$ExecutionRunner.run(DefaultConditionalExecutionQueue.java:131)
	... 3 more
Caused by: com.android.builder.dexing.DexArchiveMergerException: Error while merging dex archives: 
Type com.example.awesomedialog.BuildConfig is defined multiple times: /private/var/folders/bq/vtzpc5ns5sg2cthy61lqpg3dfzgbys/T/1598883719933-0/src/app/build/intermediates/project_dex_archive/release/out/com/example/awesomedialog/BuildConfig.dex, /private/var/folders/bq/vtzpc5ns5sg2cthy61lqpg3dfzgbys/T/1598883719933-0/src/app/build/intermediates/external_libs_dex/release/mergeExtDexRelease/classes.dex
Learn how to resolve the issue at https://developer.android.com/studio/build/dependencies#duplicate_classes.
	at com.android.builder.dexing.D8DexArchiveMerger.getExceptionToRethrow(D8DexArchiveMerger.java:132)
	at com.android.builder.dexing.D8DexArchiveMerger.mergeDexArchives(D8DexArchiveMerger.java:119)
	at com.android.build.gradle.internal.transforms.DexMergerTransformCallable.call(DexMergerTransformCallable.java:102)
	at com.android.build.gradle.internal.tasks.DexMergingTaskRunnable.run(DexMergingTask.kt:441)
	... 25 more
Caused by: com.android.tools.r8.CompilationFailedException: Compilation failed to complete
	at com.android.tools.r8.utils.W.a(:87)
	at com.android.tools.r8.D8.run(:11)
	at com.android.builder.dexing.D8DexArchiveMerger.mergeDexArchives(D8DexArchiveMerger.java:117)
	... 27 more
Caused by: com.android.tools.r8.utils.b: Error: /private/var/folders/bq/vtzpc5ns5sg2cthy61lqpg3dfzgbys/T/1598883719933-0/src/app/build/intermediates/project_dex_archive/release/out/com/example/awesomedialog/BuildConfig.dex, Type com.example.awesomedialog.BuildConfig is defined multiple times: /private/var/folders/bq/vtzpc5ns5sg2cthy61lqpg3dfzgbys/T/1598883719933-0/src/app/build/intermediates/project_dex_archive/release/out/com/example/awesomedialog/BuildConfig.dex, /private/var/folders/bq/vtzpc5ns5sg2cthy61lqpg3dfzgbys/T/1598883719933-0/src/app/build/intermediates/external_libs_dex/release/mergeExtDexRelease/classes.dex
	at Version.fakeStackEntry(Version_2.0.88.java:0)
	at com.android.tools.r8.utils.O0.a(:21)
	at com.android.tools.r8.utils.N0.b(:7)
	at com.android.tools.r8.utils.N0.a(:27)
	at com.android.tools.r8.utils.N0.a(:10)
	at com.android.tools.r8.utils.N0.a(:6)
	at com.android.tools.r8.graph.D0$c.f(:3)
	at com.android.tools.r8.dex.a.a(:83)
	at com.android.tools.r8.dex.a.a(:10)
	at com.android.tools.r8.D8.d(:6)
	at com.android.tools.r8.D8.b(:1)
	at com.android.tools.r8.utils.W.a(:30)
	... 29 more


* Get more help at https://help.gradle.org

BUILD FAILED in 44s
45 actionable tasks: 45 executed

2020-08-31 21:25:11,564 INFO  FullProcessService - Found APK file: /var/folders/bq/vtzpc5ns5sg2cthy61lqpg3dfzgbys/T/1598883719933-0/src/app/build/outputs/apk/debug/app-debug.apk
