2021-01-13 12:02:21,854 INFO  DownloadService - Downloading "https://github.com/prathanbomb/telepathy-ipc/archive/master.zip", attempt 3
2021-01-13 12:02:37,984 INFO  VirusProcessorServiceImpl - Queued project 8148 to scan viruses
2021-01-13 12:03:23,546 INFO  GithubDownloadService - Could not find ZIP archive for master branch
2021-01-13 12:03:24,430 INFO  GithubDownloadService - Default branch of this repository: github
2021-01-13 12:03:24,431 INFO  DownloadService - Downloading "https://github.com/prathanbomb/telepathy-ipc/archive/github.zip", attempt 3
2021-01-13 12:04:26,101 DEBUG FullProcessService - Repository https://github.com/prathanbomb/telepathy-ipc available: true
2021-01-13 12:04:26,102 INFO  FullProcessService - Could not download ZIP file from Github, lets clone it
2021-01-13 12:04:26,102 INFO  SysUtils - Execute command: [git, clone, -q, --single-branch, --depth, 1, https://github.com/prathanbomb/telepathy-ipc, /var/folders/bq/vtzpc5ns5sg2cthy61lqpg3dfzgbys/T/1610514141850-0/src]
2021-01-13 12:04:28,210 INFO  SysUtils - 
2021-01-13 12:04:28,223 INFO  GitService - Deleted "/var/folders/bq/vtzpc5ns5sg2cthy61lqpg3dfzgbys/T/1610514141850-0/src/.git": true
2021-01-13 12:04:28,233 INFO  FullProcessService - Size of directory with sources: 253 KB
2021-01-13 12:04:28,233 INFO  SysUtils - Execute command: [git, init, /var/folders/bq/vtzpc5ns5sg2cthy61lqpg3dfzgbys/T/1610514141850-0/src]
2021-01-13 12:04:28,253 INFO  SysUtils - Initialized empty Git repository in /private/var/folders/bq/vtzpc5ns5sg2cthy61lqpg3dfzgbys/T/1610514141850-0/src/.git/

2021-01-13 12:04:28,259 INFO  ProjectBuildService - Gradle wrapper(s): /var/folders/bq/vtzpc5ns5sg2cthy61lqpg3dfzgbys/T/1610514141850-0/src/gradlew
2021-01-13 12:04:28,265 INFO  ProjectBuildService - Build script(s): /var/folders/bq/vtzpc5ns5sg2cthy61lqpg3dfzgbys/T/1610514141850-0/src/app-a/build.gradle /var/folders/bq/vtzpc5ns5sg2cthy61lqpg3dfzgbys/T/1610514141850-0/src/app-b/build.gradle /var/folders/bq/vtzpc5ns5sg2cthy61lqpg3dfzgbys/T/1610514141850-0/src/telepathy-ipc/build.gradle /var/folders/bq/vtzpc5ns5sg2cthy61lqpg3dfzgbys/T/1610514141850-0/src/build.gradle
2021-01-13 12:04:28,270 INFO  ProjectBuildService - All script(s): /var/folders/bq/vtzpc5ns5sg2cthy61lqpg3dfzgbys/T/1610514141850-0/src/app-a/build.gradle /var/folders/bq/vtzpc5ns5sg2cthy61lqpg3dfzgbys/T/1610514141850-0/src/telepathy-ipc/build.gradle /var/folders/bq/vtzpc5ns5sg2cthy61lqpg3dfzgbys/T/1610514141850-0/src/build.gradle /var/folders/bq/vtzpc5ns5sg2cthy61lqpg3dfzgbys/T/1610514141850-0/src/settings.gradle /var/folders/bq/vtzpc5ns5sg2cthy61lqpg3dfzgbys/T/1610514141850-0/src/app-b/build.gradle
2021-01-13 12:04:28,271 INFO  DownloadService - Downloading "https://raw.githubusercontent.com/nuuneoi/JCenter/master/bintrayv1.gradle", attempt 3
2021-01-13 12:04:28,765 INFO  DownloadService - Downloaded https://raw.githubusercontent.com/nuuneoi/JCenter/master/bintrayv1.gradle, attempt 3
2021-01-13 12:04:28,766 INFO  DownloadService - Downloading "https://raw.githubusercontent.com/nuuneoi/JCenter/master/installv1.gradle", attempt 3
2021-01-13 12:04:28,945 INFO  DownloadService - Downloaded https://raw.githubusercontent.com/nuuneoi/JCenter/master/installv1.gradle, attempt 3
2021-01-13 12:04:28,945 INFO  ProjectBuildService - Remote scripts: https://raw.githubusercontent.com/nuuneoi/JCenter/master/bintrayv1.gradle https://raw.githubusercontent.com/nuuneoi/JCenter/master/installv1.gradle
2021-01-13 12:04:28,945 INFO  ProjectFixService - Fixing project...
2021-01-13 12:04:28,970 INFO  LocalPropertiesFixService - Created fake /var/folders/bq/vtzpc5ns5sg2cthy61lqpg3dfzgbys/T/1610514141850-0/src/app-a/local.properties
2021-01-13 12:04:28,971 INFO  ProjectFixService - Build info for "/var/folders/bq/vtzpc5ns5sg2cthy61lqpg3dfzgbys/T/1610514141850-0/src/app-a/build.gradle": [buildToolsVersion=30.0.2,compileSdkVersion=30,minSdkVersion=21,targetSdkVersion=30]
2021-01-13 12:04:28,972 INFO  LocalPropertiesFixService - Created fake /var/folders/bq/vtzpc5ns5sg2cthy61lqpg3dfzgbys/T/1610514141850-0/src/app-b/local.properties
2021-01-13 12:04:28,972 INFO  ProjectFixService - Build info for "/var/folders/bq/vtzpc5ns5sg2cthy61lqpg3dfzgbys/T/1610514141850-0/src/app-b/build.gradle": [buildToolsVersion=30.0.2,compileSdkVersion=30,minSdkVersion=21,targetSdkVersion=30]
2021-01-13 12:04:28,973 INFO  LocalPropertiesFixService - Created fake /var/folders/bq/vtzpc5ns5sg2cthy61lqpg3dfzgbys/T/1610514141850-0/src/telepathy-ipc/local.properties
2021-01-13 12:04:28,974 INFO  ProjectFixService - Build info for "/var/folders/bq/vtzpc5ns5sg2cthy61lqpg3dfzgbys/T/1610514141850-0/src/telepathy-ipc/build.gradle": [buildToolsVersion=30.0.2,compileSdkVersion=30,minSdkVersion=21,targetSdkVersion=30]
2021-01-13 12:04:28,974 INFO  LocalPropertiesFixService - Created fake /var/folders/bq/vtzpc5ns5sg2cthy61lqpg3dfzgbys/T/1610514141850-0/src/local.properties
2021-01-13 12:04:28,974 INFO  WrapperPropertiesFixService - Gradle wrapper: https://services.gradle.org/distributions/gradle-6.5-all.zip
2021-01-13 12:04:28,975 INFO  WrapperPropertiesFixService - Gradle wrapper was changed from "-all.zip" to "-bin.zip" (https://services.gradle.org/distributions/gradle-6.5-bin.zip)
2021-01-13 12:04:28,976 INFO  ProjectFixService - Build info for "/var/folders/bq/vtzpc5ns5sg2cthy61lqpg3dfzgbys/T/1610514141850-0/src/build.gradle": [buildToolsVersion=30.0.2,compileSdkVersion=30,minSdkVersion=21,targetSdkVersion=30]
2021-01-13 12:04:28,976 INFO  ProjectFixService - Project was maybe fixed
2021-01-13 12:04:28,976 INFO  ProjectTaskService - Detecting possible tasks...
2021-01-13 12:04:28,976 INFO  SysUtils - Execute command: [/var/folders/bq/vtzpc5ns5sg2cthy61lqpg3dfzgbys/T/1610514141850-0/src/gradlew, -b, /var/folders/bq/vtzpc5ns5sg2cthy61lqpg3dfzgbys/T/1610514141850-0/src/app-a/build.gradle, -Dorg.gradle.daemon=false, -Dorg.gradle.daemon.performance.enable-monitoring=false, -Dorg.gradle.configureondemand=true, tasks]
2021-01-13 12:04:45,462 INFO  ProjectTaskService - Detected possible tasks: 70
2021-01-13 12:04:45,462 INFO  ProjectTaskService - Excluded tasks (21): lintDebug javadocJar deviceCheck lint testReleaseUnitTest javadoc uninstallRelease deviceAndroidTest uninstallDebugAndroidTest installDebugAndroidTest connectedCheck connectedDebugAndroidTest uninstallAll sourcesJar test check testDebugUnitTest connectedAndroidTest installDebug lintRelease uninstallDebug
2021-01-13 12:04:45,462 INFO  SysUtils - Execute command: [/var/folders/bq/vtzpc5ns5sg2cthy61lqpg3dfzgbys/T/1610514141850-0/src/gradlew, -b, /var/folders/bq/vtzpc5ns5sg2cthy61lqpg3dfzgbys/T/1610514141850-0/src/app-a/build.gradle, -Dorg.gradle.daemon=false, -Dorg.gradle.daemon.performance.enable-monitoring=false, -Dorg.gradle.configureondemand=true, --stacktrace, -x, lintDebug, -x, javadocJar, -x, deviceCheck, -x, lint, -x, testReleaseUnitTest, -x, javadoc, -x, uninstallRelease, -x, deviceAndroidTest, -x, uninstallDebugAndroidTest, -x, installDebugAndroidTest, -x, connectedCheck, -x, connectedDebugAndroidTest, -x, uninstallAll, -x, sourcesJar, -x, test, -x, check, -x, testDebugUnitTest, -x, connectedAndroidTest, -x, installDebug, -x, lintRelease, -x, uninstallDebug, build]
2021-01-13 12:04:51,204 ERROR SysUtils - Could not process external command
org.apache.commons.exec.ExecuteException: Process exited with an error: 1 (Exit value: 1)
	at org.apache.commons.exec.DefaultExecutor.executeInternal(DefaultExecutor.java:404)
	at org.apache.commons.exec.DefaultExecutor.execute(DefaultExecutor.java:166)
	at com.github.vbauer.apkmaster.util.SysUtils.execute(SysUtils.java:67)
	at com.github.vbauer.apkmaster.util.SysUtils.executeSimple(SysUtils.java:43)
	at com.github.vbauer.apkmaster.service.assembly.ProjectBuildService.buildProject(ProjectBuildService.java:78)
	at com.github.vbauer.apkmaster.service.assembly.ProjectBuildService.buildProject(ProjectBuildService.java:64)
	at com.github.vbauer.apkmaster.service.assembly.ProjectBuildService.buildProject(ProjectBuildService.java:43)
	at com.github.vbauer.apkmaster.service.FullProcessService.build(FullProcessService.java:84)
	at com.github.vbauer.apkmaster.service.FullProcessService.process(FullProcessService.java:34)
	at com.github.vbauer.apkmaster.app.MainApplication.process(MainApplication.java:38)
	at com.github.vbauer.apkmaster.app.MainApplication.main(MainApplication.java:20)
	at sun.reflect.NativeMethodAccessorImpl.invoke0(Native Method)
	at sun.reflect.NativeMethodAccessorImpl.invoke(NativeMethodAccessorImpl.java:62)
	at sun.reflect.DelegatingMethodAccessorImpl.invoke(DelegatingMethodAccessorImpl.java:43)
	at java.lang.reflect.Method.invoke(Method.java:498)
	at com.android.arsenal.util.ReflectionUtils.invoke(ReflectionUtils.java:42)
	at com.android.arsenal.util.ApkMasterUtils.main(ApkMasterUtils.java:30)
	at com.android.arsenal.service.processor.impl.BuildProcessorServiceImpl.buildProject(BuildProcessorServiceImpl.java:197)
	at com.android.arsenal.service.processor.impl.BuildProcessorServiceImpl.build(BuildProcessorServiceImpl.java:131)
	at com.android.arsenal.service.processor.impl.BuildProcessorServiceImpl.lambda$createTasks$1(BuildProcessorServiceImpl.java:114)
	at java.util.concurrent.FutureTask.run(FutureTask.java:266)
	at java.util.concurrent.Executors$RunnableAdapter.call(Executors.java:511)
	at java.util.concurrent.FutureTask.run(FutureTask.java:266)
	at java.util.concurrent.ThreadPoolExecutor.runWorker(ThreadPoolExecutor.java:1149)
	at java.util.concurrent.ThreadPoolExecutor$Worker.run(ThreadPoolExecutor.java:624)
	at java.lang.Thread.run(Thread.java:748)
2021-01-13 12:04:51,205 INFO  SysUtils - Configuration on demand is an incubating feature.

FAILURE: Build failed with an exception.

* What went wrong:
Task 'javadocJar' not found in project ':app-a'.

* Try:
Run gradlew tasks to get a list of available tasks. Run with --info or --debug option to get more log output. Run with --scan to get full insights.

* Exception is:
org.gradle.execution.TaskSelectionException: Task 'javadocJar' not found in project ':app-a'.
	at org.gradle.execution.TaskSelector.getSelection(TaskSelector.java:117)
	at org.gradle.execution.TaskSelector.getFilter(TaskSelector.java:66)
	at org.gradle.execution.ExcludedTaskFilteringBuildConfigurationAction.configure(ExcludedTaskFilteringBuildConfigurationAction.java:43)
	at org.gradle.execution.DefaultBuildConfigurationActionExecuter.configure(DefaultBuildConfigurationActionExecuter.java:58)
	at org.gradle.execution.DefaultBuildConfigurationActionExecuter.access$200(DefaultBuildConfigurationActionExecuter.java:26)
	at org.gradle.execution.DefaultBuildConfigurationActionExecuter$1.run(DefaultBuildConfigurationActionExecuter.java:44)
	at org.gradle.internal.Factories$1.create(Factories.java:26)
	at org.gradle.api.internal.project.DefaultProjectStateRegistry.withLenientState(DefaultProjectStateRegistry.java:134)
	at org.gradle.api.internal.project.DefaultProjectStateRegistry.withLenientState(DefaultProjectStateRegistry.java:126)
	at org.gradle.execution.DefaultBuildConfigurationActionExecuter.select(DefaultBuildConfigurationActionExecuter.java:40)
	at org.gradle.initialization.DefaultTaskExecutionPreparer.prepareForTaskExecution(DefaultTaskExecutionPreparer.java:38)
	at org.gradle.initialization.BuildOperatingFiringTaskExecutionPreparer$CalculateTaskGraph.populateTaskGraph(BuildOperatingFiringTaskExecutionPreparer.java:117)
	at org.gradle.initialization.BuildOperatingFiringTaskExecutionPreparer$CalculateTaskGraph.run(BuildOperatingFiringTaskExecutionPreparer.java:68)
	at org.gradle.internal.operations.DefaultBuildOperationExecutor$RunnableBuildOperationWorker.execute(DefaultBuildOperationExecutor.java:395)
	at org.gradle.internal.operations.DefaultBuildOperationExecutor$RunnableBuildOperationWorker.execute(DefaultBuildOperationExecutor.java:387)
	at org.gradle.internal.operations.DefaultBuildOperationExecutor$1.execute(DefaultBuildOperationExecutor.java:157)
	at org.gradle.internal.operations.DefaultBuildOperationExecutor.execute(DefaultBuildOperationExecutor.java:242)
	at org.gradle.internal.operations.DefaultBuildOperationExecutor.execute(DefaultBuildOperationExecutor.java:150)
	at org.gradle.internal.operations.DefaultBuildOperationExecutor.run(DefaultBuildOperationExecutor.java:84)
	at org.gradle.internal.operations.DelegatingBuildOperationExecutor.run(DelegatingBuildOperationExecutor.java:31)
	at org.gradle.initialization.BuildOperatingFiringTaskExecutionPreparer.prepareForTaskExecution(BuildOperatingFiringTaskExecutionPreparer.java:56)
	at org.gradle.initialization.DefaultGradleLauncher.prepareTaskExecution(DefaultGradleLauncher.java:227)
	at org.gradle.initialization.DefaultGradleLauncher.doClassicBuildStages(DefaultGradleLauncher.java:159)
	at org.gradle.initialization.DefaultGradleLauncher.doBuildStages(DefaultGradleLauncher.java:140)
	at org.gradle.initialization.DefaultGradleLauncher.executeTasks(DefaultGradleLauncher.java:120)
	at org.gradle.internal.invocation.GradleBuildController$1.create(GradleBuildController.java:74)
	at org.gradle.internal.invocation.GradleBuildController$1.create(GradleBuildController.java:67)
	at org.gradle.internal.work.DefaultWorkerLeaseService.withLocks(DefaultWorkerLeaseService.java:180)
	at org.gradle.internal.work.StopShieldingWorkerLeaseService.withLocks(StopShieldingWorkerLeaseService.java:40)
	at org.gradle.internal.invocation.GradleBuildController.doBuild(GradleBuildController.java:67)
	at org.gradle.internal.invocation.GradleBuildController.run(GradleBuildController.java:56)
	at org.gradle.tooling.internal.provider.ExecuteBuildActionRunner.run(ExecuteBuildActionRunner.java:31)
	at org.gradle.launcher.exec.ChainingBuildActionRunner.run(ChainingBuildActionRunner.java:35)
	at org.gradle.launcher.exec.BuildOutcomeReportingBuildActionRunner.run(BuildOutcomeReportingBuildActionRunner.java:63)
	at org.gradle.tooling.internal.provider.ValidatingBuildActionRunner.run(ValidatingBuildActionRunner.java:32)
	at org.gradle.launcher.exec.BuildCompletionNotifyingBuildActionRunner.run(BuildCompletionNotifyingBuildActionRunner.java:39)
	at org.gradle.launcher.exec.RunAsBuildOperationBuildActionRunner$3.call(RunAsBuildOperationBuildActionRunner.java:51)
	at org.gradle.launcher.exec.RunAsBuildOperationBuildActionRunner$3.call(RunAsBuildOperationBuildActionRunner.java:45)
	at org.gradle.internal.operations.DefaultBuildOperationExecutor$CallableBuildOperationWorker.execute(DefaultBuildOperationExecutor.java:409)
	at org.gradle.internal.operations.DefaultBuildOperationExecutor$CallableBuildOperationWorker.execute(DefaultBuildOperationExecutor.java:399)
	at org.gradle.internal.operations.DefaultBuildOperationExecutor$1.execute(DefaultBuildOperationExecutor.java:157)
	at org.gradle.internal.operations.DefaultBuildOperationExecutor.execute(DefaultBuildOperationExecutor.java:242)
	at org.gradle.internal.operations.DefaultBuildOperationExecutor.execute(DefaultBuildOperationExecutor.java:150)
	at org.gradle.internal.operations.DefaultBuildOperationExecutor.call(DefaultBuildOperationExecutor.java:94)
	at org.gradle.internal.operations.DelegatingBuildOperationExecutor.call(DelegatingBuildOperationExecutor.java:36)
	at org.gradle.launcher.exec.RunAsBuildOperationBuildActionRunner.run(RunAsBuildOperationBuildActionRunner.java:45)
	at org.gradle.launcher.exec.InProcessBuildActionExecuter$1.transform(InProcessBuildActionExecuter.java:50)
	at org.gradle.launcher.exec.InProcessBuildActionExecuter$1.transform(InProcessBuildActionExecuter.java:47)
	at org.gradle.composite.internal.DefaultRootBuildState.run(DefaultRootBuildState.java:80)
	at org.gradle.launcher.exec.InProcessBuildActionExecuter.execute(InProcessBuildActionExecuter.java:47)
	at org.gradle.launcher.exec.InProcessBuildActionExecuter.execute(InProcessBuildActionExecuter.java:31)
	at org.gradle.launcher.exec.BuildTreeScopeBuildActionExecuter.execute(BuildTreeScopeBuildActionExecuter.java:42)
	at org.gradle.launcher.exec.BuildTreeScopeBuildActionExecuter.execute(BuildTreeScopeBuildActionExecuter.java:28)
	at org.gradle.tooling.internal.provider.ContinuousBuildActionExecuter.execute(ContinuousBuildActionExecuter.java:87)
	at org.gradle.tooling.internal.provider.ContinuousBuildActionExecuter.execute(ContinuousBuildActionExecuter.java:55)
	at org.gradle.tooling.internal.provider.SubscribableBuildActionExecuter.execute(SubscribableBuildActionExecuter.java:60)
	at org.gradle.tooling.internal.provider.SubscribableBuildActionExecuter.execute(SubscribableBuildActionExecuter.java:38)
	at org.gradle.tooling.internal.provider.SessionScopeBuildActionExecuter.execute(SessionScopeBuildActionExecuter.java:68)
	at org.gradle.tooling.internal.provider.SessionScopeBuildActionExecuter.execute(SessionScopeBuildActionExecuter.java:38)
	at org.gradle.tooling.internal.provider.GradleThreadBuildActionExecuter.execute(GradleThreadBuildActionExecuter.java:37)
	at org.gradle.tooling.internal.provider.GradleThreadBuildActionExecuter.execute(GradleThreadBuildActionExecuter.java:26)
	at org.gradle.tooling.internal.provider.StartParamsValidatingActionExecuter.execute(StartParamsValidatingActionExecuter.java:60)
	at org.gradle.tooling.internal.provider.StartParamsValidatingActionExecuter.execute(StartParamsValidatingActionExecuter.java:32)
	at org.gradle.tooling.internal.provider.SessionFailureReportingActionExecuter.execute(SessionFailureReportingActionExecuter.java:56)
	at org.gradle.tooling.internal.provider.SessionFailureReportingActionExecuter.execute(SessionFailureReportingActionExecuter.java:42)
	at org.gradle.tooling.internal.provider.SetupLoggingActionExecuter.execute(SetupLoggingActionExecuter.java:48)
	at org.gradle.tooling.internal.provider.SetupLoggingActionExecuter.execute(SetupLoggingActionExecuter.java:32)
	at org.gradle.launcher.cli.RunBuildAction.run(RunBuildAction.java:56)
	at org.gradle.internal.Actions$RunnableActionAdapter.execute(Actions.java:212)
	at org.gradle.launcher.cli.DefaultCommandLineActionFactory$ParseAndBuildAction.execute(DefaultCommandLineActionFactory.java:294)
	at org.gradle.launcher.cli.DefaultCommandLineActionFactory$ParseAndBuildAction.execute(DefaultCommandLineActionFactory.java:266)
	at org.gradle.launcher.cli.DebugLoggerWarningAction.execute(DebugLoggerWarningAction.java:82)
	at org.gradle.launcher.cli.DebugLoggerWarningAction.execute(DebugLoggerWarningAction.java:30)
	at org.gradle.launcher.cli.WelcomeMessageAction.execute(WelcomeMessageAction.java:92)
	at org.gradle.launcher.cli.WelcomeMessageAction.execute(WelcomeMessageAction.java:38)
	at org.gradle.launcher.cli.NativeServicesInitializingAction.execute(NativeServicesInitializingAction.java:44)
	at org.gradle.launcher.cli.NativeServicesInitializingAction.execute(NativeServicesInitializingAction.java:26)
	at org.gradle.launcher.cli.ExceptionReportingAction.execute(ExceptionReportingAction.java:41)
	at org.gradle.launcher.cli.ExceptionReportingAction.execute(ExceptionReportingAction.java:26)
	at org.gradle.launcher.cli.DefaultCommandLineActionFactory$WithLogging.execute(DefaultCommandLineActionFactory.java:259)
	at org.gradle.launcher.Main.doAction(Main.java:35)
	at org.gradle.launcher.bootstrap.EntryPoint.run(EntryPoint.java:50)
	at org.gradle.launcher.bootstrap.ProcessBootstrap.runNoExit(ProcessBootstrap.java:60)
	at org.gradle.launcher.bootstrap.ProcessBootstrap.run(ProcessBootstrap.java:37)
	at org.gradle.launcher.GradleMain.main(GradleMain.java:31)
	at org.gradle.wrapper.BootstrapMainStarter.start(BootstrapMainStarter.java:31)
	at org.gradle.wrapper.WrapperExecutor.execute(WrapperExecutor.java:108)
	at org.gradle.wrapper.GradleWrapperMain.main(GradleWrapperMain.java:61)


* Get more help at https://help.gradle.org

BUILD FAILED in 5s

2021-01-13 12:04:51,207 ERROR ProjectBuildService - Excluded tasks were detected wrong
2021-01-13 12:04:51,207 INFO  SysUtils - Execute command: [/var/folders/bq/vtzpc5ns5sg2cthy61lqpg3dfzgbys/T/1610514141850-0/src/gradlew, -b, /var/folders/bq/vtzpc5ns5sg2cthy61lqpg3dfzgbys/T/1610514141850-0/src/app-a/build.gradle, -Dorg.gradle.daemon=false, -Dorg.gradle.daemon.performance.enable-monitoring=false, -Dorg.gradle.configureondemand=true, --stacktrace, build]
2021-01-13 12:05:43,892 INFO  SysUtils - Configuration on demand is an incubating feature.
> Task :app-a:preBuild UP-TO-DATE
> Task :app-a:preDebugBuild UP-TO-DATE
> Task :app-a:compileDebugAidl NO-SOURCE
> Task :app-a:generateDebugBuildConfig
> Task :app-a:compileDebugRenderscript NO-SOURCE
> Task :app-a:checkDebugAarMetadata
> Task :app-a:generateDebugResValues
> Task :app-a:generateDebugResources
> Task :app-a:createDebugCompatibleScreenManifests
> Task :app-a:extractDeepLinksDebug
> Task :app-a:mergeDebugResources
> Task :app-a:processDebugMainManifest
> Task :app-a:processDebugManifest
> Task :app-a:mergeDebugNativeDebugMetadata NO-SOURCE
> Task :app-a:javaPreCompileDebug
> Task :app-a:processDebugManifestForPackage
> Task :app-a:processDebugResources
> Task :app-a:compileDebugKotlin
> Task :app-a:compileDebugJavaWithJavac
> Task :app-a:compileDebugSources
> Task :app-a:mergeDebugShaders
> Task :app-a:compileDebugShaders NO-SOURCE
> Task :app-a:generateDebugAssets UP-TO-DATE
> Task :app-a:mergeDebugAssets
> Task :app-a:compressDebugAssets
> Task :app-a:processDebugJavaRes NO-SOURCE
> Task :app-a:mergeDebugJavaResource
> Task :app-a:checkDebugDuplicateClasses
> Task :app-a:mergeLibDexDebug
> Task :app-a:desugarDebugFileDependencies
> Task :app-a:dexBuilderDebug
> Task :app-a:mergeDebugJniLibFolders
> Task :app-a:validateSigningDebug
> Task :app-a:preReleaseBuild UP-TO-DATE
> Task :app-a:compileReleaseAidl NO-SOURCE
> Task :app-a:compileReleaseRenderscript NO-SOURCE
> Task :app-a:generateReleaseBuildConfig
> Task :app-a:checkReleaseAarMetadata
> Task :app-a:generateReleaseResValues
> Task :app-a:generateReleaseResources
> Task :app-a:mergeDebugNativeLibs
> Task :app-a:mergeProjectDexDebug
> Task :app-a:stripDebugDebugSymbols NO-SOURCE
> Task :app-a:createReleaseCompatibleScreenManifests
> Task :app-a:extractDeepLinksRelease
> Task :app-a:processReleaseMainManifest
> Task :app-a:processReleaseManifest
> Task :app-a:javaPreCompileRelease
> Task :app-a:processReleaseManifestForPackage
> Task :app-a:mergeReleaseNativeDebugMetadata NO-SOURCE
> Task :app-a:mergeReleaseShaders
> Task :app-a:compileReleaseShaders NO-SOURCE
> Task :app-a:generateReleaseAssets UP-TO-DATE
> Task :app-a:mergeReleaseAssets
> Task :app-a:mergeReleaseResources
> Task :app-a:compressReleaseAssets
> Task :app-a:processReleaseResources
> Task :app-a:compileReleaseKotlin
> Task :app-a:compileReleaseJavaWithJavac
> Task :app-a:compileReleaseSources
> Task :app-a:lintVitalRelease SKIPPED
> Task :app-a:checkReleaseDuplicateClasses
> Task :app-a:dexBuilderRelease
> Task :app-a:desugarReleaseFileDependencies
> Task :app-a:processReleaseJavaRes NO-SOURCE
> Task :app-a:mergeReleaseJavaResource
> Task :app-a:collectReleaseDependencies
> Task :app-a:sdkReleaseDependencyData
> Task :app-a:mergeReleaseJniLibFolders
> Task :app-a:mergeReleaseNativeLibs

> Task :app-a:lint
Ran lint on variant debug: 4 issues found
Ran lint on variant release: 3 issues found
Wrote HTML report to file:///private/var/folders/bq/vtzpc5ns5sg2cthy61lqpg3dfzgbys/T/1610514141850-0/src/app-a/build/reports/lint-results.html
Wrote XML report to file:///private/var/folders/bq/vtzpc5ns5sg2cthy61lqpg3dfzgbys/T/1610514141850-0/src/app-a/build/reports/lint-results.xml

> Task :app-a:stripReleaseDebugSymbols NO-SOURCE
> Task :app-a:preDebugUnitTestBuild UP-TO-DATE
> Task :app-a:javaPreCompileDebugUnitTest
> Task :app-a:processDebugUnitTestJavaRes NO-SOURCE
> Task :app-a:preReleaseUnitTestBuild UP-TO-DATE
> Task :app-a:processReleaseUnitTestJavaRes NO-SOURCE
> Task :app-a:bundleDebugClasses
> Task :app-a:javaPreCompileReleaseUnitTest
> Task :app-a:bundleReleaseClasses
> Task :app-a:compileDebugUnitTestKotlin
> Task :app-a:compileDebugUnitTestJavaWithJavac NO-SOURCE
> Task :app-a:mergeExtDexRelease
> Task :app-a:mergeExtDexDebug
> Task :app-a:testDebugUnitTest
> Task :app-a:compileReleaseUnitTestKotlin
> Task :app-a:compileReleaseUnitTestJavaWithJavac NO-SOURCE
> Task :app-a:testReleaseUnitTest
> Task :app-a:test
> Task :app-a:check
> Task :app-a:mergeDexRelease
> Task :app-a:packageDebug
> Task :app-a:assembleDebug
> Task :app-a:packageRelease
> Task :app-a:assembleRelease
> Task :app-a:assemble
> Task :app-a:build

BUILD SUCCESSFUL in 52s
63 actionable tasks: 63 executed

2021-01-13 12:05:43,969 INFO  FullProcessService - Found APK file: /var/folders/bq/vtzpc5ns5sg2cthy61lqpg3dfzgbys/T/1610514141850-0/src/app-a/build/outputs/apk/release/app-a-release-unsigned.apk
