2021-03-09 03:01:55,180 INFO  DownloadService - Downloading "https://github.com/fabiosassu/StackExpandableView/archive/master.zip", attempt 3
2021-03-09 03:02:01,577 INFO  DownloadService - Downloading "https://github.com/fabiosassu/StackExpandableView/archive/master.zip", attempt 2
2021-03-09 03:02:07,288 INFO  DownloadService - Downloading "https://github.com/fabiosassu/StackExpandableView/archive/master.zip", attempt 1
2021-03-09 03:03:07,395 INFO  GithubDownloadService - Could not find ZIP archive for master branch
2021-03-09 03:03:08,757 INFO  GithubDownloadService - Default branch of this repository: main
2021-03-09 03:03:08,759 INFO  DownloadService - Downloading "https://github.com/fabiosassu/StackExpandableView/archive/main.zip", attempt 3
2021-03-09 03:04:10,913 DEBUG FullProcessService - Repository https://github.com/fabiosassu/StackExpandableView available: true
2021-03-09 03:04:10,913 INFO  FullProcessService - Could not download ZIP file from Github, lets clone it
2021-03-09 03:04:10,918 INFO  SysUtils - Execute command: [git, clone, -q, --single-branch, --depth, 1, https://github.com/fabiosassu/StackExpandableView, /var/folders/bq/vtzpc5ns5sg2cthy61lqpg3dfzgbys/T/1615233715036-0/src]
2021-03-09 03:04:12,467 INFO  SysUtils - 
2021-03-09 03:04:12,659 INFO  GitService - Deleted "/var/folders/bq/vtzpc5ns5sg2cthy61lqpg3dfzgbys/T/1615233715036-0/src/.git": true
2021-03-09 03:04:12,673 INFO  FullProcessService - Size of directory with sources: 175 KB
2021-03-09 03:04:12,673 INFO  SysUtils - Execute command: [git, init, /var/folders/bq/vtzpc5ns5sg2cthy61lqpg3dfzgbys/T/1615233715036-0/src]
2021-03-09 03:04:12,708 INFO  SysUtils - Initialized empty Git repository in /private/var/folders/bq/vtzpc5ns5sg2cthy61lqpg3dfzgbys/T/1615233715036-0/src/.git/

2021-03-09 03:04:12,725 INFO  ProjectBuildService - Gradle wrapper(s): /var/folders/bq/vtzpc5ns5sg2cthy61lqpg3dfzgbys/T/1615233715036-0/src/gradlew
2021-03-09 03:04:12,741 INFO  ProjectBuildService - Build script(s): /var/folders/bq/vtzpc5ns5sg2cthy61lqpg3dfzgbys/T/1615233715036-0/src/app/build.gradle /var/folders/bq/vtzpc5ns5sg2cthy61lqpg3dfzgbys/T/1615233715036-0/src/stackexpandableview/build.gradle /var/folders/bq/vtzpc5ns5sg2cthy61lqpg3dfzgbys/T/1615233715036-0/src/build.gradle
2021-03-09 03:04:12,755 INFO  ProjectBuildService - All script(s): /var/folders/bq/vtzpc5ns5sg2cthy61lqpg3dfzgbys/T/1615233715036-0/src/app/build.gradle /var/folders/bq/vtzpc5ns5sg2cthy61lqpg3dfzgbys/T/1615233715036-0/src/stackexpandableview/build.gradle /var/folders/bq/vtzpc5ns5sg2cthy61lqpg3dfzgbys/T/1615233715036-0/src/build.gradle /var/folders/bq/vtzpc5ns5sg2cthy61lqpg3dfzgbys/T/1615233715036-0/src/settings.gradle
2021-03-09 03:04:12,758 INFO  ProjectBuildService - Remote scripts: none
2021-03-09 03:04:12,759 INFO  ProjectFixService - Fixing project...
2021-03-09 03:04:12,840 INFO  AndroidToolsService - ANDROID_HOME: /Users/vbauer/Library/Android/sdk
2021-03-09 03:04:12,840 INFO  AndroidToolsService - NDK_HOME: /Users/vbauer/Library/Android/sdk/ndk-bundle
2021-03-09 03:04:12,874 INFO  AndroidToolsService - Available build tools: 21.0.1 22.0.0 23.0.0 22.0.1 21.0.0 20.0.0 23.0.1 27.0.1 24.0.0 19.0.0 25.0.0 26.0.1 18.0.1 24.0.1 27.0.0 26.0.0 25.0.1 19.0.1 28.0.0-rc1 29.0.2 28.0.2 21.1.2 29.0.3 28.0.3 23.0.3 21.0.2 23.0.2 19.0.3 25.0.3 26.0.2 27.0.2 24.0.3 26.0.3 25.0.2 19.0.2 24.0.2 30.0.2 27.0.3 28.0.1 17.0.0 21.1.1 28.0.0-rc2 29.0.1 21.1.0 28.0.0 29.0.0 18.1.0 19.1.0 18.1.1
2021-03-09 03:04:12,876 INFO  AndroidToolsService - Available build tools after clean up: 17.0.0 18.0.1 18.1.0 18.1.1 19.0.0 19.0.1 19.0.2 19.0.3 19.1.0 20.0.0 21.0.0 21.0.1 21.0.2 21.1.0 21.1.1 21.1.2 22.0.0 22.0.1 23.0.0 23.0.1 23.0.2 23.0.3 24.0.0 24.0.1 24.0.2 24.0.3 25.0.0 25.0.1 25.0.2 25.0.3 26.0.0 26.0.1 26.0.2 26.0.3 27.0.0 27.0.1 27.0.2 27.0.3 28.0.0 28.0.1 28.0.2 28.0.3 29.0.0 29.0.1 29.0.2 29.0.3 30.0.2 28.0.0-rc1 28.0.0-rc2
2021-03-09 03:04:12,910 INFO  AndroidToolsService - Available platforms: 12 15 23 24 25 22 14 13 30 5 2 3 4 16 29 11 27 18 20 21 26 19 10 17 28 6 8 9 7
2021-03-09 03:04:12,911 INFO  AndroidToolsService - Available platforms after clean up: 2 3 4 5 6 7 8 9 10 11 12 13 14 15 16 17 18 19 20 21 22 23 24 25 26 27 28 29 30
2021-03-09 03:04:12,916 INFO  LocalPropertiesFixService - Created fake /var/folders/bq/vtzpc5ns5sg2cthy61lqpg3dfzgbys/T/1615233715036-0/src/app/local.properties
2021-03-09 03:04:12,926 INFO  ProjectFixService - Build info for "/var/folders/bq/vtzpc5ns5sg2cthy61lqpg3dfzgbys/T/1615233715036-0/src/app/build.gradle": [buildToolsVersion=<null>,compileSdkVersion=30,minSdkVersion=21,targetSdkVersion=30]
2021-03-09 03:04:12,934 INFO  ProjectFixService - Fixed build info for "/var/folders/bq/vtzpc5ns5sg2cthy61lqpg3dfzgbys/T/1615233715036-0/src/app/build.gradle": [buildToolsVersion=28.0.0-rc2,compileSdkVersion=30,minSdkVersion=21,targetSdkVersion=30]
2021-03-09 03:04:12,939 INFO  LocalPropertiesFixService - Created fake /var/folders/bq/vtzpc5ns5sg2cthy61lqpg3dfzgbys/T/1615233715036-0/src/stackexpandableview/local.properties
2021-03-09 03:04:12,940 INFO  ProjectFixService - Build info for "/var/folders/bq/vtzpc5ns5sg2cthy61lqpg3dfzgbys/T/1615233715036-0/src/stackexpandableview/build.gradle": [buildToolsVersion=<null>,compileSdkVersion=30,minSdkVersion=16,targetSdkVersion=30]
2021-03-09 03:04:12,941 INFO  ProjectFixService - Fixed build info for "/var/folders/bq/vtzpc5ns5sg2cthy61lqpg3dfzgbys/T/1615233715036-0/src/stackexpandableview/build.gradle": [buildToolsVersion=28.0.0-rc2,compileSdkVersion=30,minSdkVersion=16,targetSdkVersion=30]
2021-03-09 03:04:12,942 INFO  LocalPropertiesFixService - Created fake /var/folders/bq/vtzpc5ns5sg2cthy61lqpg3dfzgbys/T/1615233715036-0/src/local.properties
2021-03-09 03:04:12,952 INFO  WrapperPropertiesFixService - Gradle wrapper: https://services.gradle.org/distributions/gradle-6.5-all.zip
2021-03-09 03:04:12,954 INFO  WrapperPropertiesFixService - Gradle wrapper was changed from "-all.zip" to "-bin.zip" (https://services.gradle.org/distributions/gradle-6.5-bin.zip)
2021-03-09 03:04:12,957 INFO  ProjectFixService - Build info for "/var/folders/bq/vtzpc5ns5sg2cthy61lqpg3dfzgbys/T/1615233715036-0/src/build.gradle": [buildToolsVersion=<null>,compileSdkVersion=30,minSdkVersion=21,targetSdkVersion=30]
2021-03-09 03:04:12,957 INFO  ProjectFixService - Fixed build info for "/var/folders/bq/vtzpc5ns5sg2cthy61lqpg3dfzgbys/T/1615233715036-0/src/build.gradle": [buildToolsVersion=28.0.0-rc2,compileSdkVersion=30,minSdkVersion=21,targetSdkVersion=30]
2021-03-09 03:04:12,958 INFO  ProjectFixService - Project was maybe fixed
2021-03-09 03:04:12,960 INFO  ProjectTaskService - Detecting possible tasks...
2021-03-09 03:04:12,960 INFO  SysUtils - Execute command: [/var/folders/bq/vtzpc5ns5sg2cthy61lqpg3dfzgbys/T/1615233715036-0/src/gradlew, -b, /var/folders/bq/vtzpc5ns5sg2cthy61lqpg3dfzgbys/T/1615233715036-0/src/app/build.gradle, -Dorg.gradle.daemon=false, -Dorg.gradle.daemon.performance.enable-monitoring=false, -Dorg.gradle.configureondemand=true, tasks]
2021-03-09 03:06:34,181 INFO  ProjectTaskService - Detected possible tasks: 67
2021-03-09 03:06:34,182 INFO  ProjectTaskService - Excluded tasks (18): lintDebug deviceCheck lint testReleaseUnitTest uninstallRelease deviceAndroidTest uninstallDebugAndroidTest installDebugAndroidTest connectedCheck connectedDebugAndroidTest uninstallAll test check testDebugUnitTest connectedAndroidTest installDebug lintRelease uninstallDebug
2021-03-09 03:06:34,182 INFO  SysUtils - Execute command: [/var/folders/bq/vtzpc5ns5sg2cthy61lqpg3dfzgbys/T/1615233715036-0/src/gradlew, -b, /var/folders/bq/vtzpc5ns5sg2cthy61lqpg3dfzgbys/T/1615233715036-0/src/app/build.gradle, -Dorg.gradle.daemon=false, -Dorg.gradle.daemon.performance.enable-monitoring=false, -Dorg.gradle.configureondemand=true, --stacktrace, -x, lintDebug, -x, deviceCheck, -x, lint, -x, testReleaseUnitTest, -x, uninstallRelease, -x, deviceAndroidTest, -x, uninstallDebugAndroidTest, -x, installDebugAndroidTest, -x, connectedCheck, -x, connectedDebugAndroidTest, -x, uninstallAll, -x, test, -x, check, -x, testDebugUnitTest, -x, connectedAndroidTest, -x, installDebug, -x, lintRelease, -x, uninstallDebug, build]
2021-03-09 03:10:10,847 ERROR SysUtils - Could not process external command
org.apache.commons.exec.ExecuteException: Process exited with an error: 1 (Exit value: 1)
	at org.apache.commons.exec.DefaultExecutor.executeInternal(DefaultExecutor.java:404)
	at org.apache.commons.exec.DefaultExecutor.execute(DefaultExecutor.java:166)
	at com.github.vbauer.apkmaster.util.SysUtils.execute(SysUtils.java:67)
	at com.github.vbauer.apkmaster.util.SysUtils.executeSimple(SysUtils.java:43)
	at com.github.vbauer.apkmaster.service.assembly.ProjectBuildService.buildProject(ProjectBuildService.java:78)
	at com.github.vbauer.apkmaster.service.assembly.ProjectBuildService.buildProject(ProjectBuildService.java:64)
	at com.github.vbauer.apkmaster.service.assembly.ProjectBuildService.buildProject(ProjectBuildService.java:43)
	at com.github.vbauer.apkmaster.service.FullProcessService.build(FullProcessService.java:84)
	at com.github.vbauer.apkmaster.service.FullProcessService.process(FullProcessService.java:34)
	at com.github.vbauer.apkmaster.app.MainApplication.process(MainApplication.java:38)
	at com.github.vbauer.apkmaster.app.MainApplication.main(MainApplication.java:20)
	at sun.reflect.NativeMethodAccessorImpl.invoke0(Native Method)
	at sun.reflect.NativeMethodAccessorImpl.invoke(NativeMethodAccessorImpl.java:62)
	at sun.reflect.DelegatingMethodAccessorImpl.invoke(DelegatingMethodAccessorImpl.java:43)
	at java.lang.reflect.Method.invoke(Method.java:498)
	at com.android.arsenal.util.ReflectionUtils.invoke(ReflectionUtils.java:42)
	at com.android.arsenal.util.ApkMasterUtils.main(ApkMasterUtils.java:30)
	at com.android.arsenal.service.processor.impl.BuildProcessorServiceImpl.buildProject(BuildProcessorServiceImpl.java:197)
	at com.android.arsenal.service.processor.impl.BuildProcessorServiceImpl.build(BuildProcessorServiceImpl.java:131)
	at com.android.arsenal.service.processor.impl.BuildProcessorServiceImpl.lambda$createTasks$1(BuildProcessorServiceImpl.java:114)
	at java.util.concurrent.FutureTask.run(FutureTask.java:266)
	at java.util.concurrent.Executors$RunnableAdapter.call(Executors.java:511)
	at java.util.concurrent.FutureTask.run(FutureTask.java:266)
	at java.util.concurrent.ThreadPoolExecutor.runWorker(ThreadPoolExecutor.java:1149)
	at java.util.concurrent.ThreadPoolExecutor$Worker.run(ThreadPoolExecutor.java:624)
	at java.lang.Thread.run(Thread.java:748)
2021-03-09 03:10:10,847 INFO  SysUtils - Configuration on demand is an incubating feature.
> Task :app:preBuild UP-TO-DATE
> Task :app:preDebugBuild UP-TO-DATE
> Task :stackexpandableview:preBuild UP-TO-DATE
> Task :stackexpandableview:preDebugBuild UP-TO-DATE
> Task :stackexpandableview:compileDebugAidl NO-SOURCE
> Task :app:compileDebugAidl NO-SOURCE
> Task :stackexpandableview:packageDebugRenderscript NO-SOURCE
> Task :app:compileDebugRenderscript NO-SOURCE
> Task :app:dataBindingMergeDependencyArtifactsDebug
> Task :app:dataBindingMergeGenClassesDebug
> Task :app:generateDebugResValues
> Task :app:generateDebugResources
> Task :stackexpandableview:compileDebugRenderscript NO-SOURCE
> Task :stackexpandableview:generateDebugResValues
> Task :stackexpandableview:generateDebugResources
> Task :stackexpandableview:packageDebugResources
> Task :app:generateDebugBuildConfig
> Task :stackexpandableview:writeDebugAarMetadata
> Task :app:createDebugCompatibleScreenManifests
> Task :app:checkDebugAarMetadata
> Task :app:extractDeepLinksDebug
> Task :stackexpandableview:extractDeepLinksDebug
> Task :stackexpandableview:compileDebugLibraryResources
> Task :app:mergeDebugResources
> Task :stackexpandableview:processDebugManifest
> Task :stackexpandableview:parseDebugLocalResources
> Task :app:dataBindingGenBaseClassesDebug

> Task :app:processDebugMainManifest
/private/var/folders/bq/vtzpc5ns5sg2cthy61lqpg3dfzgbys/T/1615233715036-0/src/app/src/main/AndroidManifest.xml Warning:
	Package name 'it.fabiosassu.stackexpandableview' used in: AndroidManifest.xml, :stackexpandableview.

> Task :app:processDebugManifest
> Task :stackexpandableview:generateDebugBuildConfig
> Task :stackexpandableview:javaPreCompileDebug
> Task :app:mergeDebugNativeDebugMetadata NO-SOURCE
> Task :app:javaPreCompileDebug
> Task :app:processDebugManifestForPackage
> Task :app:mergeDebugShaders
> Task :app:compileDebugShaders NO-SOURCE
> Task :app:generateDebugAssets UP-TO-DATE
> Task :stackexpandableview:mergeDebugShaders
> Task :stackexpandableview:compileDebugShaders NO-SOURCE
> Task :stackexpandableview:generateDebugAssets UP-TO-DATE
> Task :stackexpandableview:packageDebugAssets
> Task :app:mergeDebugAssets
> Task :app:compressDebugAssets
> Task :app:processDebugJavaRes NO-SOURCE
> Task :stackexpandableview:processDebugJavaRes NO-SOURCE
> Task :stackexpandableview:generateDebugRFile
> Task :app:processDebugResources
> Task :stackexpandableview:compileDebugKotlin
w: /private/var/folders/bq/vtzpc5ns5sg2cthy61lqpg3dfzgbys/T/1615233715036-0/src/stackexpandableview/src/main/java/it/fabiosassu/stackexpandableview/StackExpandableView.kt: (111, 36): Type inference failed. The value of the type parameter T should be mentioned in input types (argument types, receiver type or expected type). Try to specify it explicitly.

> Task :stackexpandableview:compileDebugJavaWithJavac
> Task :stackexpandableview:bundleLibResDebug
> Task :stackexpandableview:bundleLibCompileToJarDebug
> Task :app:compileDebugKotlin
> Task :app:compileDebugJavaWithJavac
> Task :app:compileDebugSources
> Task :app:checkDebugDuplicateClasses
> Task :stackexpandableview:bundleLibRuntimeToJarDebug
> Task :app:mergeDebugJavaResource
> Task :app:desugarDebugFileDependencies
> Task :app:dexBuilderDebug
> Task :app:mergeLibDexDebug
> Task :app:mergeDebugJniLibFolders
> Task :stackexpandableview:mergeDebugJniLibFolders
> Task :stackexpandableview:mergeDebugNativeLibs NO-SOURCE
> Task :stackexpandableview:stripDebugDebugSymbols NO-SOURCE
> Task :stackexpandableview:copyDebugJniLibsProjectOnly
> Task :app:validateSigningDebug
> Task :app:preReleaseBuild UP-TO-DATE
> Task :stackexpandableview:preReleaseBuild UP-TO-DATE
> Task :stackexpandableview:compileReleaseAidl NO-SOURCE
> Task :app:compileReleaseAidl NO-SOURCE
> Task :stackexpandableview:packageReleaseRenderscript NO-SOURCE
> Task :app:compileReleaseRenderscript NO-SOURCE
> Task :app:dataBindingMergeDependencyArtifactsRelease
> Task :app:dataBindingMergeGenClassesRelease
> Task :app:generateReleaseResValues
> Task :app:generateReleaseResources
> Task :stackexpandableview:compileReleaseRenderscript NO-SOURCE
> Task :stackexpandableview:generateReleaseResValues
> Task :stackexpandableview:generateReleaseResources
> Task :stackexpandableview:packageReleaseResources
> Task :app:mergeProjectDexDebug
> Task :app:mergeDebugNativeLibs
> Task :app:stripDebugDebugSymbols NO-SOURCE
> Task :app:generateReleaseBuildConfig
> Task :stackexpandableview:writeReleaseAarMetadata
> Task :app:createReleaseCompatibleScreenManifests
> Task :app:extractDeepLinksRelease
> Task :stackexpandableview:extractDeepLinksRelease
> Task :stackexpandableview:compileReleaseLibraryResources
> Task :stackexpandableview:processReleaseManifest
> Task :app:checkReleaseAarMetadata

> Task :app:processReleaseMainManifest
/private/var/folders/bq/vtzpc5ns5sg2cthy61lqpg3dfzgbys/T/1615233715036-0/src/app/src/main/AndroidManifest.xml Warning:
	Package name 'it.fabiosassu.stackexpandableview' used in: AndroidManifest.xml, :stackexpandableview.

> Task :app:processReleaseManifest
> Task :stackexpandableview:generateReleaseBuildConfig
> Task :stackexpandableview:parseReleaseLocalResources
> Task :stackexpandableview:javaPreCompileRelease
> Task :app:processReleaseManifestForPackage
> Task :app:javaPreCompileRelease
> Task :app:mergeReleaseNativeDebugMetadata NO-SOURCE
> Task :stackexpandableview:prepareLintJarForPublish
> Task :app:mergeReleaseShaders
> Task :app:compileReleaseShaders NO-SOURCE
> Task :app:generateReleaseAssets UP-TO-DATE
> Task :stackexpandableview:mergeReleaseShaders
> Task :stackexpandableview:compileReleaseShaders NO-SOURCE
> Task :stackexpandableview:generateReleaseAssets UP-TO-DATE
> Task :stackexpandableview:packageReleaseAssets
> Task :app:mergeReleaseAssets
> Task :app:compressReleaseAssets
> Task :app:checkReleaseDuplicateClasses
> Task :stackexpandableview:generateReleaseRFile
> Task :app:mergeReleaseResources

> Task :stackexpandableview:compileReleaseKotlin
w: /private/var/folders/bq/vtzpc5ns5sg2cthy61lqpg3dfzgbys/T/1615233715036-0/src/stackexpandableview/src/main/java/it/fabiosassu/stackexpandableview/StackExpandableView.kt: (111, 36): Type inference failed. The value of the type parameter T should be mentioned in input types (argument types, receiver type or expected type). Try to specify it explicitly.

> Task :app:dataBindingGenBaseClassesRelease
> Task :app:processReleaseResources
> Task :stackexpandableview:compileReleaseJavaWithJavac
> Task :stackexpandableview:bundleLibRuntimeToJarRelease
> Task :stackexpandableview:bundleLibCompileToJarRelease
> Task :app:mergeExtDexDebug
> Task :app:compileReleaseKotlin
> Task :app:compileReleaseJavaWithJavac
> Task :app:compileReleaseSources
> Task :app:packageDebug
> Task :app:lintVitalRelease
> Task :app:dexBuilderRelease
> Task :app:assembleDebug
> Task :app:desugarReleaseFileDependencies
> Task :app:processReleaseJavaRes NO-SOURCE
> Task :stackexpandableview:processReleaseJavaRes NO-SOURCE
> Task :stackexpandableview:bundleLibResRelease
> Task :app:collectReleaseDependencies
> Task :app:sdkReleaseDependencyData
> Task :app:mergeReleaseJniLibFolders
> Task :stackexpandableview:mergeReleaseJniLibFolders
> Task :stackexpandableview:mergeReleaseNativeLibs NO-SOURCE
> Task :stackexpandableview:stripReleaseDebugSymbols NO-SOURCE
> Task :stackexpandableview:copyReleaseJniLibsProjectOnly
> Task :app:mergeReleaseNativeLibs
> Task :app:stripReleaseDebugSymbols NO-SOURCE
> Task :app:mergeReleaseJavaResource
> Task :app:mergeExtDexRelease

> Task :app:mergeDexRelease FAILED
/private/var/folders/bq/vtzpc5ns5sg2cthy61lqpg3dfzgbys/T/1615233715036-0/src/app/build/intermediates/project_dex_archive/release/out/it/fabiosassu/stackexpandableview/BuildConfig.dex: D8: Type it.fabiosassu.stackexpandableview.BuildConfig is defined multiple times: /private/var/folders/bq/vtzpc5ns5sg2cthy61lqpg3dfzgbys/T/1615233715036-0/src/app/build/intermediates/project_dex_archive/release/out/it/fabiosassu/stackexpandableview/BuildConfig.dex, /private/var/folders/bq/vtzpc5ns5sg2cthy61lqpg3dfzgbys/T/1615233715036-0/src/stackexpandableview/build/.transforms/5ec06a288c4c693ede1e0bb7ef432977/classes/classes.dex
com.android.builder.dexing.DexArchiveMergerException: Error while merging dex archives: 
Type it.fabiosassu.stackexpandableview.BuildConfig is defined multiple times: /private/var/folders/bq/vtzpc5ns5sg2cthy61lqpg3dfzgbys/T/1615233715036-0/src/app/build/intermediates/project_dex_archive/release/out/it/fabiosassu/stackexpandableview/BuildConfig.dex, /private/var/folders/bq/vtzpc5ns5sg2cthy61lqpg3dfzgbys/T/1615233715036-0/src/stackexpandableview/build/.transforms/5ec06a288c4c693ede1e0bb7ef432977/classes/classes.dex
Learn how to resolve the issue at https://developer.android.com/studio/build/dependencies#duplicate_classes.
	at com.android.builder.dexing.D8DexArchiveMerger.getExceptionToRethrow(D8DexArchiveMerger.java:132)
	at com.android.builder.dexing.D8DexArchiveMerger.mergeDexArchives(D8DexArchiveMerger.java:119)
	at com.android.build.gradle.internal.transforms.DexMergerTransformCallable.call(DexMergerTransformCallable.java:102)
	at com.android.build.gradle.internal.tasks.DexMergingTaskRunnable.run(DexMergingTask.kt:432)
	at com.android.build.gradle.internal.tasks.Workers$ActionFacade.run(Workers.kt:242)
	at org.gradle.workers.internal.AdapterWorkAction.execute(AdapterWorkAction.java:57)
	at org.gradle.workers.internal.DefaultWorkerServer.execute(DefaultWorkerServer.java:63)
	at org.gradle.workers.internal.NoIsolationWorkerFactory$1$1.create(NoIsolationWorkerFactory.java:67)
	at org.gradle.workers.internal.NoIsolationWorkerFactory$1$1.create(NoIsolationWorkerFactory.java:63)
	at org.gradle.internal.classloader.ClassLoaderUtils.executeInClassloader(ClassLoaderUtils.java:97)
	at org.gradle.workers.internal.NoIsolationWorkerFactory$1.lambda$execute$0(NoIsolationWorkerFactory.java:63)
	at org.gradle.workers.internal.AbstractWorker$1.call(AbstractWorker.java:44)
	at org.gradle.workers.internal.AbstractWorker$1.call(AbstractWorker.java:41)
	at org.gradle.internal.operations.DefaultBuildOperationExecutor$CallableBuildOperationWorker.execute(DefaultBuildOperationExecutor.java:409)
	at org.gradle.internal.operations.DefaultBuildOperationExecutor$CallableBuildOperationWorker.execute(DefaultBuildOperationExecutor.java:399)
	at org.gradle.internal.operations.DefaultBuildOperationExecutor$1.execute(DefaultBuildOperationExecutor.java:157)
	at org.gradle.internal.operations.DefaultBuildOperationExecutor.execute(DefaultBuildOperationExecutor.java:242)
	at org.gradle.internal.operations.DefaultBuildOperationExecutor.execute(DefaultBuildOperationExecutor.java:150)
	at org.gradle.internal.operations.DefaultBuildOperationExecutor.call(DefaultBuildOperationExecutor.java:94)
	at org.gradle.internal.operations.DelegatingBuildOperationExecutor.call(DelegatingBuildOperationExecutor.java:36)
	at org.gradle.workers.internal.AbstractWorker.executeWrappedInBuildOperation(AbstractWorker.java:41)
	at org.gradle.workers.internal.NoIsolationWorkerFactory$1.execute(NoIsolationWorkerFactory.java:60)
	at org.gradle.workers.internal.DefaultWorkerExecutor.lambda$submitWork$2(DefaultWorkerExecutor.java:200)
	at java.util.concurrent.FutureTask.run(FutureTask.java:266)
	at org.gradle.internal.work.DefaultConditionalExecutionQueue$ExecutionRunner.runExecution(DefaultConditionalExecutionQueue.java:215)
	at org.gradle.internal.work.DefaultConditionalExecutionQueue$ExecutionRunner.runBatch(DefaultConditionalExecutionQueue.java:164)
	at org.gradle.internal.work.DefaultConditionalExecutionQueue$ExecutionRunner.run(DefaultConditionalExecutionQueue.java:131)
	at java.util.concurrent.Executors$RunnableAdapter.call(Executors.java:511)
	at java.util.concurrent.FutureTask.run(FutureTask.java:266)
	at org.gradle.internal.concurrent.ExecutorPolicy$CatchAndRecordFailures.onExecute(ExecutorPolicy.java:64)
	at org.gradle.internal.concurrent.ManagedExecutorImpl$1.run(ManagedExecutorImpl.java:48)
	at java.util.concurrent.ThreadPoolExecutor.runWorker(ThreadPoolExecutor.java:1149)
	at java.util.concurrent.ThreadPoolExecutor$Worker.run(ThreadPoolExecutor.java:624)
	at org.gradle.internal.concurrent.ThreadFactoryImpl$ManagedThreadRunnable.run(ThreadFactoryImpl.java:56)
	at java.lang.Thread.run(Thread.java:748)
Caused by: com.android.tools.r8.CompilationFailedException: Compilation failed to complete, origin: /private/var/folders/bq/vtzpc5ns5sg2cthy61lqpg3dfzgbys/T/1615233715036-0/src/app/build/intermediates/project_dex_archive/release/out/it/fabiosassu/stackexpandableview/BuildConfig.dex
	at Version.fakeStackEntry(Version_2.1.86.java:0)
	at com.android.tools.r8.utils.Y.a(SourceFile:78)
	at com.android.tools.r8.D8.run(D8.java:11)
	at com.android.builder.dexing.D8DexArchiveMerger.mergeDexArchives(D8DexArchiveMerger.java:117)
	... 33 more
Caused by: com.android.tools.r8.utils.b: Type it.fabiosassu.stackexpandableview.BuildConfig is defined multiple times: /private/var/folders/bq/vtzpc5ns5sg2cthy61lqpg3dfzgbys/T/1615233715036-0/src/app/build/intermediates/project_dex_archive/release/out/it/fabiosassu/stackexpandableview/BuildConfig.dex, /private/var/folders/bq/vtzpc5ns5sg2cthy61lqpg3dfzgbys/T/1615233715036-0/src/stackexpandableview/build/.transforms/5ec06a288c4c693ede1e0bb7ef432977/classes/classes.dex
	at com.android.tools.r8.utils.T0.error(SourceFile:1)
	at com.android.tools.r8.utils.T0.a(SourceFile:2)
	at com.android.tools.r8.utils.R0.b(SourceFile:6)
	at com.android.tools.r8.utils.R0.a(SourceFile:24)
	at com.android.tools.r8.utils.R0.a(SourceFile:10)
	at java.util.concurrent.ConcurrentHashMap.merge(ConcurrentHashMap.java:1990)
	at com.android.tools.r8.utils.R0.a(SourceFile:6)
	at com.android.tools.r8.graph.Q0$c.f(SourceFile:3)
	at com.android.tools.r8.dex.a.a(SourceFile:298)
	at com.android.tools.r8.dex.a.a(SourceFile:226)
	at com.android.tools.r8.D8.d(D8.java:6)
	at com.android.tools.r8.D8.b(D8.java:1)
	at com.android.tools.r8.utils.Y.a(SourceFile:36)
	... 35 more


FAILURE: Build failed with an exception.

* What went wrong:
Execution failed for task ':app:mergeDexRelease'.
> A failure occurred while executing com.android.build.gradle.internal.tasks.Workers$ActionFacade
   > com.android.builder.dexing.DexArchiveMergerException: Error while merging dex archives: 
     Type it.fabiosassu.stackexpandableview.BuildConfig is defined multiple times: /private/var/folders/bq/vtzpc5ns5sg2cthy61lqpg3dfzgbys/T/1615233715036-0/src/app/build/intermediates/project_dex_archive/release/out/it/fabiosassu/stackexpandableview/BuildConfig.dex, /private/var/folders/bq/vtzpc5ns5sg2cthy61lqpg3dfzgbys/T/1615233715036-0/src/stackexpandableview/build/.transforms/5ec06a288c4c693ede1e0bb7ef432977/classes/classes.dex
     Learn how to resolve the issue at https://developer.android.com/studio/build/dependencies#duplicate_classes.

* Try:
Run with --info or --debug option to get more log output. Run with --scan to get full insights.

* Exception is:
org.gradle.api.tasks.TaskExecutionException: Execution failed for task ':app:mergeDexRelease'.
	at org.gradle.api.internal.tasks.execution.ExecuteActionsTaskExecuter.lambda$executeIfValid$1(ExecuteActionsTaskExecuter.java:207)
	at org.gradle.internal.Try$Failure.ifSuccessfulOrElse(Try.java:263)
	at org.gradle.api.internal.tasks.execution.ExecuteActionsTaskExecuter.executeIfValid(ExecuteActionsTaskExecuter.java:205)
	at org.gradle.api.internal.tasks.execution.ExecuteActionsTaskExecuter.execute(ExecuteActionsTaskExecuter.java:186)
	at org.gradle.api.internal.tasks.execution.CleanupStaleOutputsExecuter.execute(CleanupStaleOutputsExecuter.java:114)
	at org.gradle.api.internal.tasks.execution.FinalizePropertiesTaskExecuter.execute(FinalizePropertiesTaskExecuter.java:46)
	at org.gradle.api.internal.tasks.execution.ResolveTaskExecutionModeExecuter.execute(ResolveTaskExecutionModeExecuter.java:62)
	at org.gradle.api.internal.tasks.execution.SkipTaskWithNoActionsExecuter.execute(SkipTaskWithNoActionsExecuter.java:57)
	at org.gradle.api.internal.tasks.execution.SkipOnlyIfTaskExecuter.execute(SkipOnlyIfTaskExecuter.java:56)
	at org.gradle.api.internal.tasks.execution.CatchExceptionTaskExecuter.execute(CatchExceptionTaskExecuter.java:36)
	at org.gradle.api.internal.tasks.execution.EventFiringTaskExecuter$1.executeTask(EventFiringTaskExecuter.java:77)
	at org.gradle.api.internal.tasks.execution.EventFiringTaskExecuter$1.call(EventFiringTaskExecuter.java:55)
	at org.gradle.api.internal.tasks.execution.EventFiringTaskExecuter$1.call(EventFiringTaskExecuter.java:52)
	at org.gradle.internal.operations.DefaultBuildOperationExecutor$CallableBuildOperationWorker.execute(DefaultBuildOperationExecutor.java:409)
	at org.gradle.internal.operations.DefaultBuildOperationExecutor$CallableBuildOperationWorker.execute(DefaultBuildOperationExecutor.java:399)
	at org.gradle.internal.operations.DefaultBuildOperationExecutor$1.execute(DefaultBuildOperationExecutor.java:157)
	at org.gradle.internal.operations.DefaultBuildOperationExecutor.execute(DefaultBuildOperationExecutor.java:242)
	at org.gradle.internal.operations.DefaultBuildOperationExecutor.execute(DefaultBuildOperationExecutor.java:150)
	at org.gradle.internal.operations.DefaultBuildOperationExecutor.call(DefaultBuildOperationExecutor.java:94)
	at org.gradle.internal.operations.DelegatingBuildOperationExecutor.call(DelegatingBuildOperationExecutor.java:36)
	at org.gradle.api.internal.tasks.execution.EventFiringTaskExecuter.execute(EventFiringTaskExecuter.java:52)
	at org.gradle.execution.plan.LocalTaskNodeExecutor.execute(LocalTaskNodeExecutor.java:41)
	at org.gradle.execution.taskgraph.DefaultTaskExecutionGraph$InvokeNodeExecutorsAction.execute(DefaultTaskExecutionGraph.java:356)
	at org.gradle.execution.taskgraph.DefaultTaskExecutionGraph$InvokeNodeExecutorsAction.execute(DefaultTaskExecutionGraph.java:343)
	at org.gradle.execution.taskgraph.DefaultTaskExecutionGraph$BuildOperationAwareExecutionAction.execute(DefaultTaskExecutionGraph.java:336)
	at org.gradle.execution.taskgraph.DefaultTaskExecutionGraph$BuildOperationAwareExecutionAction.execute(DefaultTaskExecutionGraph.java:322)
	at org.gradle.execution.plan.DefaultPlanExecutor$ExecutorWorker.lambda$run$0(DefaultPlanExecutor.java:127)
	at org.gradle.execution.plan.DefaultPlanExecutor$ExecutorWorker.execute(DefaultPlanExecutor.java:191)
	at org.gradle.execution.plan.DefaultPlanExecutor$ExecutorWorker.executeNextNode(DefaultPlanExecutor.java:182)
	at org.gradle.execution.plan.DefaultPlanExecutor$ExecutorWorker.run(DefaultPlanExecutor.java:124)
	at org.gradle.internal.concurrent.ExecutorPolicy$CatchAndRecordFailures.onExecute(ExecutorPolicy.java:64)
	at org.gradle.internal.concurrent.ManagedExecutorImpl$1.run(ManagedExecutorImpl.java:48)
	at org.gradle.internal.concurrent.ThreadFactoryImpl$ManagedThreadRunnable.run(ThreadFactoryImpl.java:56)
Caused by: org.gradle.workers.internal.DefaultWorkerExecutor$WorkExecutionException: A failure occurred while executing com.android.build.gradle.internal.tasks.Workers$ActionFacade
	at org.gradle.workers.internal.DefaultWorkerExecutor$WorkItemExecution.waitForCompletion(DefaultWorkerExecutor.java:336)
	at org.gradle.internal.work.DefaultAsyncWorkTracker.waitForItemsAndGatherFailures(DefaultAsyncWorkTracker.java:142)
	at org.gradle.internal.work.DefaultAsyncWorkTracker.waitForItemsAndGatherFailures(DefaultAsyncWorkTracker.java:94)
	at org.gradle.internal.work.DefaultAsyncWorkTracker.waitForAll(DefaultAsyncWorkTracker.java:80)
	at org.gradle.internal.work.DefaultAsyncWorkTracker.waitForCompletion(DefaultAsyncWorkTracker.java:68)
	at org.gradle.api.internal.tasks.execution.ExecuteActionsTaskExecuter$3.run(ExecuteActionsTaskExecuter.java:577)
	at org.gradle.internal.operations.DefaultBuildOperationExecutor$RunnableBuildOperationWorker.execute(DefaultBuildOperationExecutor.java:395)
	at org.gradle.internal.operations.DefaultBuildOperationExecutor$RunnableBuildOperationWorker.execute(DefaultBuildOperationExecutor.java:387)
	at org.gradle.internal.operations.DefaultBuildOperationExecutor$1.execute(DefaultBuildOperationExecutor.java:157)
	at org.gradle.internal.operations.DefaultBuildOperationExecutor.execute(DefaultBuildOperationExecutor.java:242)
	at org.gradle.internal.operations.DefaultBuildOperationExecutor.execute(DefaultBuildOperationExecutor.java:150)
	at org.gradle.internal.operations.DefaultBuildOperationExecutor.run(DefaultBuildOperationExecutor.java:84)
	at org.gradle.internal.operations.DelegatingBuildOperationExecutor.run(DelegatingBuildOperationExecutor.java:31)
	at org.gradle.api.internal.tasks.execution.ExecuteActionsTaskExecuter.executeAction(ExecuteActionsTaskExecuter.java:554)
	at org.gradle.api.internal.tasks.execution.ExecuteActionsTaskExecuter.executeActions(ExecuteActionsTaskExecuter.java:537)
	at org.gradle.api.internal.tasks.execution.ExecuteActionsTaskExecuter.access$300(ExecuteActionsTaskExecuter.java:108)
	at org.gradle.api.internal.tasks.execution.ExecuteActionsTaskExecuter$TaskExecution.executeWithPreviousOutputFiles(ExecuteActionsTaskExecuter.java:278)
	at org.gradle.api.internal.tasks.execution.ExecuteActionsTaskExecuter$TaskExecution.execute(ExecuteActionsTaskExecuter.java:267)
	at org.gradle.internal.execution.steps.ExecuteStep.lambda$execute$0(ExecuteStep.java:32)
	at org.gradle.internal.execution.steps.ExecuteStep.execute(ExecuteStep.java:32)
	at org.gradle.internal.execution.steps.ExecuteStep.execute(ExecuteStep.java:26)
	at org.gradle.internal.execution.steps.CleanupOutputsStep.execute(CleanupOutputsStep.java:67)
	at org.gradle.internal.execution.steps.CleanupOutputsStep.execute(CleanupOutputsStep.java:36)
	at org.gradle.internal.execution.steps.ResolveInputChangesStep.execute(ResolveInputChangesStep.java:49)
	at org.gradle.internal.execution.steps.ResolveInputChangesStep.execute(ResolveInputChangesStep.java:34)
	at org.gradle.internal.execution.steps.CancelExecutionStep.execute(CancelExecutionStep.java:43)
	at org.gradle.internal.execution.steps.TimeoutStep.executeWithoutTimeout(TimeoutStep.java:73)
	at org.gradle.internal.execution.steps.TimeoutStep.execute(TimeoutStep.java:54)
	at org.gradle.internal.execution.steps.CatchExceptionStep.execute(CatchExceptionStep.java:34)
	at org.gradle.internal.execution.steps.CreateOutputsStep.execute(CreateOutputsStep.java:44)
	at org.gradle.internal.execution.steps.SnapshotOutputsStep.execute(SnapshotOutputsStep.java:54)
	at org.gradle.internal.execution.steps.SnapshotOutputsStep.execute(SnapshotOutputsStep.java:38)
	at org.gradle.internal.execution.steps.BroadcastChangingOutputsStep.execute(BroadcastChangingOutputsStep.java:49)
	at org.gradle.internal.execution.steps.CacheStep.executeWithoutCache(CacheStep.java:159)
	at org.gradle.internal.execution.steps.CacheStep.execute(CacheStep.java:72)
	at org.gradle.internal.execution.steps.CacheStep.execute(CacheStep.java:43)
	at org.gradle.internal.execution.steps.StoreExecutionStateStep.execute(StoreExecutionStateStep.java:44)
	at org.gradle.internal.execution.steps.StoreExecutionStateStep.execute(StoreExecutionStateStep.java:33)
	at org.gradle.internal.execution.steps.RecordOutputsStep.execute(RecordOutputsStep.java:38)
	at org.gradle.internal.execution.steps.RecordOutputsStep.execute(RecordOutputsStep.java:24)
	at org.gradle.internal.execution.steps.SkipUpToDateStep.executeBecause(SkipUpToDateStep.java:92)
	at org.gradle.internal.execution.steps.SkipUpToDateStep.lambda$execute$0(SkipUpToDateStep.java:85)
	at org.gradle.internal.execution.steps.SkipUpToDateStep.execute(SkipUpToDateStep.java:55)
	at org.gradle.internal.execution.steps.SkipUpToDateStep.execute(SkipUpToDateStep.java:39)
	at org.gradle.internal.execution.steps.ResolveChangesStep.execute(ResolveChangesStep.java:76)
	at org.gradle.internal.execution.steps.ResolveChangesStep.execute(ResolveChangesStep.java:37)
	at org.gradle.internal.execution.steps.legacy.MarkSnapshottingInputsFinishedStep.execute(MarkSnapshottingInputsFinishedStep.java:36)
	at org.gradle.internal.execution.steps.legacy.MarkSnapshottingInputsFinishedStep.execute(MarkSnapshottingInputsFinishedStep.java:26)
	at org.gradle.internal.execution.steps.ResolveCachingStateStep.execute(ResolveCachingStateStep.java:94)
	at org.gradle.internal.execution.steps.ResolveCachingStateStep.execute(ResolveCachingStateStep.java:49)
	at org.gradle.internal.execution.steps.CaptureStateBeforeExecutionStep.execute(CaptureStateBeforeExecutionStep.java:79)
	at org.gradle.internal.execution.steps.CaptureStateBeforeExecutionStep.execute(CaptureStateBeforeExecutionStep.java:53)
	at org.gradle.internal.execution.steps.ValidateStep.execute(ValidateStep.java:74)
	at org.gradle.internal.execution.steps.SkipEmptyWorkStep.lambda$execute$2(SkipEmptyWorkStep.java:78)
	at org.gradle.internal.execution.steps.SkipEmptyWorkStep.execute(SkipEmptyWorkStep.java:78)
	at org.gradle.internal.execution.steps.SkipEmptyWorkStep.execute(SkipEmptyWorkStep.java:34)
	at org.gradle.internal.execution.steps.legacy.MarkSnapshottingInputsStartedStep.execute(MarkSnapshottingInputsStartedStep.java:39)
	at org.gradle.internal.execution.steps.LoadExecutionStateStep.execute(LoadExecutionStateStep.java:40)
	at org.gradle.internal.execution.steps.LoadExecutionStateStep.execute(LoadExecutionStateStep.java:28)
	at org.gradle.internal.execution.impl.DefaultWorkExecutor.execute(DefaultWorkExecutor.java:33)
	at org.gradle.api.internal.tasks.execution.ExecuteActionsTaskExecuter.executeIfValid(ExecuteActionsTaskExecuter.java:194)
	at org.gradle.api.internal.tasks.execution.ExecuteActionsTaskExecuter.execute(ExecuteActionsTaskExecuter.java:186)
	at org.gradle.api.internal.tasks.execution.CleanupStaleOutputsExecuter.execute(CleanupStaleOutputsExecuter.java:114)
	at org.gradle.api.internal.tasks.execution.FinalizePropertiesTaskExecuter.execute(FinalizePropertiesTaskExecuter.java:46)
	at org.gradle.api.internal.tasks.execution.ResolveTaskExecutionModeExecuter.execute(ResolveTaskExecutionModeExecuter.java:62)
	at org.gradle.api.internal.tasks.execution.SkipTaskWithNoActionsExecuter.execute(SkipTaskWithNoActionsExecuter.java:57)
	at org.gradle.api.internal.tasks.execution.SkipOnlyIfTaskExecuter.execute(SkipOnlyIfTaskExecuter.java:56)
	at org.gradle.api.internal.tasks.execution.CatchExceptionTaskExecuter.execute(CatchExceptionTaskExecuter.java:36)
	at org.gradle.api.internal.tasks.execution.EventFiringTaskExecuter$1.executeTask(EventFiringTaskExecuter.java:77)
	at org.gradle.api.internal.tasks.execution.EventFiringTaskExecuter$1.call(EventFiringTaskExecuter.java:55)
	at org.gradle.api.internal.tasks.execution.EventFiringTaskExecuter$1.call(EventFiringTaskExecuter.java:52)
	at org.gradle.internal.operations.DefaultBuildOperationExecutor$CallableBuildOperationWorker.execute(DefaultBuildOperationExecutor.java:409)
	at org.gradle.internal.operations.DefaultBuildOperationExecutor$CallableBuildOperationWorker.execute(DefaultBuildOperationExecutor.java:399)
	at org.gradle.internal.operations.DefaultBuildOperationExecutor$1.execute(DefaultBuildOperationExecutor.java:157)
	at org.gradle.internal.operations.DefaultBuildOperationExecutor.execute(DefaultBuildOperationExecutor.java:242)
	at org.gradle.internal.operations.DefaultBuildOperationExecutor.execute(DefaultBuildOperationExecutor.java:150)
	at org.gradle.internal.operations.DefaultBuildOperationExecutor.call(DefaultBuildOperationExecutor.java:94)
	at org.gradle.internal.operations.DelegatingBuildOperationExecutor.call(DelegatingBuildOperationExecutor.java:36)
	at org.gradle.api.internal.tasks.execution.EventFiringTaskExecuter.execute(EventFiringTaskExecuter.java:52)
	at org.gradle.execution.plan.LocalTaskNodeExecutor.execute(LocalTaskNodeExecutor.java:41)
	at org.gradle.execution.taskgraph.DefaultTaskExecutionGraph$InvokeNodeExecutorsAction.execute(DefaultTaskExecutionGraph.java:356)
	at org.gradle.execution.taskgraph.DefaultTaskExecutionGraph$InvokeNodeExecutorsAction.execute(DefaultTaskExecutionGraph.java:343)
	at org.gradle.execution.taskgraph.DefaultTaskExecutionGraph$BuildOperationAwareExecutionAction.execute(DefaultTaskExecutionGraph.java:336)
	at org.gradle.execution.taskgraph.DefaultTaskExecutionGraph$BuildOperationAwareExecutionAction.execute(DefaultTaskExecutionGraph.java:322)
	at org.gradle.execution.plan.DefaultPlanExecutor$ExecutorWorker.lambda$run$0(DefaultPlanExecutor.java:127)
	at org.gradle.execution.plan.DefaultPlanExecutor$ExecutorWorker.execute(DefaultPlanExecutor.java:191)
	at org.gradle.execution.plan.DefaultPlanExecutor$ExecutorWorker.executeNextNode(DefaultPlanExecutor.java:182)
	at org.gradle.execution.plan.DefaultPlanExecutor$ExecutorWorker.run(DefaultPlanExecutor.java:124)
	at org.gradle.internal.concurrent.ExecutorPolicy$CatchAndRecordFailures.onExecute(ExecutorPolicy.java:64)
	at org.gradle.internal.concurrent.ManagedExecutorImpl$1.run(ManagedExecutorImpl.java:48)
	at org.gradle.internal.concurrent.ThreadFactoryImpl$ManagedThreadRunnable.run(ThreadFactoryImpl.java:56)
Caused by: com.android.build.api.transform.TransformException: com.android.builder.dexing.DexArchiveMergerException: Error while merging dex archives: 
Type it.fabiosassu.stackexpandableview.BuildConfig is defined multiple times: /private/var/folders/bq/vtzpc5ns5sg2cthy61lqpg3dfzgbys/T/1615233715036-0/src/app/build/intermediates/project_dex_archive/release/out/it/fabiosassu/stackexpandableview/BuildConfig.dex, /private/var/folders/bq/vtzpc5ns5sg2cthy61lqpg3dfzgbys/T/1615233715036-0/src/stackexpandableview/build/.transforms/5ec06a288c4c693ede1e0bb7ef432977/classes/classes.dex
Learn how to resolve the issue at https://developer.android.com/studio/build/dependencies#duplicate_classes.
	at com.android.build.gradle.internal.tasks.DexMergingTaskRunnable.run(DexMergingTask.kt:459)
	at com.android.build.gradle.internal.tasks.Workers$ActionFacade.run(Workers.kt:242)
	at org.gradle.workers.internal.AdapterWorkAction.execute(AdapterWorkAction.java:57)
	at org.gradle.workers.internal.DefaultWorkerServer.execute(DefaultWorkerServer.java:63)
	at org.gradle.workers.internal.NoIsolationWorkerFactory$1$1.create(NoIsolationWorkerFactory.java:67)
	at org.gradle.workers.internal.NoIsolationWorkerFactory$1$1.create(NoIsolationWorkerFactory.java:63)
	at org.gradle.internal.classloader.ClassLoaderUtils.executeInClassloader(ClassLoaderUtils.java:97)
	at org.gradle.workers.internal.NoIsolationWorkerFactory$1.lambda$execute$0(NoIsolationWorkerFactory.java:63)
	at org.gradle.workers.internal.AbstractWorker$1.call(AbstractWorker.java:44)
	at org.gradle.workers.internal.AbstractWorker$1.call(AbstractWorker.java:41)
	at org.gradle.internal.operations.DefaultBuildOperationExecutor$CallableBuildOperationWorker.execute(DefaultBuildOperationExecutor.java:409)
	at org.gradle.internal.operations.DefaultBuildOperationExecutor$CallableBuildOperationWorker.execute(DefaultBuildOperationExecutor.java:399)
	at org.gradle.internal.operations.DefaultBuildOperationExecutor$1.execute(DefaultBuildOperationExecutor.java:157)
	at org.gradle.internal.operations.DefaultBuildOperationExecutor.execute(DefaultBuildOperationExecutor.java:242)
	at org.gradle.internal.operations.DefaultBuildOperationExecutor.execute(DefaultBuildOperationExecutor.java:150)
	at org.gradle.internal.operations.DefaultBuildOperationExecutor.call(DefaultBuildOperationExecutor.java:94)
	at org.gradle.internal.operations.DelegatingBuildOperationExecutor.call(DelegatingBuildOperationExecutor.java:36)
	at org.gradle.workers.internal.AbstractWorker.executeWrappedInBuildOperation(AbstractWorker.java:41)
	at org.gradle.workers.internal.NoIsolationWorkerFactory$1.execute(NoIsolationWorkerFactory.java:60)
	at org.gradle.workers.internal.DefaultWorkerExecutor.lambda$submitWork$2(DefaultWorkerExecutor.java:200)
	at org.gradle.internal.work.DefaultConditionalExecutionQueue$ExecutionRunner.runExecution(DefaultConditionalExecutionQueue.java:215)
	at org.gradle.internal.work.DefaultConditionalExecutionQueue$ExecutionRunner.runBatch(DefaultConditionalExecutionQueue.java:164)
	at org.gradle.internal.work.DefaultConditionalExecutionQueue$ExecutionRunner.run(DefaultConditionalExecutionQueue.java:131)
	... 3 more
Caused by: com.android.builder.dexing.DexArchiveMergerException: Error while merging dex archives: 
Type it.fabiosassu.stackexpandableview.BuildConfig is defined multiple times: /private/var/folders/bq/vtzpc5ns5sg2cthy61lqpg3dfzgbys/T/1615233715036-0/src/app/build/intermediates/project_dex_archive/release/out/it/fabiosassu/stackexpandableview/BuildConfig.dex, /private/var/folders/bq/vtzpc5ns5sg2cthy61lqpg3dfzgbys/T/1615233715036-0/src/stackexpandableview/build/.transforms/5ec06a288c4c693ede1e0bb7ef432977/classes/classes.dex
Learn how to resolve the issue at https://developer.android.com/studio/build/dependencies#duplicate_classes.
	at com.android.builder.dexing.D8DexArchiveMerger.getExceptionToRethrow(D8DexArchiveMerger.java:132)
	at com.android.builder.dexing.D8DexArchiveMerger.mergeDexArchives(D8DexArchiveMerger.java:119)
	at com.android.build.gradle.internal.transforms.DexMergerTransformCallable.call(DexMergerTransformCallable.java:102)
	at com.android.build.gradle.internal.tasks.DexMergingTaskRunnable.run(DexMergingTask.kt:432)
	... 25 more
Caused by: com.android.tools.r8.CompilationFailedException: Compilation failed to complete, origin: /private/var/folders/bq/vtzpc5ns5sg2cthy61lqpg3dfzgbys/T/1615233715036-0/src/app/build/intermediates/project_dex_archive/release/out/it/fabiosassu/stackexpandableview/BuildConfig.dex
	at Version.fakeStackEntry(Version_2.1.86.java:0)
	at com.android.tools.r8.utils.Y.a(SourceFile:78)
	at com.android.tools.r8.D8.run(D8.java:11)
	at com.android.builder.dexing.D8DexArchiveMerger.mergeDexArchives(D8DexArchiveMerger.java:117)
	... 27 more
Caused by: com.android.tools.r8.utils.b: Type it.fabiosassu.stackexpandableview.BuildConfig is defined multiple times: /private/var/folders/bq/vtzpc5ns5sg2cthy61lqpg3dfzgbys/T/1615233715036-0/src/app/build/intermediates/project_dex_archive/release/out/it/fabiosassu/stackexpandableview/BuildConfig.dex, /private/var/folders/bq/vtzpc5ns5sg2cthy61lqpg3dfzgbys/T/1615233715036-0/src/stackexpandableview/build/.transforms/5ec06a288c4c693ede1e0bb7ef432977/classes/classes.dex
	at com.android.tools.r8.utils.T0.error(SourceFile:1)
	at com.android.tools.r8.utils.T0.a(SourceFile:2)
	at com.android.tools.r8.utils.R0.b(SourceFile:6)
	at com.android.tools.r8.utils.R0.a(SourceFile:24)
	at com.android.tools.r8.utils.R0.a(SourceFile:10)
	at com.android.tools.r8.utils.R0.a(SourceFile:6)
	at com.android.tools.r8.graph.Q0$c.f(SourceFile:3)
	at com.android.tools.r8.dex.a.a(SourceFile:298)
	at com.android.tools.r8.dex.a.a(SourceFile:226)
	at com.android.tools.r8.D8.d(D8.java:6)
	at com.android.tools.r8.D8.b(D8.java:1)
	at com.android.tools.r8.utils.Y.a(SourceFile:36)
	... 29 more


* Get more help at https://help.gradle.org

BUILD FAILED in 3m 35s
99 actionable tasks: 99 executed

2021-03-09 03:10:11,003 INFO  FullProcessService - Found APK file: /var/folders/bq/vtzpc5ns5sg2cthy61lqpg3dfzgbys/T/1615233715036-0/src/app/build/outputs/apk/debug/app-debug.apk
