2020-01-22 16:01:22,139 INFO  DownloadService - Downloading "https://github.com/Dhaval2404/ColorPicker/archive/master.zip", attempt 3
2020-01-22 16:01:25,949 INFO  DownloadService - Downloaded https://github.com/Dhaval2404/ColorPicker/archive/master.zip, attempt 3
2020-01-22 16:01:25,949 INFO  DownloadService - Size of file "/var/folders/bq/vtzpc5ns5sg2cthy61lqpg3dfzgbys/T/1579683682134-0/master.zip": 17 MB
2020-01-22 16:01:25,949 INFO  ArchiveUtils - Checking entries [.gradle] in ZIP file...
2020-01-22 16:01:25,950 INFO  ArchiveUtils - Has entries [.gradle] in ZIP file /var/folders/bq/vtzpc5ns5sg2cthy61lqpg3dfzgbys/T/1579683682134-0/master.zip: true
2020-01-22 16:01:25,950 DEBUG ZipUtil - Extracting '/var/folders/bq/vtzpc5ns5sg2cthy61lqpg3dfzgbys/T/1579683682134-0/master.zip' into '/var/folders/bq/vtzpc5ns5sg2cthy61lqpg3dfzgbys/T/1579683682134-0/src'.
2020-01-22 16:01:26,051 INFO  FullProcessService - Size of directory with sources: 17 MB
2020-01-22 16:01:26,051 INFO  SysUtils - Execute command: [git, init, /var/folders/bq/vtzpc5ns5sg2cthy61lqpg3dfzgbys/T/1579683682134-0/src]
2020-01-22 16:01:26,090 INFO  SysUtils - Initialized empty Git repository in /private/var/folders/bq/vtzpc5ns5sg2cthy61lqpg3dfzgbys/T/1579683682134-0/src/.git/

2020-01-22 16:01:26,095 INFO  ProjectBuildService - Gradle wrapper(s): /var/folders/bq/vtzpc5ns5sg2cthy61lqpg3dfzgbys/T/1579683682134-0/src/ColorPicker-master/gradlew
2020-01-22 16:01:26,100 INFO  ProjectBuildService - Build script(s): /var/folders/bq/vtzpc5ns5sg2cthy61lqpg3dfzgbys/T/1579683682134-0/src/ColorPicker-master/app/build.gradle /var/folders/bq/vtzpc5ns5sg2cthy61lqpg3dfzgbys/T/1579683682134-0/src/ColorPicker-master/colorpicker/build.gradle /var/folders/bq/vtzpc5ns5sg2cthy61lqpg3dfzgbys/T/1579683682134-0/src/ColorPicker-master/build.gradle
2020-01-22 16:01:26,104 INFO  ProjectBuildService - All script(s): /var/folders/bq/vtzpc5ns5sg2cthy61lqpg3dfzgbys/T/1579683682134-0/src/ColorPicker-master/app/build.gradle /var/folders/bq/vtzpc5ns5sg2cthy61lqpg3dfzgbys/T/1579683682134-0/src/ColorPicker-master/build.gradle /var/folders/bq/vtzpc5ns5sg2cthy61lqpg3dfzgbys/T/1579683682134-0/src/ColorPicker-master/colorpicker/build.gradle /var/folders/bq/vtzpc5ns5sg2cthy61lqpg3dfzgbys/T/1579683682134-0/src/ColorPicker-master/settings.gradle /var/folders/bq/vtzpc5ns5sg2cthy61lqpg3dfzgbys/T/1579683682134-0/src/ColorPicker-master/ktlint.gradle
2020-01-22 16:01:26,104 INFO  DownloadService - Downloading "https://raw.githubusercontent.com/nuuneoi/JCenter/master/bintrayv1.gradle", attempt 3
2020-01-22 16:01:26,125 INFO  DownloadService - Downloaded https://raw.githubusercontent.com/nuuneoi/JCenter/master/bintrayv1.gradle, attempt 3
2020-01-22 16:01:26,125 INFO  DownloadService - Downloading "https://raw.githubusercontent.com/nuuneoi/JCenter/master/installv1.gradle", attempt 3
2020-01-22 16:01:26,142 INFO  DownloadService - Downloaded https://raw.githubusercontent.com/nuuneoi/JCenter/master/installv1.gradle, attempt 3
2020-01-22 16:01:26,142 INFO  ProjectBuildService - Remote scripts: https://raw.githubusercontent.com/nuuneoi/JCenter/master/bintrayv1.gradle https://raw.githubusercontent.com/nuuneoi/JCenter/master/installv1.gradle
2020-01-22 16:01:26,142 INFO  ProjectFixService - Fixing project...
2020-01-22 16:01:26,153 INFO  LocalPropertiesFixService - Created fake /var/folders/bq/vtzpc5ns5sg2cthy61lqpg3dfzgbys/T/1579683682134-0/src/ColorPicker-master/app/local.properties
2020-01-22 16:01:26,153 INFO  ProjectFixService - Build info for "/var/folders/bq/vtzpc5ns5sg2cthy61lqpg3dfzgbys/T/1579683682134-0/src/ColorPicker-master/app/build.gradle": [buildToolsVersion=29.0.2,compileSdkVersion=29,minSdkVersion=21,targetSdkVersion=29]
2020-01-22 16:01:26,154 INFO  LocalPropertiesFixService - Created fake /var/folders/bq/vtzpc5ns5sg2cthy61lqpg3dfzgbys/T/1579683682134-0/src/ColorPicker-master/colorpicker/local.properties
2020-01-22 16:01:26,155 INFO  ProjectFixService - Build info for "/var/folders/bq/vtzpc5ns5sg2cthy61lqpg3dfzgbys/T/1579683682134-0/src/ColorPicker-master/colorpicker/build.gradle": [buildToolsVersion=29.0.2,compileSdkVersion=29,minSdkVersion=21,targetSdkVersion=29]
2020-01-22 16:01:26,155 INFO  LocalPropertiesFixService - Created fake /var/folders/bq/vtzpc5ns5sg2cthy61lqpg3dfzgbys/T/1579683682134-0/src/ColorPicker-master/local.properties
2020-01-22 16:01:26,156 INFO  WrapperPropertiesFixService - Gradle wrapper: https://services.gradle.org/distributions/gradle-6.1-all.zip
2020-01-22 16:01:26,156 INFO  WrapperPropertiesFixService - Gradle wrapper was changed from "-all.zip" to "-bin.zip" (https://services.gradle.org/distributions/gradle-6.1-bin.zip)
2020-01-22 16:01:26,157 INFO  ProjectFixService - Build info for "/var/folders/bq/vtzpc5ns5sg2cthy61lqpg3dfzgbys/T/1579683682134-0/src/ColorPicker-master/build.gradle": [buildToolsVersion=29.0.2,compileSdkVersion=29,minSdkVersion=21,targetSdkVersion=29]
2020-01-22 16:01:26,157 INFO  ProjectFixService - Project was maybe fixed
2020-01-22 16:01:26,158 INFO  ProjectTaskService - Detecting possible tasks...
2020-01-22 16:01:26,158 INFO  SysUtils - Execute command: [/var/folders/bq/vtzpc5ns5sg2cthy61lqpg3dfzgbys/T/1579683682134-0/src/ColorPicker-master/gradlew, -b, /var/folders/bq/vtzpc5ns5sg2cthy61lqpg3dfzgbys/T/1579683682134-0/src/ColorPicker-master/app/build.gradle, -Dorg.gradle.daemon=false, -Dorg.gradle.daemon.performance.enable-monitoring=false, -Dorg.gradle.configureondemand=true, tasks]
2020-01-22 16:01:35,963 INFO  VirusProcessorServiceImpl - Queued project 8025 to scan viruses
2020-01-22 16:01:46,638 INFO  ProjectTaskService - Detected possible tasks: 81
2020-01-22 16:01:46,638 INFO  ProjectTaskService - Excluded tasks (21): lintDebug javadocJar deviceCheck lint testReleaseUnitTest javadoc uninstallRelease deviceAndroidTest uninstallDebugAndroidTest installDebugAndroidTest connectedCheck connectedDebugAndroidTest uninstallAll sourcesJar test check testDebugUnitTest connectedAndroidTest installDebug lintRelease uninstallDebug
2020-01-22 16:01:46,638 INFO  SysUtils - Execute command: [/var/folders/bq/vtzpc5ns5sg2cthy61lqpg3dfzgbys/T/1579683682134-0/src/ColorPicker-master/gradlew, -b, /var/folders/bq/vtzpc5ns5sg2cthy61lqpg3dfzgbys/T/1579683682134-0/src/ColorPicker-master/app/build.gradle, -Dorg.gradle.daemon=false, -Dorg.gradle.daemon.performance.enable-monitoring=false, -Dorg.gradle.configureondemand=true, --stacktrace, -x, lintDebug, -x, javadocJar, -x, deviceCheck, -x, lint, -x, testReleaseUnitTest, -x, javadoc, -x, uninstallRelease, -x, deviceAndroidTest, -x, uninstallDebugAndroidTest, -x, installDebugAndroidTest, -x, connectedCheck, -x, connectedDebugAndroidTest, -x, uninstallAll, -x, sourcesJar, -x, test, -x, check, -x, testDebugUnitTest, -x, connectedAndroidTest, -x, installDebug, -x, lintRelease, -x, uninstallDebug, build]
2020-01-22 16:01:52,226 ERROR SysUtils - Could not process external command
org.apache.commons.exec.ExecuteException: Process exited with an error: 1 (Exit value: 1)
	at org.apache.commons.exec.DefaultExecutor.executeInternal(DefaultExecutor.java:404)
	at org.apache.commons.exec.DefaultExecutor.execute(DefaultExecutor.java:166)
	at com.github.vbauer.apkmaster.util.SysUtils.execute(SysUtils.java:67)
	at com.github.vbauer.apkmaster.util.SysUtils.executeSimple(SysUtils.java:43)
	at com.github.vbauer.apkmaster.service.assembly.ProjectBuildService.buildProject(ProjectBuildService.java:78)
	at com.github.vbauer.apkmaster.service.assembly.ProjectBuildService.buildProject(ProjectBuildService.java:64)
	at com.github.vbauer.apkmaster.service.assembly.ProjectBuildService.buildProject(ProjectBuildService.java:43)
	at com.github.vbauer.apkmaster.service.FullProcessService.build(FullProcessService.java:84)
	at com.github.vbauer.apkmaster.service.FullProcessService.process(FullProcessService.java:34)
	at com.github.vbauer.apkmaster.app.MainApplication.process(MainApplication.java:38)
	at com.github.vbauer.apkmaster.app.MainApplication.main(MainApplication.java:20)
	at sun.reflect.NativeMethodAccessorImpl.invoke0(Native Method)
	at sun.reflect.NativeMethodAccessorImpl.invoke(NativeMethodAccessorImpl.java:62)
	at sun.reflect.DelegatingMethodAccessorImpl.invoke(DelegatingMethodAccessorImpl.java:43)
	at java.lang.reflect.Method.invoke(Method.java:498)
	at com.android.arsenal.util.ReflectionUtils.invoke(ReflectionUtils.java:52)
	at com.android.arsenal.util.ApkMasterUtils.main(ApkMasterUtils.java:30)
	at com.android.arsenal.service.processor.impl.BuildProcessorServiceImpl.buildProject(BuildProcessorServiceImpl.java:197)
	at com.android.arsenal.service.processor.impl.BuildProcessorServiceImpl.build(BuildProcessorServiceImpl.java:131)
	at com.android.arsenal.service.processor.impl.BuildProcessorServiceImpl.lambda$createTasks$1(BuildProcessorServiceImpl.java:114)
	at java.util.concurrent.FutureTask.run(FutureTask.java:266)
	at java.util.concurrent.Executors$RunnableAdapter.call(Executors.java:511)
	at java.util.concurrent.FutureTask.run(FutureTask.java:266)
	at java.util.concurrent.ThreadPoolExecutor.runWorker(ThreadPoolExecutor.java:1149)
	at java.util.concurrent.ThreadPoolExecutor$Worker.run(ThreadPoolExecutor.java:624)
	at java.lang.Thread.run(Thread.java:748)
2020-01-22 16:01:52,227 INFO  SysUtils - Configuration on demand is an incubating feature.

FAILURE: Build failed with an exception.

* What went wrong:
Task 'javadocJar' not found in project ':app'.

* Try:
Run gradlew tasks to get a list of available tasks. Run with --info or --debug option to get more log output. Run with --scan to get full insights.

* Exception is:
org.gradle.execution.TaskSelectionException: Task 'javadocJar' not found in project ':app'.
	at org.gradle.execution.TaskSelector.getSelection(TaskSelector.java:117)
	at org.gradle.execution.TaskSelector.getFilter(TaskSelector.java:66)
	at org.gradle.execution.ExcludedTaskFilteringBuildConfigurationAction.configure(ExcludedTaskFilteringBuildConfigurationAction.java:43)
	at org.gradle.execution.DefaultBuildConfigurationActionExecuter.configure(DefaultBuildConfigurationActionExecuter.java:58)
	at org.gradle.execution.DefaultBuildConfigurationActionExecuter.access$200(DefaultBuildConfigurationActionExecuter.java:26)
	at org.gradle.execution.DefaultBuildConfigurationActionExecuter$1.run(DefaultBuildConfigurationActionExecuter.java:44)
	at org.gradle.internal.Factories$1.create(Factories.java:26)
	at org.gradle.api.internal.project.DefaultProjectStateRegistry.withLenientState(DefaultProjectStateRegistry.java:134)
	at org.gradle.api.internal.project.DefaultProjectStateRegistry.withLenientState(DefaultProjectStateRegistry.java:126)
	at org.gradle.execution.DefaultBuildConfigurationActionExecuter.select(DefaultBuildConfigurationActionExecuter.java:40)
	at org.gradle.initialization.DefaultTaskExecutionPreparer.prepareForTaskExecution(DefaultTaskExecutionPreparer.java:38)
	at org.gradle.initialization.BuildOperatingFiringTaskExecutionPreparer$CalculateTaskGraph.populateTaskGraph(BuildOperatingFiringTaskExecutionPreparer.java:82)
	at org.gradle.initialization.BuildOperatingFiringTaskExecutionPreparer$CalculateTaskGraph.run(BuildOperatingFiringTaskExecutionPreparer.java:57)
	at org.gradle.internal.operations.DefaultBuildOperationExecutor$RunnableBuildOperationWorker.execute(DefaultBuildOperationExecutor.java:402)
	at org.gradle.internal.operations.DefaultBuildOperationExecutor$RunnableBuildOperationWorker.execute(DefaultBuildOperationExecutor.java:394)
	at org.gradle.internal.operations.DefaultBuildOperationExecutor$1.execute(DefaultBuildOperationExecutor.java:165)
	at org.gradle.internal.operations.DefaultBuildOperationExecutor.execute(DefaultBuildOperationExecutor.java:250)
	at org.gradle.internal.operations.DefaultBuildOperationExecutor.execute(DefaultBuildOperationExecutor.java:158)
	at org.gradle.internal.operations.DefaultBuildOperationExecutor.run(DefaultBuildOperationExecutor.java:92)
	at org.gradle.internal.operations.DelegatingBuildOperationExecutor.run(DelegatingBuildOperationExecutor.java:31)
	at org.gradle.initialization.BuildOperatingFiringTaskExecutionPreparer.prepareForTaskExecution(BuildOperatingFiringTaskExecutionPreparer.java:45)
	at org.gradle.initialization.DefaultGradleLauncher.prepareTaskExecution(DefaultGradleLauncher.java:214)
	at org.gradle.initialization.DefaultGradleLauncher.doClassicBuildStages(DefaultGradleLauncher.java:149)
	at org.gradle.initialization.DefaultGradleLauncher.doBuildStages(DefaultGradleLauncher.java:130)
	at org.gradle.initialization.DefaultGradleLauncher.executeTasks(DefaultGradleLauncher.java:110)
	at org.gradle.internal.invocation.GradleBuildController$1.execute(GradleBuildController.java:60)
	at org.gradle.internal.invocation.GradleBuildController$1.execute(GradleBuildController.java:57)
	at org.gradle.internal.invocation.GradleBuildController$3.create(GradleBuildController.java:85)
	at org.gradle.internal.invocation.GradleBuildController$3.create(GradleBuildController.java:78)
	at org.gradle.internal.work.DefaultWorkerLeaseService.withLocks(DefaultWorkerLeaseService.java:189)
	at org.gradle.internal.work.StopShieldingWorkerLeaseService.withLocks(StopShieldingWorkerLeaseService.java:40)
	at org.gradle.internal.invocation.GradleBuildController.doBuild(GradleBuildController.java:78)
	at org.gradle.internal.invocation.GradleBuildController.run(GradleBuildController.java:57)
	at org.gradle.tooling.internal.provider.ExecuteBuildActionRunner.run(ExecuteBuildActionRunner.java:31)
	at org.gradle.launcher.exec.ChainingBuildActionRunner.run(ChainingBuildActionRunner.java:35)
	at org.gradle.launcher.exec.BuildOutcomeReportingBuildActionRunner.run(BuildOutcomeReportingBuildActionRunner.java:63)
	at org.gradle.tooling.internal.provider.ValidatingBuildActionRunner.run(ValidatingBuildActionRunner.java:32)
	at org.gradle.launcher.exec.BuildCompletionNotifyingBuildActionRunner.run(BuildCompletionNotifyingBuildActionRunner.java:39)
	at org.gradle.launcher.exec.RunAsBuildOperationBuildActionRunner$3.call(RunAsBuildOperationBuildActionRunner.java:51)
	at org.gradle.launcher.exec.RunAsBuildOperationBuildActionRunner$3.call(RunAsBuildOperationBuildActionRunner.java:45)
	at org.gradle.internal.operations.DefaultBuildOperationExecutor$CallableBuildOperationWorker.execute(DefaultBuildOperationExecutor.java:416)
	at org.gradle.internal.operations.DefaultBuildOperationExecutor$CallableBuildOperationWorker.execute(DefaultBuildOperationExecutor.java:406)
	at org.gradle.internal.operations.DefaultBuildOperationExecutor$1.execute(DefaultBuildOperationExecutor.java:165)
	at org.gradle.internal.operations.DefaultBuildOperationExecutor.execute(DefaultBuildOperationExecutor.java:250)
	at org.gradle.internal.operations.DefaultBuildOperationExecutor.execute(DefaultBuildOperationExecutor.java:158)
	at org.gradle.internal.operations.DefaultBuildOperationExecutor.call(DefaultBuildOperationExecutor.java:102)
	at org.gradle.internal.operations.DelegatingBuildOperationExecutor.call(DelegatingBuildOperationExecutor.java:36)
	at org.gradle.launcher.exec.RunAsBuildOperationBuildActionRunner.run(RunAsBuildOperationBuildActionRunner.java:45)
	at org.gradle.launcher.exec.InProcessBuildActionExecuter$1.transform(InProcessBuildActionExecuter.java:50)
	at org.gradle.launcher.exec.InProcessBuildActionExecuter$1.transform(InProcessBuildActionExecuter.java:47)
	at org.gradle.composite.internal.DefaultRootBuildState.run(DefaultRootBuildState.java:80)
	at org.gradle.launcher.exec.InProcessBuildActionExecuter.execute(InProcessBuildActionExecuter.java:47)
	at org.gradle.launcher.exec.InProcessBuildActionExecuter.execute(InProcessBuildActionExecuter.java:31)
	at org.gradle.launcher.exec.BuildTreeScopeBuildActionExecuter.execute(BuildTreeScopeBuildActionExecuter.java:42)
	at org.gradle.launcher.exec.BuildTreeScopeBuildActionExecuter.execute(BuildTreeScopeBuildActionExecuter.java:28)
	at org.gradle.tooling.internal.provider.ContinuousBuildActionExecuter.execute(ContinuousBuildActionExecuter.java:78)
	at org.gradle.tooling.internal.provider.ContinuousBuildActionExecuter.execute(ContinuousBuildActionExecuter.java:52)
	at org.gradle.tooling.internal.provider.SubscribableBuildActionExecuter.execute(SubscribableBuildActionExecuter.java:60)
	at org.gradle.tooling.internal.provider.SubscribableBuildActionExecuter.execute(SubscribableBuildActionExecuter.java:38)
	at org.gradle.tooling.internal.provider.SessionScopeBuildActionExecuter.execute(SessionScopeBuildActionExecuter.java:68)
	at org.gradle.tooling.internal.provider.SessionScopeBuildActionExecuter.execute(SessionScopeBuildActionExecuter.java:38)
	at org.gradle.tooling.internal.provider.GradleThreadBuildActionExecuter.execute(GradleThreadBuildActionExecuter.java:37)
	at org.gradle.tooling.internal.provider.GradleThreadBuildActionExecuter.execute(GradleThreadBuildActionExecuter.java:26)
	at org.gradle.tooling.internal.provider.ParallelismConfigurationBuildActionExecuter.execute(ParallelismConfigurationBuildActionExecuter.java:43)
	at org.gradle.tooling.internal.provider.ParallelismConfigurationBuildActionExecuter.execute(ParallelismConfigurationBuildActionExecuter.java:29)
	at org.gradle.tooling.internal.provider.StartParamsValidatingActionExecuter.execute(StartParamsValidatingActionExecuter.java:60)
	at org.gradle.tooling.internal.provider.StartParamsValidatingActionExecuter.execute(StartParamsValidatingActionExecuter.java:32)
	at org.gradle.tooling.internal.provider.SessionFailureReportingActionExecuter.execute(SessionFailureReportingActionExecuter.java:55)
	at org.gradle.tooling.internal.provider.SessionFailureReportingActionExecuter.execute(SessionFailureReportingActionExecuter.java:41)
	at org.gradle.tooling.internal.provider.SetupLoggingActionExecuter.execute(SetupLoggingActionExecuter.java:48)
	at org.gradle.tooling.internal.provider.SetupLoggingActionExecuter.execute(SetupLoggingActionExecuter.java:32)
	at org.gradle.launcher.cli.RunBuildAction.run(RunBuildAction.java:56)
	at org.gradle.internal.Actions$RunnableActionAdapter.execute(Actions.java:212)
	at org.gradle.launcher.cli.DefaultCommandLineActionFactory$ParseAndBuildAction.execute(DefaultCommandLineActionFactory.java:404)
	at org.gradle.launcher.cli.DefaultCommandLineActionFactory$ParseAndBuildAction.execute(DefaultCommandLineActionFactory.java:376)
	at org.gradle.launcher.cli.ExceptionReportingAction.execute(ExceptionReportingAction.java:38)
	at org.gradle.launcher.cli.ExceptionReportingAction.execute(ExceptionReportingAction.java:23)
	at org.gradle.launcher.cli.DefaultCommandLineActionFactory$WithLogging.execute(DefaultCommandLineActionFactory.java:369)
	at org.gradle.launcher.Main.doAction(Main.java:35)
	at org.gradle.launcher.bootstrap.EntryPoint.run(EntryPoint.java:45)
	at org.gradle.launcher.bootstrap.ProcessBootstrap.runNoExit(ProcessBootstrap.java:60)
	at org.gradle.launcher.bootstrap.ProcessBootstrap.run(ProcessBootstrap.java:37)
	at org.gradle.launcher.GradleMain.main(GradleMain.java:31)
	at org.gradle.wrapper.BootstrapMainStarter.start(BootstrapMainStarter.java:31)
	at org.gradle.wrapper.WrapperExecutor.execute(WrapperExecutor.java:108)
	at org.gradle.wrapper.GradleWrapperMain.main(GradleWrapperMain.java:61)


* Get more help at https://help.gradle.org

Deprecated Gradle features were used in this build, making it incompatible with Gradle 7.0.
Use '--warning-mode all' to show the individual deprecation warnings.
See https://docs.gradle.org/6.1/userguide/command_line_interface.html#sec:command_line_warnings

BUILD FAILED in 5s

2020-01-22 16:01:52,227 ERROR ProjectBuildService - Excluded tasks were detected wrong
2020-01-22 16:01:52,227 INFO  SysUtils - Execute command: [/var/folders/bq/vtzpc5ns5sg2cthy61lqpg3dfzgbys/T/1579683682134-0/src/ColorPicker-master/gradlew, -b, /var/folders/bq/vtzpc5ns5sg2cthy61lqpg3dfzgbys/T/1579683682134-0/src/ColorPicker-master/app/build.gradle, -Dorg.gradle.daemon=false, -Dorg.gradle.daemon.performance.enable-monitoring=false, -Dorg.gradle.configureondemand=true, --stacktrace, build]
2020-01-22 16:03:19,766 INFO  SysUtils - Configuration on demand is an incubating feature.
> Task :app:preBuild UP-TO-DATE
> Task :app:preDebugBuild UP-TO-DATE
> Task :colorpicker:preBuild UP-TO-DATE
> Task :colorpicker:preDebugBuild UP-TO-DATE
> Task :colorpicker:packageDebugRenderscript NO-SOURCE
> Task :app:compileDebugRenderscript NO-SOURCE
> Task :app:checkDebugManifest
> Task :app:generateDebugBuildConfig
> Task :colorpicker:compileDebugAidl NO-SOURCE
> Task :app:compileDebugAidl NO-SOURCE
> Task :app:prepareLintJar
> Task :app:prepareLintJarForPublish
> Task :app:generateDebugSources
> Task :app:dataBindingExportBuildInfoDebug
> Task :colorpicker:checkDebugManifest
> Task :colorpicker:compileDebugRenderscript NO-SOURCE
> Task :colorpicker:generateDebugBuildConfig
> Task :colorpicker:prepareLintJar
> Task :colorpicker:prepareLintJarForPublish
> Task :colorpicker:generateDebugSources
> Task :colorpicker:dataBindingExportBuildInfoDebug
> Task :colorpicker:dataBindingMergeDependencyArtifactsDebug
> Task :colorpicker:generateDebugResValues
> Task :colorpicker:generateDebugResources
> Task :colorpicker:packageDebugResources
> Task :colorpicker:dataBindingMergeGenClassesDebug
> Task :colorpicker:dataBindingGenBaseClassesDebug
> Task :app:dataBindingMergeGenClassesDebug
> Task :app:generateDebugResValues
> Task :app:generateDebugResources
> Task :colorpicker:processDebugManifest
> Task :app:dataBindingExportFeaturePackageIdsDebug
> Task :colorpicker:parseDebugLibraryResources
> Task :app:mainApkListPersistenceDebug
> Task :app:createDebugCompatibleScreenManifests
> Task :app:processDebugManifest
> Task :app:mergeDebugResources
> Task :colorpicker:generateDebugRFile
> Task :colorpicker:kaptGenerateStubsDebugKotlin

> Task :colorpicker:kaptDebugKotlin
w: [kapt] Incremental annotation processing requested, but support is disabled because the following processors are not incremental: android.databinding.annotationprocessor.ProcessDataBinding (DYNAMIC).

> Task :colorpicker:compileDebugKotlin
w: /private/var/folders/bq/vtzpc5ns5sg2cthy61lqpg3dfzgbys/T/1579683682134-0/src/ColorPicker-master/colorpicker/src/main/kotlin/com/github/dhaval2404/colorpicker/ColorPickerDialog.kt: (216, 47): Parameter 'colorHex' is never used, could be renamed to _

> Task :app:processDebugResources
> Task :colorpicker:javaPreCompileDebug
> Task :colorpicker:compileDebugJavaWithJavac
> Task :app:dataBindingMergeDependencyArtifactsDebug
> Task :app:dataBindingGenBaseClassesDebug
> Task :app:mergeDebugShaders
> Task :app:compileDebugShaders
> Task :app:generateDebugAssets
> Task :colorpicker:mergeDebugShaders
> Task :colorpicker:compileDebugShaders
> Task :colorpicker:generateDebugAssets
> Task :colorpicker:packageDebugAssets
> Task :app:mergeDebugAssets
> Task :colorpicker:bundleLibCompileDebug
> Task :app:kaptGenerateStubsDebugKotlin

> Task :app:kaptDebugKotlin
w: [kapt] Incremental annotation processing requested, but support is disabled because the following processors are not incremental: android.databinding.annotationprocessor.ProcessDataBinding (DYNAMIC).

> Task :app:compileDebugKotlin
w: /private/var/folders/bq/vtzpc5ns5sg2cthy61lqpg3dfzgbys/T/1579683682134-0/src/ColorPicker-master/app/src/main/kotlin/com/github/dhaval2404/colorpicker/sample/ColorPickerFragment.kt: (47, 44): Parameter 'colorHex' is never used, could be renamed to _
w: /private/var/folders/bq/vtzpc5ns5sg2cthy61lqpg3dfzgbys/T/1579683682134-0/src/ColorPicker-master/app/src/main/kotlin/com/github/dhaval2404/colorpicker/sample/MainActivity.kt: (40, 24): Parameter 'view' is never used

> Task :app:javaPreCompileDebug
> Task :app:compileDebugJavaWithJavac
> Task :app:compileDebugSources
> Task :app:processDebugJavaRes NO-SOURCE
> Task :colorpicker:processDebugJavaRes NO-SOURCE
> Task :colorpicker:bundleLibResDebug
> Task :app:mergeDebugJavaResource
> Task :app:checkDebugDuplicateClasses
> Task :colorpicker:bundleLibRuntimeDebug
> Task :app:desugarDebugFileDependencies
> Task :app:transformClassesWithDexBuilderForDebug
> Task :app:validateSigningDebug
> Task :app:signingConfigWriterDebug
> Task :app:mergeLibDexDebug
> Task :app:mergeDebugJniLibFolders
> Task :colorpicker:mergeDebugJniLibFolders
> Task :app:preReleaseBuild UP-TO-DATE
> Task :colorpicker:preReleaseBuild UP-TO-DATE
> Task :colorpicker:compileReleaseAidl NO-SOURCE
> Task :app:compileReleaseAidl NO-SOURCE
> Task :colorpicker:packageReleaseRenderscript NO-SOURCE
> Task :app:compileReleaseRenderscript NO-SOURCE
> Task :app:checkReleaseManifest
> Task :app:generateReleaseBuildConfig
> Task :app:generateReleaseSources
> Task :app:dataBindingExportBuildInfoRelease
> Task :colorpicker:compileReleaseRenderscript NO-SOURCE
> Task :colorpicker:checkReleaseManifest
> Task :colorpicker:generateReleaseBuildConfig
> Task :colorpicker:generateReleaseSources
> Task :colorpicker:dataBindingExportBuildInfoRelease
> Task :colorpicker:generateReleaseResValues
> Task :colorpicker:generateReleaseResources
> Task :colorpicker:packageReleaseResources
> Task :colorpicker:dataBindingMergeGenClassesRelease
> Task :colorpicker:dataBindingMergeDependencyArtifactsRelease
> Task :colorpicker:dataBindingGenBaseClassesRelease
> Task :colorpicker:processReleaseManifest
> Task :app:generateReleaseResValues
> Task :app:generateReleaseResources
> Task :app:mergeProjectDexDebug
> Task :app:dataBindingExportFeaturePackageIdsRelease
> Task :app:mainApkListPersistenceRelease
> Task :app:createReleaseCompatibleScreenManifests
> Task :app:processReleaseManifest
> Task :colorpicker:parseReleaseLibraryResources
> Task :colorpicker:mergeDebugNativeLibs
> Task :colorpicker:stripDebugDebugSymbols
> Task :colorpicker:transformNativeLibsWithIntermediateJniLibsForDebug
> Task :app:dataBindingMergeGenClassesRelease
> Task :app:checkReleaseDuplicateClasses
> Task :colorpicker:generateReleaseRFile
> Task :colorpicker:kaptGenerateStubsReleaseKotlin

> Task :colorpicker:kaptReleaseKotlin
w: [kapt] Incremental annotation processing requested, but support is disabled because the following processors are not incremental: android.databinding.annotationprocessor.ProcessDataBinding (DYNAMIC).

> Task :colorpicker:compileReleaseKotlin
w: /private/var/folders/bq/vtzpc5ns5sg2cthy61lqpg3dfzgbys/T/1579683682134-0/src/ColorPicker-master/colorpicker/src/main/kotlin/com/github/dhaval2404/colorpicker/ColorPickerDialog.kt: (216, 47): Parameter 'colorHex' is never used, could be renamed to _

> Task :app:mergeDebugNativeLibs
> Task :app:stripDebugDebugSymbols
> Task :colorpicker:javaPreCompileRelease
> Task :colorpicker:compileReleaseJavaWithJavac
> Task :app:mergeReleaseResources
> Task :app:processReleaseResources
> Task :app:dataBindingMergeDependencyArtifactsRelease
> Task :app:dataBindingGenBaseClassesRelease
> Task :colorpicker:bundleLibCompileRelease
> Task :app:kaptGenerateStubsReleaseKotlin

> Task :app:kaptReleaseKotlin
w: [kapt] Incremental annotation processing requested, but support is disabled because the following processors are not incremental: android.databinding.annotationprocessor.ProcessDataBinding (DYNAMIC).

> Task :app:compileReleaseKotlin
w: /private/var/folders/bq/vtzpc5ns5sg2cthy61lqpg3dfzgbys/T/1579683682134-0/src/ColorPicker-master/app/src/main/kotlin/com/github/dhaval2404/colorpicker/sample/ColorPickerFragment.kt: (47, 44): Parameter 'colorHex' is never used, could be renamed to _
w: /private/var/folders/bq/vtzpc5ns5sg2cthy61lqpg3dfzgbys/T/1579683682134-0/src/ColorPicker-master/app/src/main/kotlin/com/github/dhaval2404/colorpicker/sample/MainActivity.kt: (40, 24): Parameter 'view' is never used

> Task :app:mergeExtDexDebug
> Task :app:packageDebug
> Task :app:assembleDebug
> Task :colorpicker:bundleLibRuntimeRelease
> Task :app:javaPreCompileRelease
> Task :app:compileReleaseJavaWithJavac
> Task :app:compileReleaseSources
> Task :app:lintVitalRelease SKIPPED
> Task :app:desugarReleaseFileDependencies
> Task :app:transformClassesWithDexBuilderForRelease
> Task :app:mergeReleaseShaders
> Task :app:compileReleaseShaders
> Task :app:generateReleaseAssets
> Task :colorpicker:mergeReleaseShaders
> Task :colorpicker:compileReleaseShaders
> Task :colorpicker:generateReleaseAssets
> Task :colorpicker:packageReleaseAssets
> Task :app:mergeReleaseAssets
> Task :app:processReleaseJavaRes NO-SOURCE
> Task :colorpicker:processReleaseJavaRes NO-SOURCE
> Task :app:signingConfigWriterRelease
> Task :app:mergeReleaseJniLibFolders
> Task :colorpicker:mergeReleaseJniLibFolders
> Task :colorpicker:bundleLibResRelease
> Task :app:ktlint

> Task :app:lint
Calling mockable JAR artifact transform to create file: /Users/vbauer/.gradle/caches/transforms-2/files-2.1/57d2d2998ec6aa621916c4c1fa3c4a22/android.jar with input /Users/vbauer/Library/Android/sdk/platforms/android-29/android.jar
Ran lint on variant debug: 13 issues found
Ran lint on variant release: 13 issues found
Wrote HTML report to file:///private/var/folders/bq/vtzpc5ns5sg2cthy61lqpg3dfzgbys/T/1579683682134-0/src/ColorPicker-master/app/build/reports/lint-results.html
Wrote XML report to file:///private/var/folders/bq/vtzpc5ns5sg2cthy61lqpg3dfzgbys/T/1579683682134-0/src/ColorPicker-master/app/build/reports/lint-results.xml

> Task :app:mergeExtDexRelease
> Task :colorpicker:mergeReleaseNativeLibs
> Task :colorpicker:stripReleaseDebugSymbols
> Task :colorpicker:transformNativeLibsWithIntermediateJniLibsForRelease
> Task :app:preDebugUnitTestBuild UP-TO-DATE
> Task :app:processDebugUnitTestJavaRes NO-SOURCE
> Task :app:preReleaseUnitTestBuild UP-TO-DATE
> Task :app:processReleaseUnitTestJavaRes NO-SOURCE
> Task :app:mergeReleaseJavaResource
> Task :app:kaptGenerateStubsDebugUnitTestKotlin
> Task :app:kaptDebugUnitTestKotlin
> Task :app:compileDebugUnitTestKotlin
> Task :app:mergeReleaseNativeLibs
> Task :app:stripReleaseDebugSymbols
> Task :app:kaptGenerateStubsReleaseUnitTestKotlin
> Task :app:kaptReleaseUnitTestKotlin
> Task :app:compileReleaseUnitTestKotlin
> Task :app:javaPreCompileDebugUnitTest
> Task :app:compileDebugUnitTestJavaWithJavac NO-SOURCE
> Task :app:testDebugUnitTest
> Task :app:mergeDexRelease
> Task :app:packageRelease
> Task :app:assembleRelease
> Task :app:assemble
> Task :app:javaPreCompileReleaseUnitTest
> Task :app:compileReleaseUnitTestJavaWithJavac NO-SOURCE
> Task :app:testReleaseUnitTest
> Task :app:test
> Task :app:check
> Task :app:build

Deprecated Gradle features were used in this build, making it incompatible with Gradle 7.0.
Use '--warning-mode all' to show the individual deprecation warnings.
See https://docs.gradle.org/6.1/userguide/command_line_interface.html#sec:command_line_warnings

BUILD SUCCESSFUL in 1m 26s
134 actionable tasks: 134 executed

2020-01-22 16:03:19,858 INFO  FullProcessService - Found APK file: /var/folders/bq/vtzpc5ns5sg2cthy61lqpg3dfzgbys/T/1579683682134-0/src/ColorPicker-master/app/build/outputs/apk/debug/app-debug.apk
