2021-03-21 01:25:43,382 INFO  DownloadService - Downloading "https://github.com/AndroidLab/textarc/archive/master.zip", attempt 3
2021-03-21 01:25:48,999 INFO  DownloadService - Downloading "https://github.com/AndroidLab/textarc/archive/master.zip", attempt 2
2021-03-21 01:25:55,623 INFO  DownloadService - Downloading "https://github.com/AndroidLab/textarc/archive/master.zip", attempt 1
2021-03-21 01:25:57,688 INFO  VirusProcessorServiceImpl - Queued project 8215 to scan viruses
2021-03-21 01:26:55,720 INFO  GithubDownloadService - Could not find ZIP archive for master branch
2021-03-21 01:26:56,773 INFO  GithubDownloadService - Default branch of this repository: main
2021-03-21 01:26:56,773 INFO  DownloadService - Downloading "https://github.com/AndroidLab/textarc/archive/main.zip", attempt 3
2021-03-21 01:27:57,999 DEBUG FullProcessService - Repository https://github.com/AndroidLab/textarc available: true
2021-03-21 01:27:57,999 INFO  FullProcessService - Could not download ZIP file from Github, lets clone it
2021-03-21 01:27:58,000 INFO  SysUtils - Execute command: [git, clone, -q, --single-branch, --depth, 1, https://github.com/AndroidLab/textarc, /var/folders/bq/vtzpc5ns5sg2cthy61lqpg3dfzgbys/T/1616264743378-0/src]
2021-03-21 01:27:59,501 INFO  SysUtils - 
2021-03-21 01:27:59,534 INFO  GitService - Deleted "/var/folders/bq/vtzpc5ns5sg2cthy61lqpg3dfzgbys/T/1616264743378-0/src/.git": true
2021-03-21 01:27:59,538 INFO  FullProcessService - Size of directory with sources: 272 KB
2021-03-21 01:27:59,538 INFO  SysUtils - Execute command: [git, init, /var/folders/bq/vtzpc5ns5sg2cthy61lqpg3dfzgbys/T/1616264743378-0/src]
2021-03-21 01:27:59,559 INFO  SysUtils - Initialized empty Git repository in /private/var/folders/bq/vtzpc5ns5sg2cthy61lqpg3dfzgbys/T/1616264743378-0/src/.git/

2021-03-21 01:27:59,563 INFO  ProjectBuildService - Gradle wrapper(s): /var/folders/bq/vtzpc5ns5sg2cthy61lqpg3dfzgbys/T/1616264743378-0/src/gradlew
2021-03-21 01:27:59,567 INFO  ProjectBuildService - Build script(s): /var/folders/bq/vtzpc5ns5sg2cthy61lqpg3dfzgbys/T/1616264743378-0/src/app/build.gradle /var/folders/bq/vtzpc5ns5sg2cthy61lqpg3dfzgbys/T/1616264743378-0/src/textarc/build.gradle /var/folders/bq/vtzpc5ns5sg2cthy61lqpg3dfzgbys/T/1616264743378-0/src/build.gradle
2021-03-21 01:27:59,570 INFO  ProjectBuildService - All script(s): /var/folders/bq/vtzpc5ns5sg2cthy61lqpg3dfzgbys/T/1616264743378-0/src/textarc/build.gradle /var/folders/bq/vtzpc5ns5sg2cthy61lqpg3dfzgbys/T/1616264743378-0/src/app/build.gradle /var/folders/bq/vtzpc5ns5sg2cthy61lqpg3dfzgbys/T/1616264743378-0/src/build.gradle /var/folders/bq/vtzpc5ns5sg2cthy61lqpg3dfzgbys/T/1616264743378-0/src/settings.gradle
2021-03-21 01:27:59,572 INFO  DownloadService - Downloading "https://raw.githubusercontent.com/nuuneoi/JCenter/master/bintrayv1.gradle", attempt 3
2021-03-21 01:27:59,850 INFO  DownloadService - Downloaded https://raw.githubusercontent.com/nuuneoi/JCenter/master/bintrayv1.gradle, attempt 3
2021-03-21 01:27:59,850 INFO  DownloadService - Downloading "https://raw.githubusercontent.com/nuuneoi/JCenter/master/installv1.gradle", attempt 3
2021-03-21 01:27:59,914 INFO  DownloadService - Downloaded https://raw.githubusercontent.com/nuuneoi/JCenter/master/installv1.gradle, attempt 3
2021-03-21 01:27:59,914 INFO  ProjectBuildService - Remote scripts: https://raw.githubusercontent.com/nuuneoi/JCenter/master/bintrayv1.gradle https://raw.githubusercontent.com/nuuneoi/JCenter/master/installv1.gradle
2021-03-21 01:27:59,914 INFO  ProjectFixService - Fixing project...
2021-03-21 01:27:59,933 INFO  LocalPropertiesFixService - Created fake /var/folders/bq/vtzpc5ns5sg2cthy61lqpg3dfzgbys/T/1616264743378-0/src/app/local.properties
2021-03-21 01:27:59,935 INFO  ProjectFixService - Build info for "/var/folders/bq/vtzpc5ns5sg2cthy61lqpg3dfzgbys/T/1616264743378-0/src/app/build.gradle": [buildToolsVersion=<null>,compileSdkVersion=30,minSdkVersion=23,targetSdkVersion=30]
2021-03-21 01:27:59,935 INFO  ProjectFixService - Fixed build info for "/var/folders/bq/vtzpc5ns5sg2cthy61lqpg3dfzgbys/T/1616264743378-0/src/app/build.gradle": [buildToolsVersion=28.0.0-rc2,compileSdkVersion=30,minSdkVersion=23,targetSdkVersion=30]
2021-03-21 01:27:59,936 INFO  LocalPropertiesFixService - Created fake /var/folders/bq/vtzpc5ns5sg2cthy61lqpg3dfzgbys/T/1616264743378-0/src/textarc/local.properties
2021-03-21 01:27:59,937 INFO  ProjectFixService - Build info for "/var/folders/bq/vtzpc5ns5sg2cthy61lqpg3dfzgbys/T/1616264743378-0/src/textarc/build.gradle": [buildToolsVersion=<null>,compileSdkVersion=30,minSdkVersion=23,targetSdkVersion=30]
2021-03-21 01:27:59,937 INFO  ProjectFixService - Fixed build info for "/var/folders/bq/vtzpc5ns5sg2cthy61lqpg3dfzgbys/T/1616264743378-0/src/textarc/build.gradle": [buildToolsVersion=28.0.0-rc2,compileSdkVersion=30,minSdkVersion=23,targetSdkVersion=30]
2021-03-21 01:27:59,938 INFO  LocalPropertiesFixService - Created fake /var/folders/bq/vtzpc5ns5sg2cthy61lqpg3dfzgbys/T/1616264743378-0/src/local.properties
2021-03-21 01:27:59,939 INFO  WrapperPropertiesFixService - Gradle wrapper: https://services.gradle.org/distributions/gradle-6.7.1-bin.zip
2021-03-21 01:27:59,940 INFO  ProjectFixService - Build info for "/var/folders/bq/vtzpc5ns5sg2cthy61lqpg3dfzgbys/T/1616264743378-0/src/build.gradle": [buildToolsVersion=<null>,compileSdkVersion=30,minSdkVersion=23,targetSdkVersion=30]
2021-03-21 01:27:59,941 INFO  ProjectFixService - Fixed build info for "/var/folders/bq/vtzpc5ns5sg2cthy61lqpg3dfzgbys/T/1616264743378-0/src/build.gradle": [buildToolsVersion=28.0.0-rc2,compileSdkVersion=30,minSdkVersion=23,targetSdkVersion=30]
2021-03-21 01:27:59,941 INFO  ProjectFixService - Project was maybe fixed
2021-03-21 01:27:59,942 INFO  ProjectTaskService - Detecting possible tasks...
2021-03-21 01:27:59,942 INFO  SysUtils - Execute command: [/var/folders/bq/vtzpc5ns5sg2cthy61lqpg3dfzgbys/T/1616264743378-0/src/gradlew, -b, /var/folders/bq/vtzpc5ns5sg2cthy61lqpg3dfzgbys/T/1616264743378-0/src/app/build.gradle, -Dorg.gradle.daemon=false, -Dorg.gradle.daemon.performance.enable-monitoring=false, -Dorg.gradle.configureondemand=true, tasks]
2021-03-21 01:28:27,052 INFO  ProjectTaskService - Detected possible tasks: 70
2021-03-21 01:28:27,052 INFO  ProjectTaskService - Excluded tasks (21): lintDebug javadocJar deviceCheck lint testReleaseUnitTest javadoc uninstallRelease deviceAndroidTest uninstallDebugAndroidTest installDebugAndroidTest connectedCheck connectedDebugAndroidTest uninstallAll sourcesJar test check testDebugUnitTest connectedAndroidTest installDebug lintRelease uninstallDebug
2021-03-21 01:28:27,053 INFO  SysUtils - Execute command: [/var/folders/bq/vtzpc5ns5sg2cthy61lqpg3dfzgbys/T/1616264743378-0/src/gradlew, -b, /var/folders/bq/vtzpc5ns5sg2cthy61lqpg3dfzgbys/T/1616264743378-0/src/app/build.gradle, -Dorg.gradle.daemon=false, -Dorg.gradle.daemon.performance.enable-monitoring=false, -Dorg.gradle.configureondemand=true, --stacktrace, -x, lintDebug, -x, javadocJar, -x, deviceCheck, -x, lint, -x, testReleaseUnitTest, -x, javadoc, -x, uninstallRelease, -x, deviceAndroidTest, -x, uninstallDebugAndroidTest, -x, installDebugAndroidTest, -x, connectedCheck, -x, connectedDebugAndroidTest, -x, uninstallAll, -x, sourcesJar, -x, test, -x, check, -x, testDebugUnitTest, -x, connectedAndroidTest, -x, installDebug, -x, lintRelease, -x, uninstallDebug, build]
2021-03-21 01:28:33,533 ERROR SysUtils - Could not process external command
org.apache.commons.exec.ExecuteException: Process exited with an error: 1 (Exit value: 1)
	at org.apache.commons.exec.DefaultExecutor.executeInternal(DefaultExecutor.java:404)
	at org.apache.commons.exec.DefaultExecutor.execute(DefaultExecutor.java:166)
	at com.github.vbauer.apkmaster.util.SysUtils.execute(SysUtils.java:67)
	at com.github.vbauer.apkmaster.util.SysUtils.executeSimple(SysUtils.java:43)
	at com.github.vbauer.apkmaster.service.assembly.ProjectBuildService.buildProject(ProjectBuildService.java:78)
	at com.github.vbauer.apkmaster.service.assembly.ProjectBuildService.buildProject(ProjectBuildService.java:64)
	at com.github.vbauer.apkmaster.service.assembly.ProjectBuildService.buildProject(ProjectBuildService.java:43)
	at com.github.vbauer.apkmaster.service.FullProcessService.build(FullProcessService.java:84)
	at com.github.vbauer.apkmaster.service.FullProcessService.process(FullProcessService.java:34)
	at com.github.vbauer.apkmaster.app.MainApplication.process(MainApplication.java:38)
	at com.github.vbauer.apkmaster.app.MainApplication.main(MainApplication.java:20)
	at sun.reflect.NativeMethodAccessorImpl.invoke0(Native Method)
	at sun.reflect.NativeMethodAccessorImpl.invoke(NativeMethodAccessorImpl.java:62)
	at sun.reflect.DelegatingMethodAccessorImpl.invoke(DelegatingMethodAccessorImpl.java:43)
	at java.lang.reflect.Method.invoke(Method.java:498)
	at com.android.arsenal.util.ReflectionUtils.invoke(ReflectionUtils.java:42)
	at com.android.arsenal.util.ApkMasterUtils.main(ApkMasterUtils.java:30)
	at com.android.arsenal.service.processor.impl.BuildProcessorServiceImpl.buildProject(BuildProcessorServiceImpl.java:197)
	at com.android.arsenal.service.processor.impl.BuildProcessorServiceImpl.build(BuildProcessorServiceImpl.java:131)
	at com.android.arsenal.service.processor.impl.BuildProcessorServiceImpl.lambda$createTasks$1(BuildProcessorServiceImpl.java:114)
	at java.util.concurrent.FutureTask.run(FutureTask.java:266)
	at java.util.concurrent.Executors$RunnableAdapter.call(Executors.java:511)
	at java.util.concurrent.FutureTask.run(FutureTask.java:266)
	at java.util.concurrent.ThreadPoolExecutor.runWorker(ThreadPoolExecutor.java:1149)
	at java.util.concurrent.ThreadPoolExecutor$Worker.run(ThreadPoolExecutor.java:624)
	at java.lang.Thread.run(Thread.java:748)
2021-03-21 01:28:33,533 INFO  SysUtils - Configuration on demand is an incubating feature.

FAILURE: Build failed with an exception.

* What went wrong:
Task 'javadocJar' not found in project ':app'.

* Try:
Run gradlew tasks to get a list of available tasks. Run with --info or --debug option to get more log output. Run with --scan to get full insights.

* Exception is:
org.gradle.execution.TaskSelectionException: Task 'javadocJar' not found in project ':app'.
	at org.gradle.execution.TaskSelector.getSelection(TaskSelector.java:117)
	at org.gradle.execution.TaskSelector.getFilter(TaskSelector.java:66)
	at org.gradle.execution.ExcludedTaskFilteringBuildConfigurationAction.configure(ExcludedTaskFilteringBuildConfigurationAction.java:43)
	at org.gradle.execution.DefaultBuildConfigurationActionExecuter.configure(DefaultBuildConfigurationActionExecuter.java:55)
	at org.gradle.execution.DefaultBuildConfigurationActionExecuter.lambda$select$0(DefaultBuildConfigurationActionExecuter.java:42)
	at org.gradle.internal.Factories$1.create(Factories.java:26)
	at org.gradle.api.internal.project.DefaultProjectStateRegistry.withMutableStateOfAllProjects(DefaultProjectStateRegistry.java:141)
	at org.gradle.api.internal.project.DefaultProjectStateRegistry.withMutableStateOfAllProjects(DefaultProjectStateRegistry.java:128)
	at org.gradle.execution.DefaultBuildConfigurationActionExecuter.select(DefaultBuildConfigurationActionExecuter.java:40)
	at org.gradle.initialization.DefaultTaskExecutionPreparer.prepareForTaskExecution(DefaultTaskExecutionPreparer.java:38)
	at org.gradle.initialization.BuildOperationFiringTaskExecutionPreparer$CalculateTaskGraph.populateTaskGraph(BuildOperationFiringTaskExecutionPreparer.java:117)
	at org.gradle.initialization.BuildOperationFiringTaskExecutionPreparer$CalculateTaskGraph.run(BuildOperationFiringTaskExecutionPreparer.java:68)
	at org.gradle.internal.operations.DefaultBuildOperationRunner$1.execute(DefaultBuildOperationRunner.java:29)
	at org.gradle.internal.operations.DefaultBuildOperationRunner$1.execute(DefaultBuildOperationRunner.java:26)
	at org.gradle.internal.operations.DefaultBuildOperationRunner$3.execute(DefaultBuildOperationRunner.java:75)
	at org.gradle.internal.operations.DefaultBuildOperationRunner$3.execute(DefaultBuildOperationRunner.java:68)
	at org.gradle.internal.operations.DefaultBuildOperationRunner.execute(DefaultBuildOperationRunner.java:153)
	at org.gradle.internal.operations.DefaultBuildOperationRunner.execute(DefaultBuildOperationRunner.java:68)
	at org.gradle.internal.operations.DefaultBuildOperationRunner.run(DefaultBuildOperationRunner.java:56)
	at org.gradle.internal.operations.DefaultBuildOperationExecutor.lambda$run$1(DefaultBuildOperationExecutor.java:71)
	at org.gradle.internal.operations.UnmanagedBuildOperationWrapper.runWithUnmanagedSupport(UnmanagedBuildOperationWrapper.java:45)
	at org.gradle.internal.operations.DefaultBuildOperationExecutor.run(DefaultBuildOperationExecutor.java:71)
	at org.gradle.initialization.BuildOperationFiringTaskExecutionPreparer.prepareForTaskExecution(BuildOperationFiringTaskExecutionPreparer.java:56)
	at org.gradle.initialization.DefaultGradleLauncher.prepareTaskExecution(DefaultGradleLauncher.java:235)
	at org.gradle.initialization.DefaultGradleLauncher.doClassicBuildStages(DefaultGradleLauncher.java:169)
	at org.gradle.initialization.DefaultGradleLauncher.doBuildStages(DefaultGradleLauncher.java:150)
	at org.gradle.initialization.DefaultGradleLauncher.executeTasks(DefaultGradleLauncher.java:126)
	at org.gradle.internal.invocation.GradleBuildController$1.create(GradleBuildController.java:72)
	at org.gradle.internal.invocation.GradleBuildController$1.create(GradleBuildController.java:67)
	at org.gradle.internal.work.DefaultWorkerLeaseService.withLocks(DefaultWorkerLeaseService.java:178)
	at org.gradle.internal.invocation.GradleBuildController.doBuild(GradleBuildController.java:67)
	at org.gradle.internal.invocation.GradleBuildController.run(GradleBuildController.java:56)
	at org.gradle.tooling.internal.provider.ExecuteBuildActionRunner.run(ExecuteBuildActionRunner.java:31)
	at org.gradle.launcher.exec.ChainingBuildActionRunner.run(ChainingBuildActionRunner.java:35)
	at org.gradle.launcher.exec.BuildOutcomeReportingBuildActionRunner.run(BuildOutcomeReportingBuildActionRunner.java:63)
	at org.gradle.tooling.internal.provider.ValidatingBuildActionRunner.run(ValidatingBuildActionRunner.java:32)
	at org.gradle.tooling.internal.provider.FileSystemWatchingBuildActionRunner.run(FileSystemWatchingBuildActionRunner.java:67)
	at org.gradle.launcher.exec.BuildCompletionNotifyingBuildActionRunner.run(BuildCompletionNotifyingBuildActionRunner.java:41)
	at org.gradle.launcher.exec.RunAsBuildOperationBuildActionRunner$3.call(RunAsBuildOperationBuildActionRunner.java:49)
	at org.gradle.launcher.exec.RunAsBuildOperationBuildActionRunner$3.call(RunAsBuildOperationBuildActionRunner.java:44)
	at org.gradle.internal.operations.DefaultBuildOperationRunner$CallableBuildOperationWorker.execute(DefaultBuildOperationRunner.java:200)
	at org.gradle.internal.operations.DefaultBuildOperationRunner$CallableBuildOperationWorker.execute(DefaultBuildOperationRunner.java:195)
	at org.gradle.internal.operations.DefaultBuildOperationRunner$3.execute(DefaultBuildOperationRunner.java:75)
	at org.gradle.internal.operations.DefaultBuildOperationRunner$3.execute(DefaultBuildOperationRunner.java:68)
	at org.gradle.internal.operations.DefaultBuildOperationRunner.execute(DefaultBuildOperationRunner.java:153)
	at org.gradle.internal.operations.DefaultBuildOperationRunner.execute(DefaultBuildOperationRunner.java:68)
	at org.gradle.internal.operations.DefaultBuildOperationRunner.call(DefaultBuildOperationRunner.java:62)
	at org.gradle.internal.operations.DefaultBuildOperationExecutor.lambda$call$2(DefaultBuildOperationExecutor.java:76)
	at org.gradle.internal.operations.UnmanagedBuildOperationWrapper.callWithUnmanagedSupport(UnmanagedBuildOperationWrapper.java:54)
	at org.gradle.internal.operations.DefaultBuildOperationExecutor.call(DefaultBuildOperationExecutor.java:76)
	at org.gradle.launcher.exec.RunAsBuildOperationBuildActionRunner.run(RunAsBuildOperationBuildActionRunner.java:44)
	at org.gradle.launcher.exec.InProcessBuildActionExecuter.lambda$execute$0(InProcessBuildActionExecuter.java:54)
	at org.gradle.composite.internal.DefaultRootBuildState.run(DefaultRootBuildState.java:87)
	at org.gradle.launcher.exec.InProcessBuildActionExecuter.execute(InProcessBuildActionExecuter.java:53)
	at org.gradle.launcher.exec.InProcessBuildActionExecuter.execute(InProcessBuildActionExecuter.java:29)
	at org.gradle.launcher.exec.BuildTreeScopeLifecycleBuildActionExecuter.lambda$execute$0(BuildTreeScopeLifecycleBuildActionExecuter.java:33)
	at org.gradle.internal.buildtree.BuildTreeState.run(BuildTreeState.java:49)
	at org.gradle.launcher.exec.BuildTreeScopeLifecycleBuildActionExecuter.execute(BuildTreeScopeLifecycleBuildActionExecuter.java:32)
	at org.gradle.launcher.exec.BuildTreeScopeLifecycleBuildActionExecuter.execute(BuildTreeScopeLifecycleBuildActionExecuter.java:27)
	at org.gradle.tooling.internal.provider.ContinuousBuildActionExecuter.execute(ContinuousBuildActionExecuter.java:104)
	at org.gradle.tooling.internal.provider.ContinuousBuildActionExecuter.execute(ContinuousBuildActionExecuter.java:55)
	at org.gradle.tooling.internal.provider.SubscribableBuildActionExecuter.execute(SubscribableBuildActionExecuter.java:64)
	at org.gradle.tooling.internal.provider.SubscribableBuildActionExecuter.execute(SubscribableBuildActionExecuter.java:37)
	at org.gradle.tooling.internal.provider.SessionScopeLifecycleBuildActionExecuter.lambda$execute$0(SessionScopeLifecycleBuildActionExecuter.java:54)
	at org.gradle.internal.session.BuildSessionState.run(BuildSessionState.java:67)
	at org.gradle.tooling.internal.provider.SessionScopeLifecycleBuildActionExecuter.execute(SessionScopeLifecycleBuildActionExecuter.java:50)
	at org.gradle.tooling.internal.provider.SessionScopeLifecycleBuildActionExecuter.execute(SessionScopeLifecycleBuildActionExecuter.java:36)
	at org.gradle.tooling.internal.provider.GradleThreadBuildActionExecuter.execute(GradleThreadBuildActionExecuter.java:36)
	at org.gradle.tooling.internal.provider.GradleThreadBuildActionExecuter.execute(GradleThreadBuildActionExecuter.java:25)
	at org.gradle.tooling.internal.provider.StartParamsValidatingActionExecuter.execute(StartParamsValidatingActionExecuter.java:59)
	at org.gradle.tooling.internal.provider.StartParamsValidatingActionExecuter.execute(StartParamsValidatingActionExecuter.java:31)
	at org.gradle.tooling.internal.provider.SessionFailureReportingActionExecuter.execute(SessionFailureReportingActionExecuter.java:55)
	at org.gradle.tooling.internal.provider.SessionFailureReportingActionExecuter.execute(SessionFailureReportingActionExecuter.java:41)
	at org.gradle.tooling.internal.provider.SetupLoggingActionExecuter.execute(SetupLoggingActionExecuter.java:47)
	at org.gradle.tooling.internal.provider.SetupLoggingActionExecuter.execute(SetupLoggingActionExecuter.java:31)
	at org.gradle.launcher.cli.RunBuildAction.run(RunBuildAction.java:57)
	at org.gradle.internal.Actions$RunnableActionAdapter.execute(Actions.java:212)
	at org.gradle.launcher.cli.DefaultCommandLineActionFactory$ParseAndBuildAction.execute(DefaultCommandLineActionFactory.java:275)
	at org.gradle.launcher.cli.DefaultCommandLineActionFactory$ParseAndBuildAction.execute(DefaultCommandLineActionFactory.java:247)
	at org.gradle.launcher.cli.DebugLoggerWarningAction.execute(DebugLoggerWarningAction.java:82)
	at org.gradle.launcher.cli.DebugLoggerWarningAction.execute(DebugLoggerWarningAction.java:30)
	at org.gradle.launcher.cli.WelcomeMessageAction.execute(WelcomeMessageAction.java:92)
	at org.gradle.launcher.cli.WelcomeMessageAction.execute(WelcomeMessageAction.java:38)
	at org.gradle.launcher.cli.NativeServicesInitializingAction.execute(NativeServicesInitializingAction.java:44)
	at org.gradle.launcher.cli.NativeServicesInitializingAction.execute(NativeServicesInitializingAction.java:26)
	at org.gradle.launcher.cli.ExceptionReportingAction.execute(ExceptionReportingAction.java:41)
	at org.gradle.launcher.cli.ExceptionReportingAction.execute(ExceptionReportingAction.java:26)
	at org.gradle.launcher.cli.DefaultCommandLineActionFactory$WithLogging.execute(DefaultCommandLineActionFactory.java:240)
	at org.gradle.launcher.Main.doAction(Main.java:35)
	at org.gradle.launcher.bootstrap.EntryPoint.run(EntryPoint.java:50)
	at org.gradle.launcher.bootstrap.ProcessBootstrap.runNoExit(ProcessBootstrap.java:60)
	at org.gradle.launcher.bootstrap.ProcessBootstrap.run(ProcessBootstrap.java:37)
	at org.gradle.launcher.GradleMain.main(GradleMain.java:31)
	at org.gradle.wrapper.BootstrapMainStarter.start(BootstrapMainStarter.java:31)
	at org.gradle.wrapper.WrapperExecutor.execute(WrapperExecutor.java:108)
	at org.gradle.wrapper.GradleWrapperMain.main(GradleWrapperMain.java:61)


* Get more help at https://help.gradle.org

BUILD FAILED in 6s

2021-03-21 01:28:33,533 ERROR ProjectBuildService - Excluded tasks were detected wrong
2021-03-21 01:28:33,534 INFO  SysUtils - Execute command: [/var/folders/bq/vtzpc5ns5sg2cthy61lqpg3dfzgbys/T/1616264743378-0/src/gradlew, -b, /var/folders/bq/vtzpc5ns5sg2cthy61lqpg3dfzgbys/T/1616264743378-0/src/app/build.gradle, -Dorg.gradle.daemon=false, -Dorg.gradle.daemon.performance.enable-monitoring=false, -Dorg.gradle.configureondemand=true, --stacktrace, build]
2021-03-21 01:29:46,203 ERROR SysUtils - Could not process external command
org.apache.commons.exec.ExecuteException: Process exited with an error: 1 (Exit value: 1)
	at org.apache.commons.exec.DefaultExecutor.executeInternal(DefaultExecutor.java:404)
	at org.apache.commons.exec.DefaultExecutor.execute(DefaultExecutor.java:166)
	at com.github.vbauer.apkmaster.util.SysUtils.execute(SysUtils.java:67)
	at com.github.vbauer.apkmaster.util.SysUtils.executeSimple(SysUtils.java:43)
	at com.github.vbauer.apkmaster.service.assembly.ProjectBuildService.buildProject(ProjectBuildService.java:78)
	at com.github.vbauer.apkmaster.service.assembly.ProjectBuildService.buildProject(ProjectBuildService.java:69)
	at com.github.vbauer.apkmaster.service.assembly.ProjectBuildService.buildProject(ProjectBuildService.java:43)
	at com.github.vbauer.apkmaster.service.FullProcessService.build(FullProcessService.java:84)
	at com.github.vbauer.apkmaster.service.FullProcessService.process(FullProcessService.java:34)
	at com.github.vbauer.apkmaster.app.MainApplication.process(MainApplication.java:38)
	at com.github.vbauer.apkmaster.app.MainApplication.main(MainApplication.java:20)
	at sun.reflect.NativeMethodAccessorImpl.invoke0(Native Method)
	at sun.reflect.NativeMethodAccessorImpl.invoke(NativeMethodAccessorImpl.java:62)
	at sun.reflect.DelegatingMethodAccessorImpl.invoke(DelegatingMethodAccessorImpl.java:43)
	at java.lang.reflect.Method.invoke(Method.java:498)
	at com.android.arsenal.util.ReflectionUtils.invoke(ReflectionUtils.java:42)
	at com.android.arsenal.util.ApkMasterUtils.main(ApkMasterUtils.java:30)
	at com.android.arsenal.service.processor.impl.BuildProcessorServiceImpl.buildProject(BuildProcessorServiceImpl.java:197)
	at com.android.arsenal.service.processor.impl.BuildProcessorServiceImpl.build(BuildProcessorServiceImpl.java:131)
	at com.android.arsenal.service.processor.impl.BuildProcessorServiceImpl.lambda$createTasks$1(BuildProcessorServiceImpl.java:114)
	at java.util.concurrent.FutureTask.run(FutureTask.java:266)
	at java.util.concurrent.Executors$RunnableAdapter.call(Executors.java:511)
	at java.util.concurrent.FutureTask.run(FutureTask.java:266)
	at java.util.concurrent.ThreadPoolExecutor.runWorker(ThreadPoolExecutor.java:1149)
	at java.util.concurrent.ThreadPoolExecutor$Worker.run(ThreadPoolExecutor.java:624)
	at java.lang.Thread.run(Thread.java:748)
2021-03-21 01:29:46,205 INFO  SysUtils - Configuration on demand is an incubating feature.
> Task :app:preBuild UP-TO-DATE
> Task :app:preDebugBuild UP-TO-DATE
> Task :textarc:preBuild UP-TO-DATE
> Task :textarc:preDebugBuild UP-TO-DATE
> Task :textarc:compileDebugAidl NO-SOURCE
> Task :app:compileDebugAidl NO-SOURCE
> Task :textarc:packageDebugRenderscript NO-SOURCE
> Task :app:compileDebugRenderscript NO-SOURCE
> Task :app:generateDebugBuildConfig
> Task :app:generateDebugResValues
> Task :app:generateDebugResources
> Task :app:javaPreCompileDebug
> Task :textarc:writeDebugAarMetadata
> Task :textarc:compileDebugRenderscript NO-SOURCE
> Task :textarc:generateDebugResValues
> Task :textarc:generateDebugResources
> Task :textarc:packageDebugResources
> Task :app:checkDebugAarMetadata
> Task :app:createDebugCompatibleScreenManifests
> Task :app:extractDeepLinksDebug
> Task :textarc:extractDeepLinksDebug
> Task :textarc:processDebugManifest
> Task :app:mergeDebugResources
> Task :textarc:compileDebugLibraryResources

> Task :app:processDebugMainManifest
/private/var/folders/bq/vtzpc5ns5sg2cthy61lqpg3dfzgbys/T/1616264743378-0/src/app/src/main/AndroidManifest.xml Warning:
	Package name 'com.a_lab.textarc' used in: AndroidManifest.xml, :textarc.

> Task :app:processDebugManifest
> Task :textarc:generateDebugBuildConfig
> Task :app:mergeDebugNativeDebugMetadata NO-SOURCE
> Task :textarc:javaPreCompileDebug
> Task :app:mergeDebugShaders
> Task :app:compileDebugShaders NO-SOURCE
> Task :app:generateDebugAssets UP-TO-DATE
> Task :textarc:mergeDebugShaders
> Task :textarc:compileDebugShaders NO-SOURCE
> Task :textarc:generateDebugAssets UP-TO-DATE
> Task :textarc:packageDebugAssets
> Task :app:mergeDebugAssets
> Task :textarc:parseDebugLocalResources
> Task :app:compressDebugAssets
> Task :app:processDebugJavaRes NO-SOURCE
> Task :textarc:processDebugJavaRes NO-SOURCE
> Task :textarc:bundleLibResDebug NO-SOURCE
> Task :textarc:generateDebugRFile
> Task :app:checkDebugDuplicateClasses
> Task :app:mergeDebugJavaResource
> Task :app:desugarDebugFileDependencies
> Task :app:mergeDebugJniLibFolders
> Task :textarc:mergeDebugJniLibFolders
> Task :textarc:mergeDebugNativeLibs NO-SOURCE
> Task :textarc:stripDebugDebugSymbols NO-SOURCE
> Task :textarc:copyDebugJniLibsProjectOnly
> Task :app:validateSigningDebug
> Task :app:writeDebugAppMetadata
> Task :app:writeDebugSigningConfigVersions
> Task :app:preReleaseBuild UP-TO-DATE
> Task :textarc:preReleaseBuild UP-TO-DATE
> Task :textarc:compileReleaseAidl NO-SOURCE
> Task :app:compileReleaseAidl NO-SOURCE
> Task :textarc:packageReleaseRenderscript NO-SOURCE
> Task :app:compileReleaseRenderscript NO-SOURCE
> Task :app:generateReleaseBuildConfig
> Task :app:javaPreCompileRelease
> Task :app:processDebugManifestForPackage
> Task :app:writeReleaseApplicationId
> Task :app:analyticsRecordingRelease
> Task :textarc:writeReleaseAarMetadata
> Task :app:generateReleaseResValues
> Task :app:generateReleaseResources
> Task :textarc:compileReleaseRenderscript NO-SOURCE
> Task :textarc:generateReleaseResValues
> Task :textarc:generateReleaseResources
> Task :textarc:packageReleaseResources
> Task :app:mergeExtDexDebug
> Task :app:mergeReleaseResources
> Task :textarc:compileDebugJavaWithJavac
> Task :textarc:bundleLibRuntimeToJarDebug
> Task :textarc:bundleLibCompileToJarDebug
> Task :app:createReleaseCompatibleScreenManifests
> Task :app:extractDeepLinksRelease
> Task :textarc:extractDeepLinksRelease
> Task :app:checkReleaseAarMetadata
> Task :textarc:compileReleaseLibraryResources
> Task :textarc:parseReleaseLocalResources
> Task :textarc:processReleaseManifest
> Task :textarc:generateReleaseBuildConfig

> Task :app:processReleaseMainManifest
/private/var/folders/bq/vtzpc5ns5sg2cthy61lqpg3dfzgbys/T/1616264743378-0/src/app/src/main/AndroidManifest.xml Warning:
	Package name 'com.a_lab.textarc' used in: AndroidManifest.xml, :textarc.

> Task :app:processReleaseManifest
> Task :textarc:javaPreCompileRelease
> Task :app:mergeDebugNativeLibs
> Task :app:stripDebugDebugSymbols NO-SOURCE
> Task :textarc:prepareLintJarForPublish
> Task :app:mergeReleaseJniLibFolders
> Task :textarc:processReleaseJavaRes NO-SOURCE
> Task :textarc:bundleLibResRelease NO-SOURCE
> Task :textarc:mergeReleaseJniLibFolders
> Task :textarc:mergeReleaseNativeLibs NO-SOURCE
> Task :textarc:stripReleaseDebugSymbols NO-SOURCE
> Task :textarc:copyReleaseJniLibsProjectOnly
> Task :app:processReleaseManifestForPackage
> Task :app:mergeReleaseShaders
> Task :app:compileReleaseShaders NO-SOURCE
> Task :textarc:generateReleaseRFile
> Task :app:mergeLibDexDebug
> Task :textarc:compileReleaseJavaWithJavac
> Task :app:generateReleaseAssets UP-TO-DATE
> Task :textarc:bundleLibCompileToJarRelease
> Task :textarc:mergeReleaseShaders
> Task :textarc:compileReleaseShaders NO-SOURCE
> Task :textarc:generateReleaseAssets UP-TO-DATE
> Task :textarc:packageReleaseAssets
> Task :app:mergeReleaseAssets
> Task :app:compressReleaseAssets
> Task :app:processDebugResources
> Task :app:processReleaseResources
> Task :app:compileDebugJavaWithJavac
> Task :app:compileDebugSources
> Task :app:dexBuilderDebug
> Task :textarc:bundleLibRuntimeToJarRelease
> Task :app:desugarReleaseFileDependencies
> Task :app:processReleaseJavaRes NO-SOURCE
> Task :app:checkReleaseDuplicateClasses
> Task :app:mergeProjectDexDebug
> Task :app:compileReleaseJavaWithJavac
> Task :app:compileReleaseSources
> Task :app:lintVitalRelease SKIPPED
> Task :app:mergeReleaseJavaResource
> Task :app:dexBuilderRelease
> Task :app:collectReleaseDependencies
> Task :app:sdkReleaseDependencyData
> Task :app:writeReleaseAppMetadata
> Task :app:writeReleaseSigningConfigVersions
> Task :app:mergeExtDexRelease
> Task :app:packageDebug
> Task :app:optimizeReleaseResources
> Task :app:lint
Ran lint on variant debug: 10 issues found
Ran lint on variant release: 8 issues found
Wrote HTML report to file:///private/var/folders/bq/vtzpc5ns5sg2cthy61lqpg3dfzgbys/T/1616264743378-0/src/app/build/reports/lint-results.html
Wrote XML report to file:///private/var/folders/bq/vtzpc5ns5sg2cthy61lqpg3dfzgbys/T/1616264743378-0/src/app/build/reports/lint-results.xml

> Task :app:assembleDebug
> Task :app:preDebugUnitTestBuild UP-TO-DATE
> Task :app:processDebugUnitTestJavaRes NO-SOURCE
> Task :app:javaPreCompileDebugUnitTest
> Task :app:preReleaseUnitTestBuild UP-TO-DATE
> Task :app:javaPreCompileReleaseUnitTest
> Task :app:processReleaseUnitTestJavaRes NO-SOURCE
> Task :app:bundleDebugClasses
> Task :app:bundleReleaseClasses
> Task :app:mergeReleaseNativeLibs

> Task :app:mergeDexRelease FAILED
/private/var/folders/bq/vtzpc5ns5sg2cthy61lqpg3dfzgbys/T/1616264743378-0/src/app/build/intermediates/project_dex_archive/release/out/com/a_lab/textarc/BuildConfig.dex: D8: Type com.a_lab.textarc.BuildConfig is defined multiple times: /private/var/folders/bq/vtzpc5ns5sg2cthy61lqpg3dfzgbys/T/1616264743378-0/src/app/build/intermediates/project_dex_archive/release/out/com/a_lab/textarc/BuildConfig.dex, /private/var/folders/bq/vtzpc5ns5sg2cthy61lqpg3dfzgbys/T/1616264743378-0/src/textarc/build/.transforms/57e27b1c32f87fc426f8bd80a45c11be/classes/classes.dex
com.android.builder.dexing.DexArchiveMergerException: Error while merging dex archives: 
Type com.a_lab.textarc.BuildConfig is defined multiple times: /private/var/folders/bq/vtzpc5ns5sg2cthy61lqpg3dfzgbys/T/1616264743378-0/src/app/build/intermediates/project_dex_archive/release/out/com/a_lab/textarc/BuildConfig.dex, /private/var/folders/bq/vtzpc5ns5sg2cthy61lqpg3dfzgbys/T/1616264743378-0/src/textarc/build/.transforms/57e27b1c32f87fc426f8bd80a45c11be/classes/classes.dex
Learn how to resolve the issue at https://developer.android.com/studio/build/dependencies#duplicate_classes.
	at com.android.builder.dexing.D8DexArchiveMerger.getExceptionToRethrow(D8DexArchiveMerger.java:128)
	at com.android.builder.dexing.D8DexArchiveMerger.mergeDexArchives(D8DexArchiveMerger.java:115)
	at com.android.build.gradle.internal.transforms.DexMergerTransformCallable.call(DexMergerTransformCallable.java:111)
	at com.android.build.gradle.internal.tasks.DexMergingWorkAction.merge(DexMergingTask.kt:805)
	at com.android.build.gradle.internal.tasks.DexMergingWorkAction.run(DexMergingTask.kt:760)
	at com.android.build.gradle.internal.profile.ProfileAwareWorkAction.execute(ProfileAwareWorkAction.kt:74)
	at org.gradle.workers.internal.DefaultWorkerServer.execute(DefaultWorkerServer.java:63)
	at org.gradle.workers.internal.NoIsolationWorkerFactory$1$1.create(NoIsolationWorkerFactory.java:67)
	at org.gradle.workers.internal.NoIsolationWorkerFactory$1$1.create(NoIsolationWorkerFactory.java:63)
	at org.gradle.internal.classloader.ClassLoaderUtils.executeInClassloader(ClassLoaderUtils.java:97)
	at org.gradle.workers.internal.NoIsolationWorkerFactory$1.lambda$execute$0(NoIsolationWorkerFactory.java:63)
	at org.gradle.workers.internal.AbstractWorker$1.call(AbstractWorker.java:44)
	at org.gradle.workers.internal.AbstractWorker$1.call(AbstractWorker.java:41)
	at org.gradle.internal.operations.DefaultBuildOperationRunner$CallableBuildOperationWorker.execute(DefaultBuildOperationRunner.java:200)
	at org.gradle.internal.operations.DefaultBuildOperationRunner$CallableBuildOperationWorker.execute(DefaultBuildOperationRunner.java:195)
	at org.gradle.internal.operations.DefaultBuildOperationRunner$3.execute(DefaultBuildOperationRunner.java:75)
	at org.gradle.internal.operations.DefaultBuildOperationRunner$3.execute(DefaultBuildOperationRunner.java:68)
	at org.gradle.internal.operations.DefaultBuildOperationRunner.execute(DefaultBuildOperationRunner.java:153)
	at org.gradle.internal.operations.DefaultBuildOperationRunner.execute(DefaultBuildOperationRunner.java:68)
	at org.gradle.internal.operations.DefaultBuildOperationRunner.call(DefaultBuildOperationRunner.java:62)
	at org.gradle.internal.operations.DefaultBuildOperationExecutor.lambda$call$2(DefaultBuildOperationExecutor.java:76)
	at org.gradle.internal.operations.UnmanagedBuildOperationWrapper.callWithUnmanagedSupport(UnmanagedBuildOperationWrapper.java:54)
	at org.gradle.internal.operations.DefaultBuildOperationExecutor.call(DefaultBuildOperationExecutor.java:76)
	at org.gradle.workers.internal.AbstractWorker.executeWrappedInBuildOperation(AbstractWorker.java:41)
	at org.gradle.workers.internal.NoIsolationWorkerFactory$1.execute(NoIsolationWorkerFactory.java:60)
	at org.gradle.workers.internal.DefaultWorkerExecutor.lambda$submitWork$2(DefaultWorkerExecutor.java:200)
	at java.util.concurrent.FutureTask.run(FutureTask.java:266)
	at org.gradle.internal.work.DefaultConditionalExecutionQueue$ExecutionRunner.runExecution(DefaultConditionalExecutionQueue.java:215)
	at org.gradle.internal.work.DefaultConditionalExecutionQueue$ExecutionRunner.runBatch(DefaultConditionalExecutionQueue.java:164)
	at org.gradle.internal.work.DefaultConditionalExecutionQueue$ExecutionRunner.run(DefaultConditionalExecutionQueue.java:131)
	at java.util.concurrent.Executors$RunnableAdapter.call(Executors.java:511)
	at java.util.concurrent.FutureTask.run(FutureTask.java:266)
	at org.gradle.internal.concurrent.ExecutorPolicy$CatchAndRecordFailures.onExecute(ExecutorPolicy.java:64)
	at org.gradle.internal.concurrent.ManagedExecutorImpl$1.run(ManagedExecutorImpl.java:48)
	at java.util.concurrent.ThreadPoolExecutor.runWorker(ThreadPoolExecutor.java:1149)
	at java.util.concurrent.ThreadPoolExecutor$Worker.run(ThreadPoolExecutor.java:624)
	at org.gradle.internal.concurrent.ThreadFactoryImpl$ManagedThreadRunnable.run(ThreadFactoryImpl.java:56)
	at java.lang.Thread.run(Thread.java:748)
Caused by: com.android.tools.r8.CompilationFailedException: Compilation failed to complete, origin: /private/var/folders/bq/vtzpc5ns5sg2cthy61lqpg3dfzgbys/T/1616264743378-0/src/app/build/intermediates/project_dex_archive/release/out/com/a_lab/textarc/BuildConfig.dex
	at Version.fakeStackEntry(Version_2.2.45.java:0)
	at com.android.tools.r8.utils.a0.a(SourceFile:89)
	at com.android.tools.r8.D8.run(D8.java:11)
	at com.android.builder.dexing.D8DexArchiveMerger.mergeDexArchives(D8DexArchiveMerger.java:113)
	... 36 more
Caused by: com.android.tools.r8.utils.b: Type com.a_lab.textarc.BuildConfig is defined multiple times: /private/var/folders/bq/vtzpc5ns5sg2cthy61lqpg3dfzgbys/T/1616264743378-0/src/app/build/intermediates/project_dex_archive/release/out/com/a_lab/textarc/BuildConfig.dex, /private/var/folders/bq/vtzpc5ns5sg2cthy61lqpg3dfzgbys/T/1616264743378-0/src/textarc/build/.transforms/57e27b1c32f87fc426f8bd80a45c11be/classes/classes.dex
	at com.android.tools.r8.utils.V0.a(SourceFile:22)
	at com.android.tools.r8.utils.V0.a(SourceFile:25)
	at com.android.tools.r8.utils.T0.b(SourceFile:6)
	at com.android.tools.r8.utils.T0.a(SourceFile:24)
	at com.android.tools.r8.utils.T0.a(SourceFile:10)
	at java.util.concurrent.ConcurrentHashMap.merge(ConcurrentHashMap.java:1990)
	at com.android.tools.r8.utils.T0.a(SourceFile:6)
	at com.android.tools.r8.graph.i1$c.e(SourceFile:3)
	at com.android.tools.r8.dex.a.a(SourceFile:336)
	at com.android.tools.r8.dex.a.a(SourceFile:265)
	at com.android.tools.r8.D8.a(D8.java:22)
	at com.android.tools.r8.D8.d(D8.java:6)
	at com.android.tools.r8.D8.b(D8.java:1)
	at com.android.tools.r8.utils.a0.a(SourceFile:47)
	... 38 more


> Task :app:compileDebugUnitTestJavaWithJavac

FAILURE: Build failed with an exception.

* What went wrong:
Execution failed for task ':app:mergeDexRelease'.
> A failure occurred while executing com.android.build.gradle.internal.tasks.DexMergingTaskDelegate
   > There was a failure while executing work items
      > A failure occurred while executing com.android.build.gradle.internal.tasks.DexMergingWorkAction
         > com.android.builder.dexing.DexArchiveMergerException: Error while merging dex archives: 
           Type com.a_lab.textarc.BuildConfig is defined multiple times: /private/var/folders/bq/vtzpc5ns5sg2cthy61lqpg3dfzgbys/T/1616264743378-0/src/app/build/intermediates/project_dex_archive/release/out/com/a_lab/textarc/BuildConfig.dex, /private/var/folders/bq/vtzpc5ns5sg2cthy61lqpg3dfzgbys/T/1616264743378-0/src/textarc/build/.transforms/57e27b1c32f87fc426f8bd80a45c11be/classes/classes.dex
           Learn how to resolve the issue at https://developer.android.com/studio/build/dependencies#duplicate_classes.

* Try:
Run with --info or --debug option to get more log output. Run with --scan to get full insights.

* Exception is:
org.gradle.api.tasks.TaskExecutionException: Execution failed for task ':app:mergeDexRelease'.
	at org.gradle.api.internal.tasks.execution.ExecuteActionsTaskExecuter.lambda$executeIfValid$1(ExecuteActionsTaskExecuter.java:200)
	at org.gradle.internal.Try$Failure.ifSuccessfulOrElse(Try.java:263)
	at org.gradle.api.internal.tasks.execution.ExecuteActionsTaskExecuter.executeIfValid(ExecuteActionsTaskExecuter.java:198)
	at org.gradle.api.internal.tasks.execution.ExecuteActionsTaskExecuter.execute(ExecuteActionsTaskExecuter.java:179)
	at org.gradle.api.internal.tasks.execution.CleanupStaleOutputsExecuter.execute(CleanupStaleOutputsExecuter.java:109)
	at org.gradle.api.internal.tasks.execution.FinalizePropertiesTaskExecuter.execute(FinalizePropertiesTaskExecuter.java:46)
	at org.gradle.api.internal.tasks.execution.ResolveTaskExecutionModeExecuter.execute(ResolveTaskExecutionModeExecuter.java:62)
	at org.gradle.api.internal.tasks.execution.SkipTaskWithNoActionsExecuter.execute(SkipTaskWithNoActionsExecuter.java:57)
	at org.gradle.api.internal.tasks.execution.SkipOnlyIfTaskExecuter.execute(SkipOnlyIfTaskExecuter.java:56)
	at org.gradle.api.internal.tasks.execution.CatchExceptionTaskExecuter.execute(CatchExceptionTaskExecuter.java:36)
	at org.gradle.api.internal.tasks.execution.EventFiringTaskExecuter$1.executeTask(EventFiringTaskExecuter.java:77)
	at org.gradle.api.internal.tasks.execution.EventFiringTaskExecuter$1.call(EventFiringTaskExecuter.java:55)
	at org.gradle.api.internal.tasks.execution.EventFiringTaskExecuter$1.call(EventFiringTaskExecuter.java:52)
	at org.gradle.internal.operations.DefaultBuildOperationRunner$CallableBuildOperationWorker.execute(DefaultBuildOperationRunner.java:200)
	at org.gradle.internal.operations.DefaultBuildOperationRunner$CallableBuildOperationWorker.execute(DefaultBuildOperationRunner.java:195)
	at org.gradle.internal.operations.DefaultBuildOperationRunner$3.execute(DefaultBuildOperationRunner.java:75)
	at org.gradle.internal.operations.DefaultBuildOperationRunner$3.execute(DefaultBuildOperationRunner.java:68)
	at org.gradle.internal.operations.DefaultBuildOperationRunner.execute(DefaultBuildOperationRunner.java:153)
	at org.gradle.internal.operations.DefaultBuildOperationRunner.execute(DefaultBuildOperationRunner.java:68)
	at org.gradle.internal.operations.DefaultBuildOperationRunner.call(DefaultBuildOperationRunner.java:62)
	at org.gradle.internal.operations.DefaultBuildOperationExecutor.lambda$call$2(DefaultBuildOperationExecutor.java:76)
	at org.gradle.internal.operations.UnmanagedBuildOperationWrapper.callWithUnmanagedSupport(UnmanagedBuildOperationWrapper.java:54)
	at org.gradle.internal.operations.DefaultBuildOperationExecutor.call(DefaultBuildOperationExecutor.java:76)
	at org.gradle.api.internal.tasks.execution.EventFiringTaskExecuter.execute(EventFiringTaskExecuter.java:52)
	at org.gradle.execution.plan.LocalTaskNodeExecutor.execute(LocalTaskNodeExecutor.java:41)
	at org.gradle.execution.taskgraph.DefaultTaskExecutionGraph$InvokeNodeExecutorsAction.execute(DefaultTaskExecutionGraph.java:372)
	at org.gradle.execution.taskgraph.DefaultTaskExecutionGraph$InvokeNodeExecutorsAction.execute(DefaultTaskExecutionGraph.java:359)
	at org.gradle.execution.taskgraph.DefaultTaskExecutionGraph$BuildOperationAwareExecutionAction.execute(DefaultTaskExecutionGraph.java:352)
	at org.gradle.execution.taskgraph.DefaultTaskExecutionGraph$BuildOperationAwareExecutionAction.execute(DefaultTaskExecutionGraph.java:338)
	at org.gradle.execution.plan.DefaultPlanExecutor$ExecutorWorker.lambda$run$0(DefaultPlanExecutor.java:127)
	at org.gradle.execution.plan.DefaultPlanExecutor$ExecutorWorker.execute(DefaultPlanExecutor.java:191)
	at org.gradle.execution.plan.DefaultPlanExecutor$ExecutorWorker.executeNextNode(DefaultPlanExecutor.java:182)
	at org.gradle.execution.plan.DefaultPlanExecutor$ExecutorWorker.run(DefaultPlanExecutor.java:124)
	at org.gradle.internal.concurrent.ExecutorPolicy$CatchAndRecordFailures.onExecute(ExecutorPolicy.java:64)
	at org.gradle.internal.concurrent.ManagedExecutorImpl$1.run(ManagedExecutorImpl.java:48)
	at org.gradle.internal.concurrent.ThreadFactoryImpl$ManagedThreadRunnable.run(ThreadFactoryImpl.java:56)
Caused by: org.gradle.workers.internal.DefaultWorkerExecutor$WorkExecutionException: A failure occurred while executing com.android.build.gradle.internal.tasks.DexMergingTaskDelegate
	at org.gradle.workers.internal.DefaultWorkerExecutor.lambda$submitWork$2(DefaultWorkerExecutor.java:202)
	at org.gradle.internal.work.DefaultConditionalExecutionQueue$ExecutionRunner.runExecution(DefaultConditionalExecutionQueue.java:215)
	at org.gradle.internal.work.DefaultConditionalExecutionQueue$ExecutionRunner.runBatch(DefaultConditionalExecutionQueue.java:164)
	at org.gradle.internal.work.DefaultConditionalExecutionQueue$ExecutionRunner.run(DefaultConditionalExecutionQueue.java:131)
	at org.gradle.internal.concurrent.ExecutorPolicy$CatchAndRecordFailures.onExecute(ExecutorPolicy.java:64)
	at org.gradle.internal.concurrent.ManagedExecutorImpl$1.run(ManagedExecutorImpl.java:48)
	at org.gradle.internal.concurrent.ThreadFactoryImpl$ManagedThreadRunnable.run(ThreadFactoryImpl.java:56)
Caused by: org.gradle.workers.WorkerExecutionException: There was a failure while executing work items
	at org.gradle.workers.internal.DefaultWorkerExecutor.workerExecutionException(DefaultWorkerExecutor.java:264)
	at org.gradle.workers.internal.DefaultWorkerExecutor.await(DefaultWorkerExecutor.java:246)
	at org.gradle.workers.internal.NoIsolationWorkerFactory$1.lambda$execute$0(NoIsolationWorkerFactory.java:73)
	at org.gradle.workers.internal.AbstractWorker$1.call(AbstractWorker.java:44)
	at org.gradle.workers.internal.AbstractWorker$1.call(AbstractWorker.java:41)
	at org.gradle.internal.operations.DefaultBuildOperationRunner$CallableBuildOperationWorker.execute(DefaultBuildOperationRunner.java:200)
	at org.gradle.internal.operations.DefaultBuildOperationRunner$CallableBuildOperationWorker.execute(DefaultBuildOperationRunner.java:195)
	at org.gradle.internal.operations.DefaultBuildOperationRunner$3.execute(DefaultBuildOperationRunner.java:75)
	at org.gradle.internal.operations.DefaultBuildOperationRunner$3.execute(DefaultBuildOperationRunner.java:68)
	at org.gradle.internal.operations.DefaultBuildOperationRunner.execute(DefaultBuildOperationRunner.java:153)
	at org.gradle.internal.operations.DefaultBuildOperationRunner.execute(DefaultBuildOperationRunner.java:68)
	at org.gradle.internal.operations.DefaultBuildOperationRunner.call(DefaultBuildOperationRunner.java:62)
	at org.gradle.internal.operations.DefaultBuildOperationExecutor.lambda$call$2(DefaultBuildOperationExecutor.java:76)
	at org.gradle.internal.operations.UnmanagedBuildOperationWrapper.callWithUnmanagedSupport(UnmanagedBuildOperationWrapper.java:54)
	at org.gradle.internal.operations.DefaultBuildOperationExecutor.call(DefaultBuildOperationExecutor.java:76)
	at org.gradle.workers.internal.AbstractWorker.executeWrappedInBuildOperation(AbstractWorker.java:41)
	at org.gradle.workers.internal.NoIsolationWorkerFactory$1.execute(NoIsolationWorkerFactory.java:60)
	at org.gradle.workers.internal.DefaultWorkerExecutor.lambda$submitWork$2(DefaultWorkerExecutor.java:200)
	... 6 more
Caused by: org.gradle.workers.internal.DefaultWorkerExecutor$WorkExecutionException: A failure occurred while executing com.android.build.gradle.internal.tasks.DexMergingWorkAction
	at org.gradle.workers.internal.DefaultWorkerExecutor$WorkItemExecution.waitForCompletion(DefaultWorkerExecutor.java:336)
	at org.gradle.internal.work.DefaultAsyncWorkTracker.waitForItemsAndGatherFailures(DefaultAsyncWorkTracker.java:142)
	at org.gradle.internal.work.DefaultAsyncWorkTracker.waitForItemsAndGatherFailures(DefaultAsyncWorkTracker.java:90)
	at org.gradle.internal.work.DefaultAsyncWorkTracker.waitForAll(DefaultAsyncWorkTracker.java:80)
	at org.gradle.internal.work.DefaultAsyncWorkTracker.waitForCompletion(DefaultAsyncWorkTracker.java:68)
	at org.gradle.workers.internal.DefaultWorkerExecutor.await(DefaultWorkerExecutor.java:244)
	... 22 more
Caused by: com.android.build.api.transform.TransformException: com.android.builder.dexing.DexArchiveMergerException: Error while merging dex archives: 
Type com.a_lab.textarc.BuildConfig is defined multiple times: /private/var/folders/bq/vtzpc5ns5sg2cthy61lqpg3dfzgbys/T/1616264743378-0/src/app/build/intermediates/project_dex_archive/release/out/com/a_lab/textarc/BuildConfig.dex, /private/var/folders/bq/vtzpc5ns5sg2cthy61lqpg3dfzgbys/T/1616264743378-0/src/textarc/build/.transforms/57e27b1c32f87fc426f8bd80a45c11be/classes/classes.dex
Learn how to resolve the issue at https://developer.android.com/studio/build/dependencies#duplicate_classes.
	at com.android.build.gradle.internal.tasks.DexMergingWorkAction.merge(DexMergingTask.kt:810)
	at com.android.build.gradle.internal.tasks.DexMergingWorkAction.run(DexMergingTask.kt:760)
	at com.android.build.gradle.internal.profile.ProfileAwareWorkAction.execute(ProfileAwareWorkAction.kt:74)
	at org.gradle.workers.internal.DefaultWorkerServer.execute(DefaultWorkerServer.java:63)
	at org.gradle.workers.internal.NoIsolationWorkerFactory$1$1.create(NoIsolationWorkerFactory.java:67)
	at org.gradle.workers.internal.NoIsolationWorkerFactory$1$1.create(NoIsolationWorkerFactory.java:63)
	at org.gradle.internal.classloader.ClassLoaderUtils.executeInClassloader(ClassLoaderUtils.java:97)
	at org.gradle.workers.internal.NoIsolationWorkerFactory$1.lambda$execute$0(NoIsolationWorkerFactory.java:63)
	... 21 more
Caused by: com.android.builder.dexing.DexArchiveMergerException: Error while merging dex archives: 
Type com.a_lab.textarc.BuildConfig is defined multiple times: /private/var/folders/bq/vtzpc5ns5sg2cthy61lqpg3dfzgbys/T/1616264743378-0/src/app/build/intermediates/project_dex_archive/release/out/com/a_lab/textarc/BuildConfig.dex, /private/var/folders/bq/vtzpc5ns5sg2cthy61lqpg3dfzgbys/T/1616264743378-0/src/textarc/build/.transforms/57e27b1c32f87fc426f8bd80a45c11be/classes/classes.dex
Learn how to resolve the issue at https://developer.android.com/studio/build/dependencies#duplicate_classes.
	at com.android.builder.dexing.D8DexArchiveMerger.getExceptionToRethrow(D8DexArchiveMerger.java:128)
	at com.android.builder.dexing.D8DexArchiveMerger.mergeDexArchives(D8DexArchiveMerger.java:115)
	at com.android.build.gradle.internal.transforms.DexMergerTransformCallable.call(DexMergerTransformCallable.java:111)
	at com.android.build.gradle.internal.tasks.DexMergingWorkAction.merge(DexMergingTask.kt:805)
	... 28 more
Caused by: com.android.tools.r8.CompilationFailedException: Compilation failed to complete, origin: /private/var/folders/bq/vtzpc5ns5sg2cthy61lqpg3dfzgbys/T/1616264743378-0/src/app/build/intermediates/project_dex_archive/release/out/com/a_lab/textarc/BuildConfig.dex
	at Version.fakeStackEntry(Version_2.2.45.java:0)
	at com.android.tools.r8.utils.a0.a(SourceFile:89)
	at com.android.tools.r8.D8.run(D8.java:11)
	at com.android.builder.dexing.D8DexArchiveMerger.mergeDexArchives(D8DexArchiveMerger.java:113)
	... 30 more
Caused by: com.android.tools.r8.utils.b: Type com.a_lab.textarc.BuildConfig is defined multiple times: /private/var/folders/bq/vtzpc5ns5sg2cthy61lqpg3dfzgbys/T/1616264743378-0/src/app/build/intermediates/project_dex_archive/release/out/com/a_lab/textarc/BuildConfig.dex, /private/var/folders/bq/vtzpc5ns5sg2cthy61lqpg3dfzgbys/T/1616264743378-0/src/textarc/build/.transforms/57e27b1c32f87fc426f8bd80a45c11be/classes/classes.dex
	at com.android.tools.r8.utils.V0.a(SourceFile:22)
	at com.android.tools.r8.utils.V0.a(SourceFile:25)
	at com.android.tools.r8.utils.T0.b(SourceFile:6)
	at com.android.tools.r8.utils.T0.a(SourceFile:24)
	at com.android.tools.r8.utils.T0.a(SourceFile:10)
	at com.android.tools.r8.utils.T0.a(SourceFile:6)
	at com.android.tools.r8.graph.i1$c.e(SourceFile:3)
	at com.android.tools.r8.dex.a.a(SourceFile:336)
	at com.android.tools.r8.dex.a.a(SourceFile:265)
	at com.android.tools.r8.D8.a(D8.java:22)
	at com.android.tools.r8.D8.d(D8.java:6)
	at com.android.tools.r8.D8.b(D8.java:1)
	at com.android.tools.r8.utils.a0.a(SourceFile:47)
	... 32 more


* Get more help at https://help.gradle.org

BUILD FAILED in 1m 11s
99 actionable tasks: 99 executed

2021-03-21 01:29:46,261 INFO  FullProcessService - Found APK file: /var/folders/bq/vtzpc5ns5sg2cthy61lqpg3dfzgbys/T/1616264743378-0/src/app/build/outputs/apk/debug/app-debug.apk
